ProgramsScreen: compose display 411x915 vs kivy display 411x915
tolerance: ±3.0% of display   (x,w over width; y,h over height)

  PASS  Programs                             compose x= 13.6 y=  2.0 w= 23.1 h= 3.1  |  kivy x= 12.7 y=  0.0 w= 23.4 h= 2.8  |  worst Δ  2.0%
  MISS  No programs yet.                     in compose only (kivy never rendered it)
  MISS  Tap + to build your first program.   in compose only (kivy never rendered it)
  XTRA  Active                               in kivy only (not in compose ground truth)
  XTRA  3-Day Full Body — Ground Up          in kivy only (not in compose ground truth)
  XTRA  Ground Up                            in kivy only (not in compose ground truth)
  XTRA  Ground Up                            in kivy only (not in compose ground truth)
  XTRA  Three macrocycles that walk a true   in kivy only (not in compose ground truth)
  XTRA  Join program                         in kivy only (not in compose ground truth)
  XTRA  Join program                         in kivy only (not in compose ground truth)
  XTRA  Join program                         in kivy only (not in compose ground truth)
  XTRA  Join program                         in kivy only (not in compose ground truth)
  XTRA  Join program                         in kivy only (not in compose ground truth)
  XTRA  Join program                         in kivy only (not in compose ground truth)
  XTRA  Join program                         in kivy only (not in compose ground truth)
  XTRA  Join program                         in kivy only (not in compose ground truth)
  XTRA  Join program                         in kivy only (not in compose ground truth)
  XTRA  Join program                         in kivy only (not in compose ground truth)
  XTRA  Join program                         in kivy only (not in compose ground truth)
  XTRA  Join program                         in kivy only (not in compose ground truth)
  XTRA  3-Day Hypertrophy                    in kivy only (not in compose ground truth)
  XTRA  Brain Builders                       in kivy only (not in compose ground truth)
  XTRA  Brain Builders                       in kivy only (not in compose ground truth)
  XTRA  Brain Builders                       in kivy only (not in compose ground truth)
  XTRA  On my own journey                    in kivy only (not in compose ground truth)
  XTRA  On my own journey                    in kivy only (not in compose ground truth)
  XTRA  On my own journey                    in kivy only (not in compose ground truth)
  XTRA  On my own journey                    in kivy only (not in compose ground truth)
  XTRA  On my own journey                    in kivy only (not in compose ground truth)
  XTRA  On my own journey                    in kivy only (not in compose ground truth)
  XTRA  Two macrocycles that build on each   in kivy only (not in compose ground truth)
  XTRA  Two macrocycles that build on each   in kivy only (not in compose ground truth)
  XTRA  Two macrocycles that build on each   in kivy only (not in compose ground truth)
  XTRA  3-Day Strength — Compound Focus      in kivy only (not in compose ground truth)
  XTRA  Bone Builders                        in kivy only (not in compose ground truth)
  XTRA  Bone Builders                        in kivy only (not in compose ground truth)
  XTRA  Stronger After ___                   in kivy only (not in compose ground truth)
  XTRA  Stronger After ___                   in kivy only (not in compose ground truth)
  XTRA  Stronger After ___                   in kivy only (not in compose ground truth)
  XTRA  Two macrocycles that build on each   in kivy only (not in compose ground truth)
  XTRA  Two macrocycles that build on each   in kivy only (not in compose ground truth)
  XTRA  Two macrocycles that build on each   in kivy only (not in compose ground truth)
  XTRA  4-Day Full Body — Movement (A/B)     in kivy only (not in compose ground truth)
  XTRA  Moving Through                       in kivy only (not in compose ground truth)
  XTRA  Moving Through                       in kivy only (not in compose ground truth)
  XTRA  Anxiety Movers                       in kivy only (not in compose ground truth)
  XTRA  Just Show Up                         in kivy only (not in compose ground truth)
  XTRA  Just Show Up                         in kivy only (not in compose ground truth)
  XTRA  A 2-macrocycle movement plan. Cons   in kivy only (not in compose ground truth)
  XTRA  A 2-macrocycle movement plan. Cons   in kivy only (not in compose ground truth)
  XTRA  4-Day Hypertrophy                    in kivy only (not in compose ground truth)
  XTRA  4-Day Strength — Compound Focus      in kivy only (not in compose ground truth)
  XTRA  4-Day Upper/Lower — Ground Up        in kivy only (not in compose ground truth)
  XTRA  Same Ground Up curriculum as the 3   in kivy only (not in compose ground truth)
  XTRA  5-Day Full Body — Daily Movement     in kivy only (not in compose ground truth)
  XTRA  5-Day Hypertrophy                    in kivy only (not in compose ground truth)
  XTRA  5-Day Strength — Compound Focus      in kivy only (not in compose ground truth)
  XTRA  Basic Gym Movements                  in kivy only (not in compose ground truth)
  XTRA  Learn to Listen                      in kivy only (not in compose ground truth)
  XTRA  Learn to Listen                      in kivy only (not in compose ground truth)
  XTRA  The first step in your journey. Le   in kivy only (not in compose ground truth)
  XTRA  RIR Awareness                        in kivy only (not in compose ground truth)
  XTRA  Develop the skill of Reps in Reser   in kivy only (not in compose ground truth)

matched 1/3 compose components; 1 within ±3.0%
LAYOUT FIDELITY: 33%  (1/3)
