ProgramsScreen: compose display 411x915 vs kivy display 411x915
tolerance: ±3.0% of display   (x,w over width; y,h over height)

  PASS  Programs                             compose x= 13.6 y=  2.0 w= 23.1 h= 3.1  |  kivy x= 12.7 y=  0.0 w= 23.4 h= 2.8  |  worst Δ  2.0%
  PASS  Active                               compose x=  3.9 y=  7.9 w= 11.2 h= 1.9  |  kivy x=  3.9 y=  7.9 w=  9.6 h= 1.7  |  worst Δ  1.6%
  PASS  3-Day Full Body — Ground Up          compose x=  7.8 y= 12.1 w= 60.6 h= 2.4  |  kivy x=  7.8 y= 12.0 w= 61.3 h= 2.4  |  worst Δ  0.7%
  PASS  Ground Up                            compose x=  9.7 y= 15.6 w= 13.4 h= 1.3  |  kivy x=  9.7 y= 15.5 w= 13.9 h= 1.2  |  worst Δ  0.6%
  PASS  Three macrocycles that walk a true   compose x=  7.8 y= 18.0 w= 84.4 h=10.6  |  kivy x=  7.8 y= 18.3 w= 84.4 h=10.6  |  worst Δ  0.2%
  PASS  Join program                         compose x= 39.7 y= 31.5 w= 20.7 h= 2.2  |  kivy x= 39.9 y= 31.9 w= 20.2 h= 1.9  |  worst Δ  0.5%
  PASS  3-Day Hypertrophy                    compose x=  7.8 y= 38.9 w= 39.7 h= 2.4  |  kivy x=  7.8 y= 39.1 w= 38.9 h= 2.4  |  worst Δ  0.7%
  PASS  Brain Builders                       compose x=  9.7 y= 42.4 w= 16.3 h= 1.3  |  kivy x=  9.7 y= 42.6 w= 16.8 h= 1.2  |  worst Δ  0.5%
  PASS  On my own journey                    compose x= 30.9 y= 42.4 w= 23.6 h= 1.3  |  kivy x= 31.4 y= 42.6 w= 24.5 h= 1.3  |  worst Δ  0.9%
  PASS  Two macrocycles that build on each   compose x=  7.8 y= 44.8 w= 84.4 h=12.8  |  kivy x=  7.8 y= 45.5 w= 84.4 h=12.8  |  worst Δ  0.7%
  PASS  Join program                         compose x= 39.7 y= 60.4 w= 20.7 h= 2.2  |  kivy x= 39.9 y= 61.3 w= 20.2 h= 1.9  |  worst Δ  0.8%
  PASS  3-Day Strength — Compound Focus      compose x=  7.8 y= 67.9 w= 73.2 h= 2.4  |  kivy x=  7.8 y= 68.5 w= 74.0 h= 2.4  |  worst Δ  0.8%
  PASS  Bone Builders                        compose x=  9.7 y= 71.4 w= 16.3 h= 1.3  |  kivy x=  9.7 y= 72.0 w= 16.9 h= 1.2  |  worst Δ  0.7%
  PASS  Stronger After ___                   compose x= 30.9 y= 71.4 w= 21.4 h= 1.3  |  kivy x= 31.5 y= 72.0 w= 22.6 h= 1.3  |  worst Δ  1.2%
  PASS  On my own journey                    compose x= 57.2 y= 71.4 w= 23.6 h= 1.3  |  kivy x= 59.0 y= 72.0 w= 24.5 h= 1.3  |  worst Δ  1.8%
  PASS  Two macrocycles that build on each   compose x=  7.8 y= 73.8 w= 84.4 h=10.6  |  kivy x=  7.8 y= 74.9 w= 84.4 h=10.6  |  worst Δ  1.1%
  PASS  Join program                         compose x= 39.7 y= 87.2 w= 20.7 h= 2.2  |  kivy x= 39.9 y= 88.5 w= 20.2 h= 1.9  |  worst Δ  1.3%
  PASS  4-Day Full Body — Movement (A/B)     compose x=  7.8 y= 94.6 w= 72.3 h= 2.4  |  kivy x=  7.8 y= 95.7 w= 72.6 h= 2.4  |  worst Δ  1.1%
  PASS  Moving Through                       compose x=  9.7 y= 98.1 w= 20.0 h= 1.3  |  kivy x=  9.7 y= 99.2 w= 20.1 h= 1.3  |  worst Δ  1.1%
  PASS  Anxiety Movers                       compose x= 34.5 y= 98.1 w= 18.5 h= 1.3  |  kivy x= 34.7 y= 99.2 w= 18.8 h= 1.3  |  worst Δ  1.1%
  PASS  Just Show Up                         compose x= 57.9 y= 98.1 w= 17.0 h= 1.3  |  kivy x= 58.4 y= 99.2 w= 17.6 h= 1.2  |  worst Δ  1.1%
  OFF   Stronger After ___                   not visible in EITHER engine
  OFF   A 2-macrocycle movement plan. Cons   not visible in EITHER engine
  OFF   Join program                         not visible in EITHER engine
  XTRA  Ground Up                            in kivy only (not in compose ground truth)
  XTRA  Join program                         in kivy only (not in compose ground truth)
  XTRA  Join program                         in kivy only (not in compose ground truth)
  XTRA  Join program                         in kivy only (not in compose ground truth)
  XTRA  Join program                         in kivy only (not in compose ground truth)
  XTRA  Join program                         in kivy only (not in compose ground truth)
  XTRA  Join program                         in kivy only (not in compose ground truth)
  XTRA  Join program                         in kivy only (not in compose ground truth)
  XTRA  Join program                         in kivy only (not in compose ground truth)
  XTRA  Brain Builders                       in kivy only (not in compose ground truth)
  XTRA  Brain Builders                       in kivy only (not in compose ground truth)
  XTRA  On my own journey                    in kivy only (not in compose ground truth)
  XTRA  On my own journey                    in kivy only (not in compose ground truth)
  XTRA  On my own journey                    in kivy only (not in compose ground truth)
  XTRA  On my own journey                    in kivy only (not in compose ground truth)
  XTRA  Two macrocycles that build on each   in kivy only (not in compose ground truth)
  XTRA  Two macrocycles that build on each   in kivy only (not in compose ground truth)
  XTRA  Bone Builders                        in kivy only (not in compose ground truth)
  XTRA  Stronger After ___                   in kivy only (not in compose ground truth)
  XTRA  Two macrocycles that build on each   in kivy only (not in compose ground truth)
  XTRA  Two macrocycles that build on each   in kivy only (not in compose ground truth)
  XTRA  Moving Through                       in kivy only (not in compose ground truth)
  XTRA  Just Show Up                         in kivy only (not in compose ground truth)
  XTRA  A 2-macrocycle movement plan. Cons   in kivy only (not in compose ground truth)
  XTRA  4-Day Hypertrophy                    in kivy only (not in compose ground truth)
  XTRA  4-Day Strength — Compound Focus      in kivy only (not in compose ground truth)
  XTRA  4-Day Upper/Lower — Ground Up        in kivy only (not in compose ground truth)
  XTRA  Same Ground Up curriculum as the 3   in kivy only (not in compose ground truth)
  XTRA  5-Day Full Body — Daily Movement     in kivy only (not in compose ground truth)
  XTRA  5-Day Hypertrophy                    in kivy only (not in compose ground truth)
  XTRA  5-Day Strength — Compound Focus      in kivy only (not in compose ground truth)
  XTRA  Basic Gym Movements                  in kivy only (not in compose ground truth)
  XTRA  Learn to Listen                      in kivy only (not in compose ground truth)
  XTRA  Learn to Listen                      in kivy only (not in compose ground truth)
  XTRA  The first step in your journey. Le   in kivy only (not in compose ground truth)
  XTRA  RIR Awareness                        in kivy only (not in compose ground truth)
  XTRA  Develop the skill of Reps in Reser   in kivy only (not in compose ground truth)

matched 24/21 compose components; 21 within ±3.0%
LAYOUT FIDELITY: 100%  (21/21)
