[[1;32mINFO[0m   ] [Logger      ] Record log in /home/lucas/.kivy/logs/kivy_26-07-06_59.txt
[[1;32mINFO[0m   ] [Kivy        ] v2.3.1
[[1;32mINFO[0m   ] [Kivy        ] Installed at "/home/lucas/anaconda3/lib/python3.13/site-packages/kivy/__init__.py"
[[1;32mINFO[0m   ] [Python      ] v3.13.9 | packaged by Anaconda, Inc. | (main, Oct 21 2025, 19:16:10) [GCC 11.2.0]
[[1;32mINFO[0m   ] [Python      ] Interpreter at "/home/lucas/anaconda3/bin/python3"
[[1;32mINFO[0m   ] [Logger      ] Purge log fired. Processing...
[[1;32mINFO[0m   ] [Logger      ] Purge finished!
[[1;32mINFO[0m   ] [Factory     ] 195 symbols loaded
[[1;32mINFO[0m   ] [Image       ] Providers: img_tex, img_dds, img_sdl2, img_pil (img_ffpyplayer ignored)
[[1;32mINFO[0m   ] [Text        ] Provider: sdl2
[[1;32mINFO[0m   ] [Window      ] Provider: sdl2
[[1;32mINFO[0m   ] [GL          ] Using the "OpenGL" graphics system
[[1;32mINFO[0m   ] [GL          ] Backend used <sdl2>
[[1;32mINFO[0m   ] [GL          ] OpenGL version <b'4.5 (Compatibility Profile) Mesa 26.0.3-1ubuntu1'>
[[1;32mINFO[0m   ] [GL          ] OpenGL vendor <b'Mesa'>
[[1;32mINFO[0m   ] [GL          ] OpenGL renderer <b'llvmpipe (LLVM 21.1.8, 256 bits)'>
[[1;32mINFO[0m   ] [GL          ] OpenGL parsed version: 4, 5
[[1;32mINFO[0m   ] [GL          ] Shading version <b'4.50'>
[[1;32mINFO[0m   ] [GL          ] Texture max size <16384>
[[1;32mINFO[0m   ] [GL          ] Texture max units <32>
[[1;32mINFO[0m   ] [Window      ] auto add sdl2 input provider
[[1;32mINFO[0m   ] [Window      ] virtual keyboard not allowed, single mode, not docked
[[1;32mINFO[0m   ] [GL          ] NPOT texture support is available
[[1;32mINFO[0m   ] [ProbeSysfs  ] device match: /dev/input/event7
[[1;32mINFO[0m   ] [MTD         ] Read event from </dev/input/event7>
[[1;32mINFO[0m   ] [Base        ] Start application main loop
[[1;32mINFO[0m   ] [Base        ] Leaving application in progress...

=== Specimen  (display 411x915)  DECLARED (Compose)  vs  LIVE (Kivy), document-space ===
  Text 'Alpha one'                live: x=0 y=0 64x16
    code [render/inspect_layout.py:171]: Text("Alpha one", style=t.bodyMedium)
  Text 'Alpha two'                live: x=0 y=16 63x16
    code [render/inspect_layout.py:172]: Text("Alpha two", style=t.bodyMedium)
  Text 'Beta one'                 live: x=0 y=32 50x13
    code [render/inspect_layout.py:173]: Text("Beta one", style=t.labelSmall)
  Text 'Beta two'                 live: x=0 y=45 49x13
    code [render/inspect_layout.py:174]: Text("Beta two", style=t.labelSmall)
  Text 'Gamma one'                live: x=0 y=58 100x22
    code [render/inspect_layout.py:175]: Text("Gamma one", style=t.titleMedium)
  Text 'Gamma two'                live: x=0 y=80 100x22
    code [render/inspect_layout.py:176]: Text("Gamma two", style=t.titleMedium)
  Text "Remind you when it's ti   live: x=0 y=102 268x14
    code [render/inspect_layout.py:177]: Text("Remind you when it's time to log your workout", style=t.bodySmall)
  Text 'abcdefghijklmnopqrstuvw   live: x=0 y=116 274x17
    code [render/inspect_layout.py:178]: Text("abcdefghijklmnopqrstuvwxyz 0123456789", style=t.bodyMedium)
  ... 29/29 components paired -> /home/lucas/Programming/PseudoCoup/layout_inspect/Specimen.html

