[[1;32mINFO[0m   ] [Logger      ] Record log in /home/lucas/.kivy/logs/kivy_26-07-06_64.txt
[[1;32mINFO[0m   ] [Kivy        ] v2.3.1
[[1;32mINFO[0m   ] [Kivy        ] Installed at "/home/lucas/anaconda3/lib/python3.13/site-packages/kivy/__init__.py"
[[1;32mINFO[0m   ] [Python      ] v3.13.9 | packaged by Anaconda, Inc. | (main, Oct 21 2025, 19:16:10) [GCC 11.2.0]
[[1;32mINFO[0m   ] [Python      ] Interpreter at "/home/lucas/anaconda3/bin/python3"
[[1;32mINFO[0m   ] [Logger      ] Purge log fired. Processing...
[[1;32mINFO[0m   ] [Logger      ] Purge finished!
[[1;32mINFO[0m   ] [Factory     ] 195 symbols loaded
[[1;32mINFO[0m   ] [Image       ] Providers: img_tex, img_dds, img_sdl2, img_pil (img_ffpyplayer ignored)
[[1;32mINFO[0m   ] [Text        ] Provider: sdl2
[[1;32mINFO[0m   ] [Window      ] Provider: sdl2
[[1;32mINFO[0m   ] [GL          ] Using the "OpenGL" graphics system
[[1;32mINFO[0m   ] [GL          ] Backend used <sdl2>
[[1;32mINFO[0m   ] [GL          ] OpenGL version <b'4.5 (Compatibility Profile) Mesa 26.0.3-1ubuntu1'>
[[1;32mINFO[0m   ] [GL          ] OpenGL vendor <b'Mesa'>
[[1;32mINFO[0m   ] [GL          ] OpenGL renderer <b'llvmpipe (LLVM 21.1.8, 256 bits)'>
[[1;32mINFO[0m   ] [GL          ] OpenGL parsed version: 4, 5
[[1;32mINFO[0m   ] [GL          ] Shading version <b'4.50'>
[[1;32mINFO[0m   ] [GL          ] Texture max size <16384>
[[1;32mINFO[0m   ] [GL          ] Texture max units <32>
[[1;32mINFO[0m   ] [Window      ] auto add sdl2 input provider
[[1;32mINFO[0m   ] [Window      ] virtual keyboard not allowed, single mode, not docked
[[1;32mINFO[0m   ] [GL          ] NPOT texture support is available
[[1;32mINFO[0m   ] [ProbeSysfs  ] device match: /dev/input/event7
[[1;32mINFO[0m   ] [MTD         ] Read event from </dev/input/event7>
[[1;32mINFO[0m   ] [Base        ] Start application main loop
[[1;32mINFO[0m   ] [Base        ] Leaving application in progress...

=== SettingsScreen  (display 411x915)  DECLARED (Compose)  vs  LIVE (Kivy), document-space ===
  Text 'Profile'                  live: x=16 y=20 38x14
    code [ui/settings/SettingsScreen.py:116]: Text(text=title, style=MaterialTheme.typography.labelMedium, color=WflTheme.colors.accentContras
  Text 'Display name'             live: x=16 y=51 85x16
    code [ui/settings/SettingsScreen.py:122]: Text(title, style=MaterialTheme.typography.bodyMedium)
  Text 'How the app addresses y   live: x=16 y=67 151x13
    code [ui/settings/SettingsScreen.py:124]: return Text(subtitle, style=MaterialTheme.typography.labelSmall, color=MaterialTheme.colorScheme
  BasicTextField 'User'                     live: x=255 y=50 140x31
    code [ui/components/CompactControls.py:30]: BasicTextField(value=value, onValueChange=onValueChange, singleLine=True, keyboardOptions=keyboa
  Text 'User'                     live: x=267 y=56 33x19
    code [ui/components/CompactControls.py:24]: return inner()
  Text 'Body weight'              live: x=16 y=99 80x16
    code [ui/settings/SettingsScreen.py:122]: Text(title, style=MaterialTheme.typography.bodyMedium)
  Text 'Used for relative stren   live: x=16 y=115 141x13
    code [ui/settings/SettingsScreen.py:124]: return Text(subtitle, style=MaterialTheme.typography.labelSmall, color=MaterialTheme.colorScheme
  BasicTextField ''                         live: x=255 y=98 140x31
    code [ui/components/CompactControls.py:30]: BasicTextField(value=value, onValueChange=onValueChange, singleLine=True, keyboardOptions=keyboa
  ... 109/133 components paired -> /home/lucas/Programming/PseudoCoup/layout_inspect/SettingsScreen.html

