[[1;32mINFO[0m   ] [Logger      ] Record log in /home/lucas/.kivy/logs/kivy_26-07-06_65.txt
[[1;32mINFO[0m   ] [Kivy        ] v2.3.1
[[1;32mINFO[0m   ] [Kivy        ] Installed at "/home/lucas/anaconda3/lib/python3.13/site-packages/kivy/__init__.py"
[[1;32mINFO[0m   ] [Python      ] v3.13.9 | packaged by Anaconda, Inc. | (main, Oct 21 2025, 19:16:10) [GCC 11.2.0]
[[1;32mINFO[0m   ] [Python      ] Interpreter at "/home/lucas/anaconda3/bin/python3"
[[1;32mINFO[0m   ] [Logger      ] Purge log fired. Processing...
[[1;32mINFO[0m   ] [Logger      ] Purge finished!
[[1;32mINFO[0m   ] [Factory     ] 195 symbols loaded
[[1;32mINFO[0m   ] [Image       ] Providers: img_tex, img_dds, img_sdl2, img_pil (img_ffpyplayer ignored)
[[1;32mINFO[0m   ] [Text        ] Provider: sdl2
[[1;32mINFO[0m   ] [Window      ] Provider: sdl2
[[1;32mINFO[0m   ] [GL          ] Using the "OpenGL" graphics system
[[1;32mINFO[0m   ] [GL          ] Backend used <sdl2>
[[1;32mINFO[0m   ] [GL          ] OpenGL version <b'4.5 (Compatibility Profile) Mesa 26.0.3-1ubuntu1'>
[[1;32mINFO[0m   ] [GL          ] OpenGL vendor <b'Mesa'>
[[1;32mINFO[0m   ] [GL          ] OpenGL renderer <b'llvmpipe (LLVM 21.1.8, 256 bits)'>
[[1;32mINFO[0m   ] [GL          ] OpenGL parsed version: 4, 5
[[1;32mINFO[0m   ] [GL          ] Shading version <b'4.50'>
[[1;32mINFO[0m   ] [GL          ] Texture max size <16384>
[[1;32mINFO[0m   ] [GL          ] Texture max units <32>
[[1;32mINFO[0m   ] [Window      ] auto add sdl2 input provider
[[1;32mINFO[0m   ] [Window      ] virtual keyboard not allowed, single mode, not docked
[[1;32mINFO[0m   ] [GL          ] NPOT texture support is available
[[1;32mINFO[0m   ] [ProbeSysfs  ] device match: /dev/input/event7
[[1;32mINFO[0m   ] [MTD         ] Read event from </dev/input/event7>
[[1;32mINFO[0m   ] [Base        ] Start application main loop
[[1;32mINFO[0m   ] [Base        ] Leaving application in progress...

=== WorkoutCooldownScreen  (display 411x915)  DECLARED (Compose)  vs  LIVE (Kivy), document-space ===
  Text 'Cooldown'                 live: x=52 y=0 101x26
    code [ui/execution/WorkoutCooldownScreen.py:25]: return TopAppBar(title=(lambda it=it: Text(("Cooldown" if selecting else ((uiState.value.activit
  Text 'Take a few minutes to c   live: x=16 y=84 379x59
    code [ui/execution/WorkoutCooldownScreen.py:43]: Text(text="Take a few minutes to come down.", style=MaterialTheme.typography.headlineSmall, font
  Text "Your muscles are warmes   live: x=16 y=159 379x37
    code [ui/execution/WorkoutCooldownScreen.py:44]: Text(text=("Your muscles are warmest right now — gentle movement and stretching settle " + str("
  Text '🚶'                        live: x=32 y=243 36x33
    code [ui/execution/components/ConditioningActivityPicker.py:20]: Text(text=activity.emoji, style=MaterialTheme.typography.headlineMedium)
  Text 'Slow walk'                live: x=82 y=228 64x16
    code [ui/execution/components/ConditioningActivityPicker.py:24]: Text(text=activity.name, style=MaterialTheme.typography.titleSmall, color=WflTheme.colors.accent
  Text '4 min'                    live: x=154 y=230 30x13
    code [ui/execution/components/ConditioningActivityPicker.py:26]: return Text(text=formatMinutes(activity.defaultDurationSec), style=MaterialTheme.typography.labe
  Text 'A few easy minutes of w   live: x=82 y=244 248x47
    code [ui/execution/components/ConditioningActivityPicker.py:28]: return Text(text=activity.tagline, style=MaterialTheme.typography.bodySmall, color=MaterialTheme
  Text '🫁'                        live: x=32 y=338 20x33
    code [ui/execution/components/ConditioningActivityPicker.py:20]: Text(text=activity.emoji, style=MaterialTheme.typography.headlineMedium)
  ... 80/84 components paired -> /home/lucas/Programming/PseudoCoup/layout_inspect/WorkoutCooldownScreen.html

