[[1;32mINFO[0m   ] [Logger      ] Record log in /home/lucas/.kivy/logs/kivy_26-07-06_32.txt
[[1;32mINFO[0m   ] [Kivy        ] v2.3.1
[[1;32mINFO[0m   ] [Kivy        ] Installed at "/home/lucas/anaconda3/lib/python3.13/site-packages/kivy/__init__.py"
[[1;32mINFO[0m   ] [Python      ] v3.13.9 | packaged by Anaconda, Inc. | (main, Oct 21 2025, 19:16:10) [GCC 11.2.0]
[[1;32mINFO[0m   ] [Python      ] Interpreter at "/home/lucas/anaconda3/bin/python3"
[[1;32mINFO[0m   ] [Logger      ] Purge log fired. Processing...
[[1;32mINFO[0m   ] [Logger      ] Purge finished!
[[1;32mINFO[0m   ] [Factory     ] 195 symbols loaded
[[1;32mINFO[0m   ] [Image       ] Providers: img_tex, img_dds, img_sdl2, img_pil (img_ffpyplayer ignored)
[[1;32mINFO[0m   ] [Text        ] Provider: sdl2
[[1;32mINFO[0m   ] [Window      ] Provider: sdl2
[[1;32mINFO[0m   ] [GL          ] Using the "OpenGL" graphics system
[[1;32mINFO[0m   ] [GL          ] Backend used <sdl2>
[[1;32mINFO[0m   ] [GL          ] OpenGL version <b'4.5 (Compatibility Profile) Mesa 26.0.3-1ubuntu1'>
[[1;32mINFO[0m   ] [GL          ] OpenGL vendor <b'Mesa'>
[[1;32mINFO[0m   ] [GL          ] OpenGL renderer <b'llvmpipe (LLVM 21.1.8, 256 bits)'>
[[1;32mINFO[0m   ] [GL          ] OpenGL parsed version: 4, 5
[[1;32mINFO[0m   ] [GL          ] Shading version <b'4.50'>
[[1;32mINFO[0m   ] [GL          ] Texture max size <16384>
[[1;32mINFO[0m   ] [GL          ] Texture max units <32>
[[1;32mINFO[0m   ] [Window      ] auto add sdl2 input provider
[[1;32mINFO[0m   ] [Window      ] virtual keyboard not allowed, single mode, not docked
[[1;32mINFO[0m   ] [GL          ] NPOT texture support is available
[[1;32mINFO[0m   ] [ProbeSysfs  ] device match: /dev/input/event7
[[1;32mINFO[0m   ] [MTD         ] Read event from </dev/input/event7>
[[1;32mINFO[0m   ] [Base        ] Start application main loop
[[1;33mWARNING[0m] [MTD         ] Unable to open device "/dev/input/event7". Please ensure you have the appropriate permissions.
[[1;32mINFO[0m   ] [Base        ] Leaving application in progress...
STEP path=[1] ordinal=0 action={'kind': 'NavigationBarItem', 'label': 'Home', 'handler_kind': 'onClick', 'ordinal': 0} dest=['7dfc3aedf0'] error=None unsettled=False 5.65s
[[1;32mINFO[0m   ] [ProbeSysfs  ] device match: /dev/input/event7
[[1;32mINFO[0m   ] [MTD         ] Read event from </dev/input/event7>
[[1;32mINFO[0m   ] [Base        ] Start application main loop
[[1;33mWARNING[0m] [MTD         ] Unable to open device "/dev/input/event7". Please ensure you have the appropriate permissions.
[[1;32mINFO[0m   ] [Base        ] Leaving application in progress...
STEP path=[1] ordinal=1 action={'kind': 'NavigationBarItem', 'label': 'Program', 'handler_kind': 'onClick', 'ordinal': 1} dest=['87aa4a8dc1'] error=None unsettled=False 4.97s
[[1;32mINFO[0m   ] [ProbeSysfs  ] device match: /dev/input/event7
[[1;32mINFO[0m   ] [MTD         ] Read event from </dev/input/event7>
[[1;32mINFO[0m   ] [Base        ] Start application main loop
[[1;33mWARNING[0m] [MTD         ] Unable to open device "/dev/input/event7". Please ensure you have the appropriate permissions.
[[1;32mINFO[0m   ] [Base        ] Leaving application in progress...
STEP path=[1] ordinal=2 action={'kind': 'NavigationBarItem', 'label': 'Paths', 'handler_kind': 'onClick', 'ordinal': 2} dest=['414da16a7b'] error=None unsettled=False 5.29s
[[1;32mINFO[0m   ] [ProbeSysfs  ] device match: /dev/input/event7
[[1;32mINFO[0m   ] [MTD         ] Read event from </dev/input/event7>
[[1;32mINFO[0m   ] [Base        ] Start application main loop
[[1;33mWARNING[0m] [MTD         ] Unable to open device "/dev/input/event7". Please ensure you have the appropriate permissions.
[[1;32mINFO[0m   ] [Base        ] Leaving application in progress...
STEP path=[1] ordinal=3 action={'kind': 'NavigationBarItem', 'label': 'Progress', 'handler_kind': 'onClick', 'ordinal': 3} dest=['4877dde84c'] error=None unsettled=False 5.58s
[[1;32mINFO[0m   ] [ProbeSysfs  ] device match: /dev/input/event7
[[1;32mINFO[0m   ] [MTD         ] Read event from </dev/input/event7>
[[1;32mINFO[0m   ] [Base        ] Start application main loop
[[1;33mWARNING[0m] [MTD         ] Unable to open device "/dev/input/event7". Please ensure you have the appropriate permissions.
[[1;32mINFO[0m   ] [Base        ] Leaving application in progress...
STEP path=[1] ordinal=4 action={'kind': 'NavigationBarItem', 'label': 'You', 'handler_kind': 'onClick', 'ordinal': 4} dest=['4485eb17f1'] error=None unsettled=False 7.35s
[[1;32mINFO[0m   ] [ProbeSysfs  ] device match: /dev/input/event7
[[1;32mINFO[0m   ] [MTD         ] Read event from </dev/input/event7>
[[1;32mINFO[0m   ] [Base        ] Start application main loop
[[1;33mWARNING[0m] [MTD         ] Unable to open device "/dev/input/event7". Please ensure you have the appropriate permissions.
[[1;31mCRITICAL[0m] [Clock       ] Warning, too much iteration done before the next frame. Check your code, or increase the Clock.max_iteration attribute. Remaining events:
<ClockEvent (-1.0) callback=<bound method BoxLayout.do_layout of <kivy.uix.boxlayout.BoxLayout object at 0x7d2063012d60>>>
<ClockEvent (-1.0) callback=<bound method BoxLayout.do_layout of <kivy.uix.boxlayout.BoxLayout object at 0x7d20631a3ee0>>>
<ClockEvent (-1.0) callback=<bound method BoxLayout.do_layout of <kivy.uix.boxlayout.BoxLayout object at 0x7d206313a900>>>
<ClockEvent (-1.0) callback=<bound method BoxLayout.do_layout of <kivy.uix.boxlayout.BoxLayout object at 0x7d206314b850>>>
<ClockEvent (-1.0) callback=<bound method BoxLayout.do_layout of <kivy.uix.boxlayout.BoxLayout object at 0x7d20633bab30>>>
<ClockEvent (-1.0) callback=<bound method BoxLayout.do_layout of <kivy.uix.boxlayout.BoxLayout object at 0x7d20633d3a80>>>
<ClockEvent (-1.0) callback=<bound method BoxLayout.do_layout of <kivy.uix.boxlayout.BoxLayout object at 0x7d206334bcb0>>>
<ClockEvent (-1.0) callback=<bound method BoxLayout.do_layout of <kivy.uix.boxlayout.BoxLayout object at 0x7d20637b2f90>>>
<ClockEvent (-1.0) callback=<bound method BoxLayout.do_layout of <kivy.uix.boxlayout.BoxLayout object at 0x7d20637c7ee0>>>
<ClockEvent (-1.0) callback=<bound method BoxLayout.do_layout of <kivy.uix.boxlayout.BoxLayout object at 0x7d20637f0ec0>>>
<ClockEvent (-1.0) callback=<bound method BoxLayout.do_layout of <kivy.uix.boxlayout.BoxLayout object at 0x7d20637331c0>>>
<ClockEvent (-1.0) callback=<bound method BoxLayout.do_layout of <kivy.uix.boxlayout.BoxLayout object at 0x7d20637541a0>>>
<ClockEvent (-1.0) callback=<bound method BoxLayout.do_layout of <kivy.uix.boxlayout.BoxLayout object at 0x7d20d878d550>>>
<ClockEvent (-1.0) callback=<bound method BoxLayout.do_layout of <kivy.uix.boxlayout.BoxLayout object at 0x7d20d879e4a0>>>
<ClockEvent (-1.0) callback=<bound method BoxLayout.do_layout of <kivy.uix.boxlayout.BoxLayout object at 0x7d20d87af3f0>>>
<ClockEvent (-1.0) callback=<bound method BoxLayout.do_layout of <kivy.uix.boxlayout.BoxLayout object at 0x7d20d87d03d0>>>
<ClockEvent (-1.0) callback=<bound method BoxLayout.do_layout of <kivy.uix.boxlayout.BoxLayout object at 0x7d20d8708830>>>
<ClockEvent (-1.0) callback=<bound method BoxLayout.do_layout of <kivy.uix.boxlayout.BoxLayout object at 0x7d20d871d780>>>
<ClockEvent (-1.0) callback=<bound method BoxLayout.do_layout of <kivy.uix.boxlayout.BoxLayout object at 0x7d20d872a6d0>>>
<ClockEvent (-1.0) callback=<bound method BoxLayout.do_layout of <kivy.uix.boxlayout.BoxLayout object at 0x7d2063654a60>>>
<ClockEvent (-1.0) callback=<bound method BoxLayout.do_layout of <kivy.uix.boxlayout.BoxLayout object at 0x7d20636759b0>>>
<ClockEvent (-1.0) callback=<bound method BoxLayout.do_layout of <kivy.uix.boxlayout.BoxLayout object at 0x7d206dd9c0c0>>>
[[1;31mCRITICAL[0m] [Clock       ] Warning, too much iteration done before the next frame. Check your code, or increase the Clock.max_iteration attribute. Remaining events:
<ClockEvent (-1.0) callback=<bound method BoxLayout.do_layout of <kivy.uix.boxlayout.BoxLayout object at 0x7d20627b2e40>>>
<ClockEvent (-1.0) callback=<bound method BoxLayout.do_layout of <kivy.uix.boxlayout.BoxLayout object at 0x7d2062760050>>>
<ClockEvent (-1.0) callback=<bound method BoxLayout.do_layout of <kivy.uix.boxlayout.BoxLayout object at 0x7d20628d29e0>>>
<ClockEvent (-1.0) callback=<bound method BoxLayout.do_layout of <kivy.uix.boxlayout.BoxLayout object at 0x7d20628eb930>>>
<ClockEvent (-1.0) callback=<bound method BoxLayout.do_layout of <kivy.uix.boxlayout.BoxLayout object at 0x7d2062852c10>>>
<ClockEvent (-1.0) callback=<bound method BoxLayout.do_layout of <kivy.uix.boxlayout.BoxLayout object at 0x7d2062867b60>>>
<ClockEvent (-1.0) callback=<bound method BoxLayout.do_layout of <kivy.uix.boxlayout.BoxLayout object at 0x7d20629efd90>>>
<ClockEvent (-1.0) callback=<bound method BoxLayout.do_layout of <kivy.uix.boxlayout.BoxLayout object at 0x7d2062953070>>>
<ClockEvent (-1.0) callback=<bound method BoxLayout.do_layout of <kivy.uix.boxlayout.BoxLayout object at 0x7d2062974050>>>
<ClockEvent (-1.0) callback=<bound method BoxLayout.do_layout of <kivy.uix.boxlayout.BoxLayout object at 0x7d2062980fa0>>>
<ClockEvent (-1.0) callback=<bound method BoxLayout.do_layout of <kivy.uix.boxlayout.BoxLayout object at 0x7d2062acf2a0>>>
<ClockEvent (-1.0) callback=<bound method BoxLayout.do_layout of <kivy.uix.boxlayout.BoxLayout object at 0x7d2062af0280>>>
<ClockEvent (-1.0) callback=<bound method BoxLayout.do_layout of <kivy.uix.boxlayout.BoxLayout object at 0x7d2062a31630>>>
<ClockEvent (-1.0) callback=<bound method BoxLayout.do_layout of <kivy.uix.boxlayout.BoxLayout object at 0x7d2062a42580>>>
<ClockEvent (-1.0) callback=<bound method BoxLayout.do_layout of <kivy.uix.boxlayout.BoxLayout object at 0x7d2062a534d0>>>
<ClockEvent (-1.0) callback=<bound method BoxLayout.do_layout of <kivy.uix.boxlayout.BoxLayout object at 0x7d2062a7c4b0>>>
<ClockEvent (-1.0) callback=<bound method BoxLayout.do_layout of <kivy.uix.boxlayout.BoxLayout object at 0x7d2062b9c910>>>
<ClockEvent (-1.0) callback=<bound method BoxLayout.do_layout of <kivy.uix.boxlayout.BoxLayout object at 0x7d2062bb9860>>>
<ClockEvent (-1.0) callback=<bound method BoxLayout.do_layout of <kivy.uix.boxlayout.BoxLayout object at 0x7d2062bc67b0>>>
<ClockEvent (-1.0) callback=<bound method BoxLayout.do_layout of <kivy.uix.boxlayout.BoxLayout object at 0x7d2062b1cb40>>>
<ClockEvent (-1.0) callback=<bound method BoxLayout.do_layout of <kivy.uix.boxlayout.BoxLayout object at 0x7d2062b29a90>>>
<ClockEvent (-1.0) callback=<bound method BoxLayout.do_layout of <kivy.uix.boxlayout.BoxLayout object at 0x7d2062cb1cc0>>>
[[1;31mCRITICAL[0m] [Clock       ] Warning, too much iteration done before the next frame. Check your code, or increase the Clock.max_iteration attribute. Remaining events:
<ClockEvent (-1.0) callback=<bound method BoxLayout.do_layout of <kivy.uix.boxlayout.BoxLayout object at 0x7d206ffaa890>>>
<ClockEvent (-1.0) callback=<bound method BoxLayout.do_layout of <kivy.uix.boxlayout.BoxLayout object at 0x7d206d6f3e70>>>
<ClockEvent (-1.0) callback=<bound method BoxLayout.do_layout of <kivy.uix.boxlayout.BoxLayout object at 0x7d206d3289f0>>>
<ClockEvent (-1.0) callback=<bound method BoxLayout.do_layout of <kivy.uix.boxlayout.BoxLayout object at 0x7d20841eb7e0>>>
<ClockEvent (-1.0) callback=<bound method BoxLayout.do_layout of <kivy.uix.boxlayout.BoxLayout object at 0x7d206d1ca7b0>>>
<ClockEvent (-1.0) callback=<bound method BoxLayout.do_layout of <kivy.uix.boxlayout.BoxLayout object at 0x7d20630cfcb0>>>
<ClockEvent (-1.0) callback=<bound method BoxLayout.do_layout of <kivy.uix.boxlayout.BoxLayout object at 0x7d206367cc90>>>
<ClockEvent (-1.0) callback=<bound method BoxLayout.do_layout of <kivy.uix.boxlayout.BoxLayout object at 0x7d20d871f930>>>
<ClockEvent (-1.0) callback=<bound method BoxLayout.do_layout of <kivy.uix.boxlayout.BoxLayout object at 0x7d20636bde80>>>
<ClockEvent (-1.0) callback=<bound method BoxLayout.do_layout of <kivy.uix.boxlayout.BoxLayout object at 0x7d20d875e890>>>
<ClockEvent (-1.0) callback=<bound method BoxLayout.do_layout of <kivy.uix.boxlayout.BoxLayout object at 0x7d20d879dda0>>>
<ClockEvent (-1.0) callback=<bound method BoxLayout.do_layout of <kivy.uix.boxlayout.BoxLayout object at 0x7d20d87e1b00>>>
<ClockEvent (-1.0) callback=<bound method BoxLayout.do_layout of <kivy.uix.boxlayout.BoxLayout object at 0x7d20637fe890>>>
<ClockEvent (-1.0) callback=<bound method BoxLayout.do_layout of <kivy.uix.boxlayout.BoxLayout object at 0x7d206332f0e0>>>
<ClockEvent (-1.0) callback=<bound method BoxLayout.do_layout of <kivy.uix.boxlayout.BoxLayout object at 0x7d2063744f30>>>
<ClockEvent (-1.0) callback=<bound method BoxLayout.do_layout of <kivy.uix.boxlayout.BoxLayout object at 0x7d2062e46580>>>
<ClockEvent (-1.0) callback=<bound method BoxLayout.do_layout of <kivy.uix.boxlayout.BoxLayout object at 0x7d206334b5b0>>>
<ClockEvent (-1.0) callback=<bound method BoxLayout.do_layout of <kivy.uix.boxlayout.BoxLayout object at 0x7d206336c4b0>>>
<ClockEvent (-1.0) callback=<bound method BoxLayout.do_layout of <kivy.uix.boxlayout.BoxLayout object at 0x7d20633811d0>>>
<ClockEvent (-1.0) callback=<bound method BoxLayout.do_layout of <kivy.uix.boxlayout.BoxLayout object at 0x7d20631258d0>>>
<ClockEvent (-1.0) callback=<bound method BoxLayout.do_layout of <kivy.uix.boxlayout.BoxLayout object at 0x7d20633d2970>>>
<ClockEvent (-1.0) callback=<bound method BoxLayout.do_layout of <kivy.uix.boxlayout.BoxLayout object at 0x7d20631f4440>>>
[[1;32mINFO[0m   ] [Base        ] Leaving application in progress...
STEP path=[1] ordinal=5 action={'kind': 'Button', 'label': 'Browse programs', 'handler_kind': 'onClick', 'ordinal': 5} dest=['897b485f19'] error=None unsettled=False 11.05s
[[1;32mINFO[0m   ] [ProbeSysfs  ] device match: /dev/input/event7
[[1;32mINFO[0m   ] [MTD         ] Read event from </dev/input/event7>
[[1;32mINFO[0m   ] [Base        ] Start application main loop
[[1;33mWARNING[0m] [MTD         ] Unable to open device "/dev/input/event7". Please ensure you have the appropriate permissions.
[[1;32mINFO[0m   ] [Base        ] Leaving application in progress...
STEP path=[2] ordinal=0 action={'kind': 'NavigationBarItem', 'label': 'Home', 'handler_kind': 'onClick', 'ordinal': 0} dest=['7dfc3aedf0'] error=None unsettled=False 8.15s
[[1;32mINFO[0m   ] [ProbeSysfs  ] device match: /dev/input/event7
[[1;32mINFO[0m   ] [MTD         ] Read event from </dev/input/event7>
[[1;32mINFO[0m   ] [Base        ] Start application main loop
[[1;33mWARNING[0m] [MTD         ] Unable to open device "/dev/input/event7". Please ensure you have the appropriate permissions.
[[1;32mINFO[0m   ] [Base        ] Leaving application in progress...
STEP path=[2] ordinal=1 action={'kind': 'NavigationBarItem', 'label': 'Program', 'handler_kind': 'onClick', 'ordinal': 1} dest=['87aa4a8dc1'] error=None unsettled=False 8.31s
[[1;32mINFO[0m   ] [ProbeSysfs  ] device match: /dev/input/event7
[[1;32mINFO[0m   ] [MTD         ] Read event from </dev/input/event7>
[[1;32mINFO[0m   ] [Base        ] Start application main loop
[[1;33mWARNING[0m] [MTD         ] Unable to open device "/dev/input/event7". Please ensure you have the appropriate permissions.
[[1;32mINFO[0m   ] [Base        ] Leaving application in progress...
STEP path=[2] ordinal=2 action={'kind': 'NavigationBarItem', 'label': 'Paths', 'handler_kind': 'onClick', 'ordinal': 2} dest=['414da16a7b'] error=None unsettled=False 8.34s
[[1;32mINFO[0m   ] [ProbeSysfs  ] device match: /dev/input/event7
[[1;32mINFO[0m   ] [MTD         ] Read event from </dev/input/event7>
[[1;32mINFO[0m   ] [Base        ] Start application main loop
[[1;33mWARNING[0m] [MTD         ] Unable to open device "/dev/input/event7". Please ensure you have the appropriate permissions.
[[1;32mINFO[0m   ] [Base        ] Leaving application in progress...
STEP path=[2] ordinal=3 action={'kind': 'NavigationBarItem', 'label': 'Progress', 'handler_kind': 'onClick', 'ordinal': 3} dest=['4877dde84c'] error=None unsettled=False 8.91s
[[1;32mINFO[0m   ] [ProbeSysfs  ] device match: /dev/input/event7
[[1;32mINFO[0m   ] [MTD         ] Read event from </dev/input/event7>
[[1;32mINFO[0m   ] [Base        ] Start application main loop
[[1;33mWARNING[0m] [MTD         ] Unable to open device "/dev/input/event7". Please ensure you have the appropriate permissions.
[[1;32mINFO[0m   ] [Base        ] Leaving application in progress...
STEP path=[2] ordinal=4 action={'kind': 'NavigationBarItem', 'label': 'You', 'handler_kind': 'onClick', 'ordinal': 4} dest=['4485eb17f1'] error=None unsettled=False 10.47s
[[1;32mINFO[0m   ] [ProbeSysfs  ] device match: /dev/input/event7
[[1;32mINFO[0m   ] [MTD         ] Read event from </dev/input/event7>
[[1;32mINFO[0m   ] [Base        ] Start application main loop
[[1;33mWARNING[0m] [MTD         ] Unable to open device "/dev/input/event7". Please ensure you have the appropriate permissions.
[[1;32mINFO[0m   ] [Base        ] Leaving application in progress...
STEP path=[2] ordinal=5 action={'kind': 'Button', 'label': 'Find your path', 'handler_kind': 'onClick', 'ordinal': 5} dest=['c2df230955'] error=None unsettled=False 11.33s
[[1;32mINFO[0m   ] [ProbeSysfs  ] device match: /dev/input/event7
[[1;32mINFO[0m   ] [MTD         ] Read event from </dev/input/event7>
[[1;32mINFO[0m   ] [Base        ] Start application main loop
[[1;33mWARNING[0m] [MTD         ] Unable to open device "/dev/input/event7". Please ensure you have the appropriate permissions.
[[1;32mINFO[0m   ] [Base        ] Leaving application in progress...
STEP path=[3] ordinal=0 action={'kind': 'NavigationBarItem', 'label': 'Home', 'handler_kind': 'onClick', 'ordinal': 0} dest=['7dfc3aedf0'] error=None unsettled=False 11.06s
[[1;32mINFO[0m   ] [ProbeSysfs  ] device match: /dev/input/event7
[[1;32mINFO[0m   ] [MTD         ] Read event from </dev/input/event7>
[[1;32mINFO[0m   ] [Base        ] Start application main loop
[[1;33mWARNING[0m] [MTD         ] Unable to open device "/dev/input/event7". Please ensure you have the appropriate permissions.
[[1;32mINFO[0m   ] [Base        ] Leaving application in progress...
STEP path=[3] ordinal=1 action={'kind': 'NavigationBarItem', 'label': 'Program', 'handler_kind': 'onClick', 'ordinal': 1} dest=['87aa4a8dc1'] error=None unsettled=False 12.68s
[[1;32mINFO[0m   ] [ProbeSysfs  ] device match: /dev/input/event7
[[1;32mINFO[0m   ] [MTD         ] Read event from </dev/input/event7>
[[1;32mINFO[0m   ] [Base        ] Start application main loop
[[1;33mWARNING[0m] [MTD         ] Unable to open device "/dev/input/event7". Please ensure you have the appropriate permissions.
[[1;32mINFO[0m   ] [Base        ] Leaving application in progress...
STEP path=[3] ordinal=2 action={'kind': 'NavigationBarItem', 'label': 'Paths', 'handler_kind': 'onClick', 'ordinal': 2} dest=['414da16a7b'] error=None unsettled=False 14.70s
[[1;32mINFO[0m   ] [ProbeSysfs  ] device match: /dev/input/event7
[[1;32mINFO[0m   ] [MTD         ] Read event from </dev/input/event7>
[[1;32mINFO[0m   ] [Base        ] Start application main loop
[[1;33mWARNING[0m] [MTD         ] Unable to open device "/dev/input/event7". Please ensure you have the appropriate permissions.
[[1;32mINFO[0m   ] [Base        ] Leaving application in progress...
STEP path=[3] ordinal=3 action={'kind': 'NavigationBarItem', 'label': 'Progress', 'handler_kind': 'onClick', 'ordinal': 3} dest=['4877dde84c'] error=None unsettled=False 15.75s
[[1;32mINFO[0m   ] [ProbeSysfs  ] device match: /dev/input/event7
[[1;32mINFO[0m   ] [MTD         ] Read event from </dev/input/event7>
[[1;32mINFO[0m   ] [Base        ] Start application main loop
[[1;33mWARNING[0m] [MTD         ] Unable to open device "/dev/input/event7". Please ensure you have the appropriate permissions.
[[1;32mINFO[0m   ] [Base        ] Leaving application in progress...
STEP path=[3] ordinal=4 action={'kind': 'NavigationBarItem', 'label': 'You', 'handler_kind': 'onClick', 'ordinal': 4} dest=['4485eb17f1'] error=None unsettled=False 17.49s
[[1;32mINFO[0m   ] [ProbeSysfs  ] device match: /dev/input/event7
[[1;32mINFO[0m   ] [MTD         ] Read event from </dev/input/event7>
[[1;32mINFO[0m   ] [Base        ] Start application main loop
[[1;33mWARNING[0m] [MTD         ] Unable to open device "/dev/input/event7". Please ensure you have the appropriate permissions.
[[1;32mINFO[0m   ] [Base        ] Leaving application in progress...
STEP path=[3] ordinal=5 action={'kind': 'Tab', 'label': 'Analytics', 'handler_kind': 'onClick', 'ordinal': 5} dest=['4877dde84c'] error=None unsettled=False 19.64s
[[1;32mINFO[0m   ] [ProbeSysfs  ] device match: /dev/input/event7
[[1;32mINFO[0m   ] [MTD         ] Read event from </dev/input/event7>
[[1;32mINFO[0m   ] [Base        ] Start application main loop
[[1;33mWARNING[0m] [MTD         ] Unable to open device "/dev/input/event7". Please ensure you have the appropriate permissions.
[[1;32mINFO[0m   ] [Base        ] Leaving application in progress...
STEP path=[3] ordinal=6 action={'kind': 'Tab', 'label': 'Bests', 'handler_kind': 'onClick', 'ordinal': 6} dest=['e3129046ac'] error=None unsettled=False 20.59s
[[1;32mINFO[0m   ] [ProbeSysfs  ] device match: /dev/input/event7
[[1;32mINFO[0m   ] [MTD         ] Read event from </dev/input/event7>
[[1;32mINFO[0m   ] [Base        ] Start application main loop
[[1;33mWARNING[0m] [MTD         ] Unable to open device "/dev/input/event7". Please ensure you have the appropriate permissions.
 UNPINNED TEXT? 'Sat, Jun 15 at 8:00 AM' looks wall-clock-shaped -- substituting '<TIME>' before hashing.
[[1;32mINFO[0m   ] [Base        ] Leaving application in progress...
STEP path=[3] ordinal=7 action={'kind': 'Tab', 'label': 'History', 'handler_kind': 'onClick', 'ordinal': 7} dest=['3e872559f6'] error=None unsettled=False 22.83s
[[1;32mINFO[0m   ] [ProbeSysfs  ] device match: /dev/input/event7
[[1;32mINFO[0m   ] [MTD         ] Read event from </dev/input/event7>
[[1;32mINFO[0m   ] [Base        ] Start application main loop
[[1;33mWARNING[0m] [MTD         ] Unable to open device "/dev/input/event7". Please ensure you have the appropriate permissions.
[[1;32mINFO[0m   ] [Base        ] Leaving application in progress...
STEP path=[3] ordinal=8 action={'kind': 'Card', 'label': 'Your wins / 0 / wins / More than the nu…', 'handler_kind': 'onClick', 'ordinal': 8} dest=['4877dde84c'] error=None unsettled=False 24.57s
[[1;32mINFO[0m   ] [ProbeSysfs  ] device match: /dev/input/event7
[[1;32mINFO[0m   ] [MTD         ] Read event from </dev/input/event7>
[[1;32mINFO[0m   ] [Base        ] Start application main loop
[[1;33mWARNING[0m] [MTD         ] Unable to open device "/dev/input/event7". Please ensure you have the appropriate permissions.
[[1;32mINFO[0m   ] [Base        ] Leaving application in progress...
STEP path=[3] ordinal=9 action={'kind': 'Button', 'label': 'Log a win', 'handler_kind': 'onClick', 'ordinal': 9} dest=['2ebbba15e3'] error=None unsettled=False 25.96s
[[1;32mINFO[0m   ] [ProbeSysfs  ] device match: /dev/input/event7
[[1;32mINFO[0m   ] [MTD         ] Read event from </dev/input/event7>
[[1;32mINFO[0m   ] [Base        ] Start application main loop
[[1;33mWARNING[0m] [MTD         ] Unable to open device "/dev/input/event7". Please ensure you have the appropriate permissions.
[[1;32mINFO[0m   ] [Base        ] Leaving application in progress...
STEP path=[4] ordinal=0 action={'kind': 'NavigationBarItem', 'label': 'Home', 'handler_kind': 'onClick', 'ordinal': 0} dest=['7dfc3aedf0'] error=None unsettled=False 28.05s
[[1;32mINFO[0m   ] [ProbeSysfs  ] device match: /dev/input/event7
[[1;32mINFO[0m   ] [MTD         ] Read event from </dev/input/event7>
[[1;32mINFO[0m   ] [Base        ] Start application main loop
[[1;33mWARNING[0m] [MTD         ] Unable to open device "/dev/input/event7". Please ensure you have the appropriate permissions.
[[1;32mINFO[0m   ] [Base        ] Leaving application in progress...
STEP path=[4] ordinal=1 action={'kind': 'NavigationBarItem', 'label': 'Program', 'handler_kind': 'onClick', 'ordinal': 1} dest=['87aa4a8dc1'] error=None unsettled=False 27.67s
[[1;32mINFO[0m   ] [ProbeSysfs  ] device match: /dev/input/event7
[[1;32mINFO[0m   ] [MTD         ] Read event from </dev/input/event7>
[[1;32mINFO[0m   ] [Base        ] Start application main loop
[[1;33mWARNING[0m] [MTD         ] Unable to open device "/dev/input/event7". Please ensure you have the appropriate permissions.
[[1;32mINFO[0m   ] [Base        ] Leaving application in progress...
STEP path=[4] ordinal=2 action={'kind': 'NavigationBarItem', 'label': 'Paths', 'handler_kind': 'onClick', 'ordinal': 2} dest=['414da16a7b'] error=None unsettled=False 28.81s
[[1;32mINFO[0m   ] [ProbeSysfs  ] device match: /dev/input/event7
[[1;32mINFO[0m   ] [MTD         ] Read event from </dev/input/event7>
[[1;32mINFO[0m   ] [Base        ] Start application main loop
[[1;33mWARNING[0m] [MTD         ] Unable to open device "/dev/input/event7". Please ensure you have the appropriate permissions.
[[1;32mINFO[0m   ] [Base        ] Leaving application in progress...
STEP path=[4] ordinal=3 action={'kind': 'NavigationBarItem', 'label': 'Progress', 'handler_kind': 'onClick', 'ordinal': 3} dest=['4877dde84c'] error=None unsettled=False 29.24s
[[1;32mINFO[0m   ] [ProbeSysfs  ] device match: /dev/input/event7
[[1;32mINFO[0m   ] [MTD         ] Read event from </dev/input/event7>
[[1;32mINFO[0m   ] [Base        ] Start application main loop
[[1;33mWARNING[0m] [MTD         ] Unable to open device "/dev/input/event7". Please ensure you have the appropriate permissions.
[[1;32mINFO[0m   ] [Base        ] Leaving application in progress...
STEP path=[4] ordinal=4 action={'kind': 'NavigationBarItem', 'label': 'You', 'handler_kind': 'onClick', 'ordinal': 4} dest=['4485eb17f1'] error=None unsettled=False 30.94s
[[1;32mINFO[0m   ] [ProbeSysfs  ] device match: /dev/input/event7
[[1;32mINFO[0m   ] [MTD         ] Read event from </dev/input/event7>
[[1;32mINFO[0m   ] [Base        ] Start application main loop
[[1;33mWARNING[0m] [MTD         ] Unable to open device "/dev/input/event7". Please ensure you have the appropriate permissions.
[[1;32mINFO[0m   ] [Base        ] Leaving application in progress...
STEP path=[4] ordinal=5 action={'kind': 'BasicTextField', 'label': 'User', 'handler_kind': 'onValueChange', 'ordinal': 5} dest=['abeb610076'] error=None unsettled=False 31.39s
[[1;32mINFO[0m   ] [ProbeSysfs  ] device match: /dev/input/event7
[[1;32mINFO[0m   ] [MTD         ] Read event from </dev/input/event7>
[[1;32mINFO[0m   ] [Base        ] Start application main loop
[[1;33mWARNING[0m] [MTD         ] Unable to open device "/dev/input/event7". Please ensure you have the appropriate permissions.
[[1;32mINFO[0m   ] [Base        ] Leaving application in progress...
STEP path=[4] ordinal=6 action={'kind': 'BasicTextField', 'label': '80.0 / kg', 'handler_kind': 'onValueChange', 'ordinal': 6} dest=['ba45b6b295'] error=None unsettled=False 31.89s
[[1;32mINFO[0m   ] [ProbeSysfs  ] device match: /dev/input/event7
[[1;32mINFO[0m   ] [MTD         ] Read event from </dev/input/event7>
[[1;32mINFO[0m   ] [Base        ] Start application main loop
[[1;33mWARNING[0m] [MTD         ] Unable to open device "/dev/input/event7". Please ensure you have the appropriate permissions.
[[1;32mINFO[0m   ] [Base        ] Leaving application in progress...
STEP path=[4] ordinal=7 action={'kind': 'DropdownMenu', 'label': 'No lingo / RPE / RIR', 'handler_kind': 'onDismissRequest', 'ordinal': 7} dest=None error={'type': 'LookupError', 'message': 'widget for node not found in mounted tree (recompose moved/removed it)'} unsettled=False 31.54s
[[1;32mINFO[0m   ] [ProbeSysfs  ] device match: /dev/input/event7
[[1;32mINFO[0m   ] [MTD         ] Read event from </dev/input/event7>
[[1;32mINFO[0m   ] [Base        ] Start application main loop
[[1;33mWARNING[0m] [MTD         ] Unable to open device "/dev/input/event7". Please ensure you have the appropriate permissions.
[[1;32mINFO[0m   ] [Base        ] Leaving application in progress...
STEP path=[4] ordinal=8 action={'kind': 'DropdownMenuItem', 'label': 'No lingo', 'handler_kind': 'onClick', 'ordinal': 8} dest=None error={'type': 'LookupError', 'message': 'widget for node not found in mounted tree (recompose moved/removed it)'} unsettled=False 31.70s
[[1;32mINFO[0m   ] [ProbeSysfs  ] device match: /dev/input/event7
[[1;32mINFO[0m   ] [MTD         ] Read event from </dev/input/event7>
[[1;32mINFO[0m   ] [Base        ] Start application main loop
[[1;33mWARNING[0m] [MTD         ] Unable to open device "/dev/input/event7". Please ensure you have the appropriate permissions.
[[1;32mINFO[0m   ] [Base        ] Leaving application in progress...
STEP path=[4] ordinal=9 action={'kind': 'DropdownMenuItem', 'label': 'RPE', 'handler_kind': 'onClick', 'ordinal': 9} dest=None error={'type': 'LookupError', 'message': 'widget for node not found in mounted tree (recompose moved/removed it)'} unsettled=False 32.43s
[[1;32mINFO[0m   ] [ProbeSysfs  ] device match: /dev/input/event7
[[1;32mINFO[0m   ] [MTD         ] Read event from </dev/input/event7>
[[1;32mINFO[0m   ] [Base        ] Start application main loop
[[1;33mWARNING[0m] [MTD         ] Unable to open device "/dev/input/event7". Please ensure you have the appropriate permissions.
[[1;32mINFO[0m   ] [Base        ] Leaving application in progress...
STEP path=[4] ordinal=10 action={'kind': 'DropdownMenuItem', 'label': 'RIR', 'handler_kind': 'onClick', 'ordinal': 10} dest=None error={'type': 'LookupError', 'message': 'widget for node not found in mounted tree (recompose moved/removed it)'} unsettled=False 32.88s
[[1;32mINFO[0m   ] [ProbeSysfs  ] device match: /dev/input/event7
[[1;32mINFO[0m   ] [MTD         ] Read event from </dev/input/event7>
[[1;32mINFO[0m   ] [Base        ] Start application main loop
[[1;33mWARNING[0m] [MTD         ] Unable to open device "/dev/input/event7". Please ensure you have the appropriate permissions.
[[1;32mINFO[0m   ] [Base        ] Leaving application in progress...
STEP path=[4] ordinal=11 action={'kind': 'DropdownMenu', 'label': 'KG / LB', 'handler_kind': 'onDismissRequest', 'ordinal': 11} dest=None error={'type': 'LookupError', 'message': 'widget for node not found in mounted tree (recompose moved/removed it)'} unsettled=False 32.69s
[[1;32mINFO[0m   ] [ProbeSysfs  ] device match: /dev/input/event7
[[1;32mINFO[0m   ] [MTD         ] Read event from </dev/input/event7>
[[1;32mINFO[0m   ] [Base        ] Start application main loop
[[1;33mWARNING[0m] [MTD         ] Unable to open device "/dev/input/event7". Please ensure you have the appropriate permissions.
[[1;32mINFO[0m   ] [Base        ] Leaving application in progress...
STEP path=[4] ordinal=12 action={'kind': 'DropdownMenuItem', 'label': 'KG', 'handler_kind': 'onClick', 'ordinal': 12} dest=None error={'type': 'LookupError', 'message': 'widget for node not found in mounted tree (recompose moved/removed it)'} unsettled=False 33.14s
[[1;32mINFO[0m   ] [ProbeSysfs  ] device match: /dev/input/event7
[[1;32mINFO[0m   ] [MTD         ] Read event from </dev/input/event7>
[[1;32mINFO[0m   ] [Base        ] Start application main loop
[[1;33mWARNING[0m] [MTD         ] Unable to open device "/dev/input/event7". Please ensure you have the appropriate permissions.
[[1;32mINFO[0m   ] [Base        ] Leaving application in progress...
STEP path=[4] ordinal=13 action={'kind': 'DropdownMenuItem', 'label': 'LB', 'handler_kind': 'onClick', 'ordinal': 13} dest=None error={'type': 'LookupError', 'message': 'widget for node not found in mounted tree (recompose moved/removed it)'} unsettled=False 34.08s
[[1;32mINFO[0m   ] [ProbeSysfs  ] device match: /dev/input/event7
[[1;32mINFO[0m   ] [MTD         ] Read event from </dev/input/event7>
[[1;32mINFO[0m   ] [Base        ] Start application main loop
[[1;33mWARNING[0m] [MTD         ] Unable to open device "/dev/input/event7". Please ensure you have the appropriate permissions.
[[1;32mINFO[0m   ] [Base        ] Leaving application in progress...
STEP path=[4] ordinal=14 action={'kind': 'SegmentedButton', 'label': 'Push', 'handler_kind': 'onClick', 'ordinal': 14} dest=['ac60ae17b1'] error=None unsettled=False 34.44s
[[1;32mINFO[0m   ] [ProbeSysfs  ] device match: /dev/input/event7
[[1;32mINFO[0m   ] [MTD         ] Read event from </dev/input/event7>
[[1;32mINFO[0m   ] [Base        ] Start application main loop
[[1;33mWARNING[0m] [MTD         ] Unable to open device "/dev/input/event7". Please ensure you have the appropriate permissions.
[[1;32mINFO[0m   ] [Base        ] Leaving application in progress...
STEP path=[4] ordinal=15 action={'kind': 'SegmentedButton', 'label': 'In-app', 'handler_kind': 'onClick', 'ordinal': 15} dest=['ac60ae17b1'] error=None unsettled=False 34.71s
[[1;32mINFO[0m   ] [ProbeSysfs  ] device match: /dev/input/event7
[[1;32mINFO[0m   ] [MTD         ] Read event from </dev/input/event7>
[[1;32mINFO[0m   ] [Base        ] Start application main loop
[[1;33mWARNING[0m] [MTD         ] Unable to open device "/dev/input/event7". Please ensure you have the appropriate permissions.
[[1;32mINFO[0m   ] [Base        ] Leaving application in progress...
STEP path=[4] ordinal=16 action={'kind': 'SegmentedButton', 'label': 'None', 'handler_kind': 'onClick', 'ordinal': 16} dest=['ac60ae17b1'] error=None unsettled=False 35.37s
[[1;32mINFO[0m   ] [ProbeSysfs  ] device match: /dev/input/event7
[[1;32mINFO[0m   ] [MTD         ] Read event from </dev/input/event7>
[[1;32mINFO[0m   ] [Base        ] Start application main loop
[[1;33mWARNING[0m] [MTD         ] Unable to open device "/dev/input/event7". Please ensure you have the appropriate permissions.
[[1;32mINFO[0m   ] [Base        ] Leaving application in progress...
STEP path=[4] ordinal=17 action={'kind': 'SegmentedButton', 'label': 'Push', 'handler_kind': 'onClick', 'ordinal': 17} dest=['ac60ae17b1'] error=None unsettled=False 34.92s
[[1;32mINFO[0m   ] [ProbeSysfs  ] device match: /dev/input/event7
[[1;32mINFO[0m   ] [MTD         ] Read event from </dev/input/event7>
[[1;32mINFO[0m   ] [Base        ] Start application main loop
[[1;33mWARNING[0m] [MTD         ] Unable to open device "/dev/input/event7". Please ensure you have the appropriate permissions.
[[1;32mINFO[0m   ] [Base        ] Leaving application in progress...
STEP path=[4] ordinal=18 action={'kind': 'SegmentedButton', 'label': 'In-app', 'handler_kind': 'onClick', 'ordinal': 18} dest=['ac60ae17b1'] error=None unsettled=False 35.99s

walk_service: TIMEOUT after 900s
[[1;32mINFO[0m   ] [ProbeSysfs  ] device match: /dev/input/event7
[[1;32mINFO[0m   ] [MTD         ] Read event from </dev/input/event7>
[[1;32mINFO[0m   ] [Base        ] Start application main loop
[[1;33mWARNING[0m] [MTD         ] Unable to open device "/dev/input/event7". Please ensure you have the appropriate permissions.
[[1;32mINFO[0m   ] [Base        ] Leaving application in progress...
STEP path=[4] ordinal=19 action={'kind': 'SegmentedButton', 'label': 'None', 'handler_kind': 'onClick', 'ordinal': 19} dest=['ac60ae17b1'] error=None unsettled=False 36.61s
[[1;32mINFO[0m   ] [ProbeSysfs  ] device match: /dev/input/event7
[[1;32mINFO[0m   ] [MTD         ] Read event from </dev/input/event7>
[[1;32mINFO[0m   ] [Base        ] Start application main loop
[[1;33mWARNING[0m] [MTD         ] Unable to open device "/dev/input/event7". Please ensure you have the appropriate permissions.
[[1;32mINFO[0m   ] [Base        ] Leaving application in progress...
STEP path=[4] ordinal=20 action={'kind': 'SegmentedButton', 'label': 'Push', 'handler_kind': 'onClick', 'ordinal': 20} dest=['ac60ae17b1'] error=None unsettled=False 37.27s
[[1;32mINFO[0m   ] [ProbeSysfs  ] device match: /dev/input/event7
[[1;32mINFO[0m   ] [MTD         ] Read event from </dev/input/event7>
[[1;32mINFO[0m   ] [Base        ] Start application main loop
[[1;33mWARNING[0m] [MTD         ] Unable to open device "/dev/input/event7". Please ensure you have the appropriate permissions.
[[1;32mINFO[0m   ] [Base        ] Leaving application in progress...
STEP path=[4] ordinal=21 action={'kind': 'SegmentedButton', 'label': 'In-app', 'handler_kind': 'onClick', 'ordinal': 21} dest=['ac60ae17b1'] error=None unsettled=False 36.25s
[[1;32mINFO[0m   ] [ProbeSysfs  ] device match: /dev/input/event7
[[1;32mINFO[0m   ] [MTD         ] Read event from </dev/input/event7>
[[1;32mINFO[0m   ] [Base        ] Start application main loop
[[1;33mWARNING[0m] [MTD         ] Unable to open device "/dev/input/event7". Please ensure you have the appropriate permissions.
[[1;32mINFO[0m   ] [Base        ] Leaving application in progress...
STEP path=[4] ordinal=22 action={'kind': 'SegmentedButton', 'label': 'None', 'handler_kind': 'onClick', 'ordinal': 22} dest=['ac60ae17b1'] error=None unsettled=False 37.42s
[[1;32mINFO[0m   ] [ProbeSysfs  ] device match: /dev/input/event7
[[1;32mINFO[0m   ] [MTD         ] Read event from </dev/input/event7>
[[1;32mINFO[0m   ] [Base        ] Start application main loop
[[1;33mWARNING[0m] [MTD         ] Unable to open device "/dev/input/event7". Please ensure you have the appropriate permissions.
[[1;32mINFO[0m   ] [Base        ] Leaving application in progress...
STEP path=[4] ordinal=23 action={'kind': 'SegmentedButton', 'label': 'Push', 'handler_kind': 'onClick', 'ordinal': 23} dest=['7dfc3aedf0'] error=None unsettled=False 37.95s
[[1;32mINFO[0m   ] [ProbeSysfs  ] device match: /dev/input/event7
[[1;32mINFO[0m   ] [MTD         ] Read event from </dev/input/event7>
[[1;32mINFO[0m   ] [Base        ] Start application main loop
[[1;33mWARNING[0m] [MTD         ] Unable to open device "/dev/input/event7". Please ensure you have the appropriate permissions.
[[1;32mINFO[0m   ] [Base        ] Leaving application in progress...
STEP path=[4] ordinal=24 action={'kind': 'SegmentedButton', 'label': 'In-app', 'handler_kind': 'onClick', 'ordinal': 24} dest=['414da16a7b'] error=None unsettled=False 37.35s
[[1;32mINFO[0m   ] [ProbeSysfs  ] device match: /dev/input/event7
[[1;32mINFO[0m   ] [MTD         ] Read event from </dev/input/event7>
[[1;32mINFO[0m   ] [Base        ] Start application main loop
[[1;33mWARNING[0m] [MTD         ] Unable to open device "/dev/input/event7". Please ensure you have the appropriate permissions.
[[1;32mINFO[0m   ] [Base        ] Leaving application in progress...
STEP path=[4] ordinal=25 action={'kind': 'SegmentedButton', 'label': 'None', 'handler_kind': 'onClick', 'ordinal': 25} dest=['4485eb17f1'] error=None unsettled=False 37.51s
[[1;32mINFO[0m   ] [ProbeSysfs  ] device match: /dev/input/event7
[[1;32mINFO[0m   ] [MTD         ] Read event from </dev/input/event7>
[[1;32mINFO[0m   ] [Base        ] Start application main loop
[[1;33mWARNING[0m] [MTD         ] Unable to open device "/dev/input/event7". Please ensure you have the appropriate permissions.
[[1;32mINFO[0m   ] [Base        ] Leaving application in progress...
STEP path=[5] ordinal=0 action={'kind': 'NavigationBarItem', 'label': 'Home', 'handler_kind': 'onClick', 'ordinal': 0} dest=['3c407a30f5'] error=None unsettled=False 38.90s
[[1;32mINFO[0m   ] [ProbeSysfs  ] device match: /dev/input/event7
[[1;32mINFO[0m   ] [MTD         ] Read event from </dev/input/event7>
[[1;32mINFO[0m   ] [Base        ] Start application main loop
[[1;33mWARNING[0m] [MTD         ] Unable to open device "/dev/input/event7". Please ensure you have the appropriate permissions.
[[1;32mINFO[0m   ] [Base        ] Leaving application in progress...
STEP path=[5] ordinal=1 action={'kind': 'NavigationBarItem', 'label': 'Program', 'handler_kind': 'onClick', 'ordinal': 1} dest=['87aa4a8dc1'] error=None unsettled=False 37.97s
[[1;32mINFO[0m   ] [ProbeSysfs  ] device match: /dev/input/event7
[[1;32mINFO[0m   ] [MTD         ] Read event from </dev/input/event7>
[[1;32mINFO[0m   ] [Base        ] Start application main loop
[[1;33mWARNING[0m] [MTD         ] Unable to open device "/dev/input/event7". Please ensure you have the appropriate permissions.
[[1;32mINFO[0m   ] [Base        ] Leaving application in progress...
STEP path=[5] ordinal=2 action={'kind': 'NavigationBarItem', 'label': 'Paths', 'handler_kind': 'onClick', 'ordinal': 2} dest=['414da16a7b'] error=None unsettled=False 38.57s
[[1;32mINFO[0m   ] [ProbeSysfs  ] device match: /dev/input/event7
[[1;32mINFO[0m   ] [MTD         ] Read event from </dev/input/event7>
[[1;32mINFO[0m   ] [Base        ] Start application main loop
[[1;33mWARNING[0m] [MTD         ] Unable to open device "/dev/input/event7". Please ensure you have the appropriate permissions.
[[1;32mINFO[0m   ] [Base        ] Leaving application in progress...
STEP path=[5] ordinal=3 action={'kind': 'NavigationBarItem', 'label': 'Progress', 'handler_kind': 'onClick', 'ordinal': 3} dest=['4877dde84c'] error=None unsettled=False 38.58s
[[1;32mINFO[0m   ] [ProbeSysfs  ] device match: /dev/input/event7
[[1;32mINFO[0m   ] [MTD         ] Read event from </dev/input/event7>
[[1;32mINFO[0m   ] [Base        ] Start application main loop
[[1;33mWARNING[0m] [MTD         ] Unable to open device "/dev/input/event7". Please ensure you have the appropriate permissions.
[[1;32mINFO[0m   ] [Base        ] Leaving application in progress...
STEP path=[5] ordinal=4 action={'kind': 'NavigationBarItem', 'label': 'You', 'handler_kind': 'onClick', 'ordinal': 4} dest=['4485eb17f1'] error=None unsettled=False 41.04s
 Traceback (most recent call last):
   File "/home/lucas/Programming/WFL_MixingCenter/render/walker.py", line 751, in <module>
     main()
     ~~~~^^
   File "/home/lucas/Programming/WFL_MixingCenter/render/walker.py", line 741, in main
     prog, spent = walk(args.steps, args.out)
                   ~~~~^^^^^^^^^^^^^^^^^^^^^^
   File "/home/lucas/Programming/WFL_MixingCenter/render/walker.py", line 617, in walk
     result = replay_and_step(path, ordinal)
   File "/home/lucas/Programming/WFL_MixingCenter/render/walker.py", line 517, in replay_and_step
     result, crash = run_in_session(body)
                     ~~~~~~~~~~~~~~^^^^^^
   File "/home/lucas/Programming/WFL_MixingCenter/render/walker.py", line 462, in run_in_session
     app.run()
     ~~~~~~~^^
   File "/home/lucas/anaconda3/lib/python3.13/site-packages/kivy/app.py", line 955, in run
     self._run_prepare()
     ~~~~~~~~~~~~~~~~~^^
   File "/home/lucas/anaconda3/lib/python3.13/site-packages/kivy/app.py", line 925, in _run_prepare
     root = self.build()
   File "/home/lucas/Programming/WFL_MixingCenter/render/walker.py", line 295, in build
     self.comp = run_app.build_app_composition(self.ns)
                 ~~~~~~~~~~~~~~~~~~~~~~~~~~~~~^^^^^^^^^
   File "/home/lucas/Programming/WFL_MixingCenter/render/run_app.py", line 123, in build_app_composition
     ns["ExerciseRepository"](db.exerciseDao()).seedIfNeeded()       # the exercise catalogue
     ~~~~~~~~~~~~~~~~~~~~~~~~~~~~~~~~~~~~~~~~~~~~~~~~~~~~~~~^^
   File "/home/lucas/Programming/WFL_MixingCenter/data/repository/ExerciseRepository.py", line 52, in seedIfNeeded
     self.dao.insertAllIgnore(ExerciseSeedData.ALL)
     ~~~~~~~~~~~~~~~~~~~~~~~~^^^^^^^^^^^^^^^^^^^^^^
   File "/home/lucas/Programming/WFL_MixingCenter/data/db/dao/ExerciseDao.py", line 31, in insertAllIgnore
     return self._insert(exercises)
            ~~~~~~~~~~~~^^^^^^^^^^^
   File "/home/lucas/Programming/PseudoCoup/tools/pseudokotlin/runtime/room.py", line 425, in _insert
     self._db.insert(e, replace)
     ~~~~~~~~~~~~~~~^^^^^^^^^^^^
   File "/home/lucas/Programming/PseudoCoup/tools/pseudokotlin/runtime/room.py", line 225, in insert
     self.invalidate({ent.table})
     ~~~~~~~~~~~~~~~^^^^^^^^^^^^^
   File "/home/lucas/Programming/PseudoCoup/tools/pseudokotlin/runtime/room.py", line 133, in invalidate
     lf._rerun()
     ~~~~~~~~~^^
   File "/home/lucas/Programming/PseudoCoup/tools/pseudokotlin/runtime/room.py", line 379, in _rerun
     self._push(self._run_query())
                ~~~~~~~~~~~~~~~^^
   File "/home/lucas/Programming/PseudoCoup/tools/pseudokotlin/runtime/room.py", line 389, in <lambda>
     return _LiveFlow(self._db, lambda: self._db.query(sql, params, pojo=pojo), _tables_in_sql(sql))
                                        ~~~~~~~~~~~~~~^^^^^^^^^^^^^^^^^^^^^^^^
   File "/home/lucas/Programming/PseudoCoup/tools/pseudokotlin/runtime/room.py", line 197, in query
     out = KtList(ent.factory({c.name: c.from_db(row[c.name]) for c in ent.columns}) for row in rows)
   File "/home/lucas/Programming/PseudoCoup/tools/pseudokotlin/runtime/room.py", line 197, in <genexpr>
     out = KtList(ent.factory({c.name: c.from_db(row[c.name]) for c in ent.columns}) for row in rows)
                                       ~~~~~~~~~^^^^^^^^^^^^^
   File "/home/lucas/Programming/PseudoCoup/tools/pseudokotlin/runtime/room.py", line 54, in from_db
     return KtList() if not v else KtList(self.enum.valueOf(t.strip()) for t in v.split(","))
                                   ~~~~~~^^^^^^^^^^^^^^^^^^^^^^^^^^^^^^^^^^^^^^^^^^^^^^^^^^^^
   File "/home/lucas/Programming/PseudoCoup/tools/pseudokotlin/runtime/room.py", line 54, in <genexpr>
     return KtList() if not v else KtList(self.enum.valueOf(t.strip()) for t in v.split(","))
                                          ~~~~~~~~~~~~~~~~~^^^^^^^^^^^
   File "/home/lucas/Programming/WFL_MixingCenter/data/model/MuscleGroup.py", line 78, in <lambda>
     MuscleGroup.valueOf = staticmethod(lambda s: next(e for e in MuscleGroup._entries if e.name == s))
                                                  ^^^^
   File "/home/lucas/Programming/PseudoCoup/tools/pseudokotlin/loader.py", line 52, in __missing__
     v = self._loader.resolve(self._key, k)       # KeyError here surfaces as NameError at the use site
   File "/home/lucas/Programming/PseudoCoup/tools/pseudokotlin/loader.py", line 91, in resolve
     raise KeyError(name)
           ~~~~~~~~^^^^^^
 KeyboardInterrupt
