[[1;32mINFO[0m   ] [Logger      ] Record log in /home/lucas/.kivy/logs/kivy_26-07-07_37.txt
[[1;32mINFO[0m   ] [Kivy        ] v2.3.1
[[1;32mINFO[0m   ] [Kivy        ] Installed at "/home/lucas/anaconda3/lib/python3.13/site-packages/kivy/__init__.py"
[[1;32mINFO[0m   ] [Python      ] v3.13.9 | packaged by Anaconda, Inc. | (main, Oct 21 2025, 19:16:10) [GCC 11.2.0]
[[1;32mINFO[0m   ] [Python      ] Interpreter at "/home/lucas/anaconda3/bin/python3"
[[1;32mINFO[0m   ] [Logger      ] Purge log fired. Processing...
[[1;32mINFO[0m   ] [Logger      ] Purge finished!
[[1;32mINFO[0m   ] [Factory     ] 195 symbols loaded
[[1;32mINFO[0m   ] [Image       ] Providers: img_tex, img_dds, img_sdl2, img_pil (img_ffpyplayer ignored)
[[1;32mINFO[0m   ] [Text        ] Provider: sdl2
[[1;32mINFO[0m   ] [Window      ] Provider: sdl2
[[1;32mINFO[0m   ] [GL          ] Using the "OpenGL" graphics system
[[1;32mINFO[0m   ] [GL          ] Backend used <sdl2>
[[1;32mINFO[0m   ] [GL          ] OpenGL version <b'4.5 (Compatibility Profile) Mesa 26.0.3-1ubuntu1'>
[[1;32mINFO[0m   ] [GL          ] OpenGL vendor <b'Mesa'>
[[1;32mINFO[0m   ] [GL          ] OpenGL renderer <b'llvmpipe (LLVM 21.1.8, 256 bits)'>
[[1;32mINFO[0m   ] [GL          ] OpenGL parsed version: 4, 5
[[1;32mINFO[0m   ] [GL          ] Shading version <b'4.50'>
[[1;32mINFO[0m   ] [GL          ] Texture max size <16384>
[[1;32mINFO[0m   ] [GL          ] Texture max units <32>
[[1;32mINFO[0m   ] [Window      ] auto add sdl2 input provider
[[1;32mINFO[0m   ] [Window      ] virtual keyboard not allowed, single mode, not docked
[[1;32mINFO[0m   ] [GL          ] NPOT texture support is available
[[1;32mINFO[0m   ] [ProbeSysfs  ] device match: /dev/input/event7
[[1;32mINFO[0m   ] [MTD         ] Read event from </dev/input/event7>
[[1;32mINFO[0m   ] [Base        ] Start application main loop
[[1;33mWARNING[0m] [MTD         ] Unable to open device "/dev/input/event7". Please ensure you have the appropriate permissions.

walk_service: TIMEOUT after 1800s
[[1;32mINFO[0m   ] [Base        ] Leaving application in progress...
=== running case: all (22 steps) ===
start route: today
Progress center px: (288, 40) size: (82, 80)
after tap Progress -> route: progress
You center px: (371, 40)
after tap You -> route: settings
dragging clickable Surface at (378, 897) (route before: today)
route after drag: today
route before Paths nav: today
after tap Paths -> route: paths
Paths screen texts (before enroll): ['You', 'Progress', 'Paths', 'Program', 'Home', 'Hey, User', 'Tuesday', 'Find your path', 'A Path connects your training to what actually matters — evidence-backed goals for mental health, bone strength, brain function, and more.', 'Start with your why.']
 Traceback (most recent call last):
   File "/home/lucas/Programming/WFL_MixingCenter/render/realtap_gate.py", line 513, in <module>
     print("=== running case: %s (%d steps) ===" % (args.case, len(Gate._STEP_NAMES)))
     ^^^^^^^^^
   File "/home/lucas/anaconda3/lib/python3.13/site-packages/kivy/app.py", line 956, in run
     runTouchApp()
     ~~~~~~~~~~~^^
   File "/home/lucas/anaconda3/lib/python3.13/site-packages/kivy/base.py", line 574, in runTouchApp
     EventLoop.mainloop()
     ~~~~~~~~~~~~~~~~~~^^
   File "/home/lucas/anaconda3/lib/python3.13/site-packages/kivy/base.py", line 339, in mainloop
     self.idle()
     ~~~~~~~~~^^
   File "/home/lucas/anaconda3/lib/python3.13/site-packages/kivy/base.py", line 379, in idle
     Clock.tick()
     ~~~~~~~~~~^^
   File "/home/lucas/anaconda3/lib/python3.13/site-packages/kivy/clock.py", line 733, in tick
     self.post_idle(ts, self.idle())
     ~~~~~~~~~~~~~~^^^^^^^^^^^^^^^^^
   File "/home/lucas/anaconda3/lib/python3.13/site-packages/kivy/clock.py", line 776, in post_idle
     self._process_events()
     ~~~~~~~~~~~~~~~~~~~~^^
   File "kivy/_clock.pyx", line 620, in kivy._clock.CyClockBase._process_events
   File "kivy/_clock.pyx", line 653, in kivy._clock.CyClockBase._process_events
   File "kivy/_clock.pyx", line 649, in kivy._clock.CyClockBase._process_events
   File "kivy/_clock.pyx", line 218, in kivy._clock.ClockEvent.tick
   File "/home/lucas/Programming/WFL_MixingCenter/render/realtap_gate.py", line 226, in _next
     try:
   File "/home/lucas/Programming/WFL_MixingCenter/render/realtap_gate.py", line 343, in _s_paths_empty_check
     print("Paths screen texts (before enroll):", texts)
     ^^^^^^^^^^^^^^^^^^^^^^^^^^^^^
   File "/home/lucas/Programming/WFL_MixingCenter/render/realtap_gate.py", line 52, in tap
     EventLoop.post_dispatch_input("end", t)
     ~~~~~~~~~~~~~~~~~~~~~~~~~~~~~^^^^^^^^^^
   File "/home/lucas/anaconda3/lib/python3.13/site-packages/kivy/base.py", line 263, in post_dispatch_input
     listener.dispatch('on_motion', etype, me)
     ~~~~~~~~~~~~~~~~~^^^^^^^^^^^^^^^^^^^^^^^^
   File "kivy/_event.pyx", line 731, in kivy._event.EventDispatcher.dispatch
   File "/home/lucas/anaconda3/lib/python3.13/site-packages/kivy/core/window/__init__.py", line 1713, in on_motion
     self.dispatch('on_touch_up', me)
     ~~~~~~~~~~~~~^^^^^^^^^^^^^^^^^^^
   File "kivy/_event.pyx", line 731, in kivy._event.EventDispatcher.dispatch
   File "/home/lucas/anaconda3/lib/python3.13/site-packages/kivy/core/window/__init__.py", line 1750, in on_touch_up
     if w.dispatch('on_touch_up', touch):
        ~~~~~~~~~~^^^^^^^^^^^^^^^^^^^^^^
   File "kivy/_event.pyx", line 731, in kivy._event.EventDispatcher.dispatch
   File "/home/lucas/anaconda3/lib/python3.13/site-packages/kivy/uix/widget.py", line 611, in on_touch_up
     if child.dispatch('on_touch_up', touch):
        ~~~~~~~~~~~~~~^^^^^^^^^^^^^^^^^^^^^^
   File "kivy/_event.pyx", line 731, in kivy._event.EventDispatcher.dispatch
   File "/home/lucas/anaconda3/lib/python3.13/site-packages/kivy/uix/widget.py", line 611, in on_touch_up
     if child.dispatch('on_touch_up', touch):
        ~~~~~~~~~~~~~~^^^^^^^^^^^^^^^^^^^^^^
   File "kivy/_event.pyx", line 731, in kivy._event.EventDispatcher.dispatch
   File "/home/lucas/anaconda3/lib/python3.13/site-packages/kivy/uix/widget.py", line 611, in on_touch_up
     if child.dispatch('on_touch_up', touch):
        ~~~~~~~~~~~~~~^^^^^^^^^^^^^^^^^^^^^^
   File "kivy/_event.pyx", line 731, in kivy._event.EventDispatcher.dispatch
   File "/home/lucas/anaconda3/lib/python3.13/site-packages/kivy/uix/widget.py", line 611, in on_touch_up
     if child.dispatch('on_touch_up', touch):
        ~~~~~~~~~~~~~~^^^^^^^^^^^^^^^^^^^^^^
   File "kivy/_event.pyx", line 731, in kivy._event.EventDispatcher.dispatch
   File "/home/lucas/anaconda3/lib/python3.13/site-packages/kivy/uix/scrollview.py", line 972, in on_touch_up
     if self.dispatch('on_scroll_stop', touch):
        ~~~~~~~~~~~~~^^^^^^^^^^^^^^^^^^^^^^^^^
   File "kivy/_event.pyx", line 731, in kivy._event.EventDispatcher.dispatch
   File "/home/lucas/anaconda3/lib/python3.13/site-packages/kivy/uix/scrollview.py", line 1009, in on_scroll_stop
     self.simulate_touch_down(touch)
     ~~~~~~~~~~~~~~~~~~~~~~~~^^^^^^^
   File "/home/lucas/anaconda3/lib/python3.13/site-packages/kivy/uix/scrollview.py", line 672, in simulate_touch_down
     ret = super(ScrollView, self).on_touch_down(touch)
   File "/home/lucas/anaconda3/lib/python3.13/site-packages/kivy/uix/widget.py", line 589, in on_touch_down
     if child.dispatch('on_touch_down', touch):
        ~~~~~~~~~~~~~~^^^^^^^^^^^^^^^^^^^^^^^^
   File "kivy/_event.pyx", line 731, in kivy._event.EventDispatcher.dispatch
   File "/home/lucas/anaconda3/lib/python3.13/site-packages/kivy/uix/widget.py", line 589, in on_touch_down
     if child.dispatch('on_touch_down', touch):
        ~~~~~~~~~~~~~~^^^^^^^^^^^^^^^^^^^^^^^^
   File "kivy/_event.pyx", line 731, in kivy._event.EventDispatcher.dispatch
   File "/home/lucas/anaconda3/lib/python3.13/site-packages/kivy/uix/widget.py", line 589, in on_touch_down
     if child.dispatch('on_touch_down', touch):
        ~~~~~~~~~~~~~~^^^^^^^^^^^^^^^^^^^^^^^^
   File "kivy/_event.pyx", line 731, in kivy._event.EventDispatcher.dispatch
   File "/home/lucas/anaconda3/lib/python3.13/site-packages/kivy/uix/widget.py", line 589, in on_touch_down
     if child.dispatch('on_touch_down', touch):
        ~~~~~~~~~~~~~~^^^^^^^^^^^^^^^^^^^^^^^^
   File "kivy/_event.pyx", line 727, in kivy._event.EventDispatcher.dispatch
   File "kivy/_event.pyx", line 1307, in kivy._event.EventObservers.dispatch
   File "kivy/_event.pyx", line 1231, in kivy._event.EventObservers._dispatch
   File "/home/lucas/Programming/WFL_MixingCenter/render/kivy_kit.py", line 970, in _click_down
     layer = _click_layer(w)
   File "/home/lucas/Programming/WFL_MixingCenter/render/kivy_kit.py", line 957, in _click_layer
     p = getattr(p, "parent", None)
 KeyboardInterrupt
