[[1;32mINFO[0m   ] [Logger      ] Record log in /home/lucas/.kivy/logs/kivy_26-07-07_73.txt
[[1;32mINFO[0m   ] [Kivy        ] v2.3.1
[[1;32mINFO[0m   ] [Kivy        ] Installed at "/home/lucas/anaconda3/lib/python3.13/site-packages/kivy/__init__.py"
[[1;32mINFO[0m   ] [Python      ] v3.13.9 | packaged by Anaconda, Inc. | (main, Oct 21 2025, 19:16:10) [GCC 11.2.0]
[[1;32mINFO[0m   ] [Python      ] Interpreter at "/home/lucas/anaconda3/bin/python3"
[[1;32mINFO[0m   ] [Logger      ] Purge log fired. Processing...
[[1;32mINFO[0m   ] [Logger      ] Purge finished!
[[1;32mINFO[0m   ] [Factory     ] 195 symbols loaded
[[1;32mINFO[0m   ] [Image       ] Providers: img_tex, img_dds, img_sdl2, img_pil (img_ffpyplayer ignored)
[[1;32mINFO[0m   ] [Text        ] Provider: sdl2
[[1;32mINFO[0m   ] [Window      ] Provider: sdl2
[[1;32mINFO[0m   ] [GL          ] Using the "OpenGL" graphics system
[[1;32mINFO[0m   ] [GL          ] Backend used <sdl2>
[[1;32mINFO[0m   ] [GL          ] OpenGL version <b'4.5 (Compatibility Profile) Mesa 26.0.3-1ubuntu1'>
[[1;32mINFO[0m   ] [GL          ] OpenGL vendor <b'Mesa'>
[[1;32mINFO[0m   ] [GL          ] OpenGL renderer <b'llvmpipe (LLVM 21.1.8, 256 bits)'>
[[1;32mINFO[0m   ] [GL          ] OpenGL parsed version: 4, 5
[[1;32mINFO[0m   ] [GL          ] Shading version <b'4.50'>
[[1;32mINFO[0m   ] [GL          ] Texture max size <16384>
[[1;32mINFO[0m   ] [GL          ] Texture max units <32>
[[1;32mINFO[0m   ] [Window      ] auto add sdl2 input provider
[[1;32mINFO[0m   ] [Window      ] virtual keyboard not allowed, single mode, not docked
[[1;32mINFO[0m   ] [GL          ] NPOT texture support is available
[[1;32mINFO[0m   ] [ProbeSysfs  ] device match: /dev/input/event7
[[1;32mINFO[0m   ] [MTD         ] Read event from </dev/input/event7>
[[1;32mINFO[0m   ] [Base        ] Start application main loop
[[1;33mWARNING[0m] [MTD         ] Unable to open device "/dev/input/event7". Please ensure you have the appropriate permissions.
[[1;32mINFO[0m   ] [Base        ] Leaving application in progress...
BOOT state=a9042090fa n_actions=7 unsettled=False 5.66s
[[1;32mINFO[0m   ] [ProbeSysfs  ] device match: /dev/input/event7
[[1;32mINFO[0m   ] [MTD         ] Read event from </dev/input/event7>
[[1;32mINFO[0m   ] [Base        ] Start application main loop
[[1;33mWARNING[0m] [MTD         ] Unable to open device "/dev/input/event7". Please ensure you have the appropriate permissions.
DEBUG _fire begin <function GlitterBurstStar.<locals>._lam5.<locals>._lam10 at 0x7b1be5583b00>
DEBUG _fire handler done in 0.000s, flushing
DEBUG _fire flush done in 0.036s
[[1;32mINFO[0m   ] [Base        ] Leaving application in progress...
STEP path=[] ordinal=0 action={'kind': 'Surface', 'label': 'Surface', 'handler_kind': 'onClick', 'ordinal': 0} dest=['f3d8f87967'] error=None unsettled=False 5.05s
[[1;32mINFO[0m   ] [ProbeSysfs  ] device match: /dev/input/event7
[[1;32mINFO[0m   ] [MTD         ] Read event from </dev/input/event7>
[[1;32mINFO[0m   ] [Base        ] Start application main loop
[[1;33mWARNING[0m] [MTD         ] Unable to open device "/dev/input/event7". Please ensure you have the appropriate permissions.
DEBUG _fire begin <function AppNavigation.<locals>._lam28.<locals>._lam29.<locals>._lam30.<locals>._lam31.<locals>._lam34 at 0x7b1be42104a0>
DEBUG _fire handler done in 0.000s, flushing
DEBUG _fire flush done in 0.000s
[[1;32mINFO[0m   ] [Base        ] Leaving application in progress...
STEP path=[] ordinal=1 action={'kind': 'NavigationBarItem', 'label': 'Home', 'handler_kind': 'onClick', 'ordinal': 1} dest=['a9042090fa'] error=None unsettled=False 5.48s
[[1;32mINFO[0m   ] [ProbeSysfs  ] device match: /dev/input/event7
[[1;32mINFO[0m   ] [MTD         ] Read event from </dev/input/event7>
[[1;32mINFO[0m   ] [Base        ] Start application main loop
[[1;33mWARNING[0m] [MTD         ] Unable to open device "/dev/input/event7". Please ensure you have the appropriate permissions.
DEBUG _fire begin <function AppNavigation.<locals>._lam28.<locals>._lam29.<locals>._lam30.<locals>._lam31.<locals>._lam34 at 0x7b1bdbae6480>
DEBUG _fire handler done in 0.000s, flushing
DEBUG _fire flush done in 0.028s
[[1;32mINFO[0m   ] [Base        ] Leaving application in progress...
STEP path=[] ordinal=2 action={'kind': 'NavigationBarItem', 'label': 'Program', 'handler_kind': 'onClick', 'ordinal': 2} dest=['98e2eea845'] error=None unsettled=False 5.83s
[[1;32mINFO[0m   ] [ProbeSysfs  ] device match: /dev/input/event7
[[1;32mINFO[0m   ] [MTD         ] Read event from </dev/input/event7>
[[1;32mINFO[0m   ] [Base        ] Start application main loop
[[1;33mWARNING[0m] [MTD         ] Unable to open device "/dev/input/event7". Please ensure you have the appropriate permissions.
DEBUG _fire begin <function AppNavigation.<locals>._lam28.<locals>._lam29.<locals>._lam30.<locals>._lam31.<locals>._lam34 at 0x7b1be454ce00>
DEBUG _fire handler done in 0.000s, flushing
DEBUG _fire flush done in 0.029s
[[1;32mINFO[0m   ] [Base        ] Leaving application in progress...
STEP path=[] ordinal=3 action={'kind': 'NavigationBarItem', 'label': 'Paths', 'handler_kind': 'onClick', 'ordinal': 3} dest=['56d7032185'] error=None unsettled=False 6.27s
[[1;32mINFO[0m   ] [ProbeSysfs  ] device match: /dev/input/event7
[[1;32mINFO[0m   ] [MTD         ] Read event from </dev/input/event7>
[[1;32mINFO[0m   ] [Base        ] Start application main loop
[[1;33mWARNING[0m] [MTD         ] Unable to open device "/dev/input/event7". Please ensure you have the appropriate permissions.
DEBUG _fire begin <function AppNavigation.<locals>._lam28.<locals>._lam29.<locals>._lam30.<locals>._lam31.<locals>._lam34 at 0x7b1bdb12ef20>
DEBUG _fire handler done in 0.000s, flushing
DEBUG _fire flush done in 0.048s
[[1;32mINFO[0m   ] [Base        ] Leaving application in progress...
STEP path=[] ordinal=4 action={'kind': 'NavigationBarItem', 'label': 'Progress', 'handler_kind': 'onClick', 'ordinal': 4} dest=['600141839b'] error=None unsettled=False 6.62s
[[1;32mINFO[0m   ] [ProbeSysfs  ] device match: /dev/input/event7
[[1;32mINFO[0m   ] [MTD         ] Read event from </dev/input/event7>
[[1;32mINFO[0m   ] [Base        ] Start application main loop
[[1;33mWARNING[0m] [MTD         ] Unable to open device "/dev/input/event7". Please ensure you have the appropriate permissions.
DEBUG _fire begin <function AppNavigation.<locals>._lam28.<locals>._lam29.<locals>._lam30.<locals>._lam31.<locals>._lam34 at 0x7b1bda571080>
DEBUG _fire handler done in 0.000s, flushing
DEBUG _fire flush done in 0.057s
[[1;32mINFO[0m   ] [Base        ] Leaving application in progress...
STEP path=[] ordinal=5 action={'kind': 'NavigationBarItem', 'label': 'You', 'handler_kind': 'onClick', 'ordinal': 5} dest=['42e7e342b7'] error=None unsettled=False 8.80s
[[1;32mINFO[0m   ] [ProbeSysfs  ] device match: /dev/input/event7
[[1;32mINFO[0m   ] [MTD         ] Read event from </dev/input/event7>
[[1;32mINFO[0m   ] [Base        ] Start application main loop
[[1;33mWARNING[0m] [MTD         ] Unable to open device "/dev/input/event7". Please ensure you have the appropriate permissions.
DEBUG _fire begin <function TodayScreen.<locals>._lam4.<locals>._lam18 at 0x7b1bda2c1800>
DEBUG _fire handler done in 0.000s, flushing
DEBUG _fire flush done in 0.034s
[[1;32mINFO[0m   ] [Base        ] Leaving application in progress...
STEP path=[] ordinal=6 action={'kind': 'FloatingActionButton', 'label': 'FloatingActionButton', 'handler_kind': 'onClick', 'ordinal': 6} dest=['b2a855f5b0'] error=None unsettled=False 8.83s
[[1;32mINFO[0m   ] [ProbeSysfs  ] device match: /dev/input/event7
[[1;32mINFO[0m   ] [MTD         ] Read event from </dev/input/event7>
[[1;32mINFO[0m   ] [Base        ] Start application main loop
[[1;33mWARNING[0m] [MTD         ] Unable to open device "/dev/input/event7". Please ensure you have the appropriate permissions.
DEBUG _fire begin <function GlitterBurstStar.<locals>._lam5.<locals>._lam10 at 0x7b1bda07bf60>
DEBUG _fire handler done in 0.000s, flushing
DEBUG _fire flush done in 0.029s
[[1;32mINFO[0m   ] [Base        ] Leaving application in progress...
STEP path=[0] action=<count-actions-for-new-frontier-frame> result=n_actions=9 9.29s
[[1;32mINFO[0m   ] [ProbeSysfs  ] device match: /dev/input/event7
[[1;32mINFO[0m   ] [MTD         ] Read event from </dev/input/event7>
[[1;32mINFO[0m   ] [Base        ] Start application main loop
[[1;33mWARNING[0m] [MTD         ] Unable to open device "/dev/input/event7". Please ensure you have the appropriate permissions.
DEBUG _fire begin <function AppNavigation.<locals>._lam28.<locals>._lam29.<locals>._lam30.<locals>._lam31.<locals>._lam34 at 0x7b1bd9f68680>
DEBUG _fire handler done in 0.000s, flushing
DEBUG _fire flush done in 0.030s
[[1;32mINFO[0m   ] [Base        ] Leaving application in progress...
STEP path=[2] action=<count-actions-for-new-frontier-frame> result=n_actions=7 9.37s
[[1;32mINFO[0m   ] [ProbeSysfs  ] device match: /dev/input/event7
[[1;32mINFO[0m   ] [MTD         ] Read event from </dev/input/event7>
[[1;32mINFO[0m   ] [Base        ] Start application main loop
[[1;33mWARNING[0m] [MTD         ] Unable to open device "/dev/input/event7". Please ensure you have the appropriate permissions.
DEBUG _fire begin <function AppNavigation.<locals>._lam28.<locals>._lam29.<locals>._lam30.<locals>._lam31.<locals>._lam34 at 0x7b1bd8a1e980>
DEBUG _fire handler done in 0.000s, flushing
DEBUG _fire flush done in 0.030s
[[1;32mINFO[0m   ] [Base        ] Leaving application in progress...
STEP path=[3] action=<count-actions-for-new-frontier-frame> result=n_actions=7 9.98s
[[1;32mINFO[0m   ] [ProbeSysfs  ] device match: /dev/input/event7
[[1;32mINFO[0m   ] [MTD         ] Read event from </dev/input/event7>
[[1;32mINFO[0m   ] [Base        ] Start application main loop
[[1;33mWARNING[0m] [MTD         ] Unable to open device "/dev/input/event7". Please ensure you have the appropriate permissions.
DEBUG _fire begin <function AppNavigation.<locals>._lam28.<locals>._lam29.<locals>._lam30.<locals>._lam31.<locals>._lam34 at 0x7b1bd95989a0>
DEBUG _fire handler done in 0.000s, flushing
DEBUG _fire flush done in 0.043s
[[1;32mINFO[0m   ] [Base        ] Leaving application in progress...
STEP path=[4] action=<count-actions-for-new-frontier-frame> result=n_actions=11 10.72s
[[1;32mINFO[0m   ] [ProbeSysfs  ] device match: /dev/input/event7
[[1;32mINFO[0m   ] [MTD         ] Read event from </dev/input/event7>
[[1;32mINFO[0m   ] [Base        ] Start application main loop
[[1;33mWARNING[0m] [MTD         ] Unable to open device "/dev/input/event7". Please ensure you have the appropriate permissions.
DEBUG _fire begin <function AppNavigation.<locals>._lam28.<locals>._lam29.<locals>._lam30.<locals>._lam31.<locals>._lam34 at 0x7b1bda039440>
DEBUG _fire handler done in 0.000s, flushing
DEBUG _fire flush done in 0.344s
[[1;32mINFO[0m   ] [Base        ] Leaving application in progress...
STEP path=[5] action=<count-actions-for-new-frontier-frame> result=n_actions=35 12.36s
[[1;32mINFO[0m   ] [ProbeSysfs  ] device match: /dev/input/event7
[[1;32mINFO[0m   ] [MTD         ] Read event from </dev/input/event7>
[[1;32mINFO[0m   ] [Base        ] Start application main loop
[[1;33mWARNING[0m] [MTD         ] Unable to open device "/dev/input/event7". Please ensure you have the appropriate permissions.
DEBUG _fire begin <function TodayScreen.<locals>._lam4.<locals>._lam18 at 0x7b1bd82c6700>
DEBUG _fire handler done in 0.000s, flushing
DEBUG _fire flush done in 0.034s
[[1;32mINFO[0m   ] [Base        ] Leaving application in progress...
STEP path=[6] action=<count-actions-for-new-frontier-frame> result=n_actions=11 12.68s
# py_walk summary
states: 7
edges:  7
crashed edges: 0
nav-bar destinations reached: ['my_program', 'paths', 'progress', 'settings', 'today'] (5/5)
distinct routes/screens reached: ['my_program', 'paths', 'progress', 'settings', 'today'] (5/27 known Screen.kt routes)
frontier remaining: 6
done: False
