[[1;32mINFO[0m   ] [Logger      ] Record log in /home/lucas/.kivy/logs/kivy_26-07-07_75.txt
[[1;32mINFO[0m   ] [Kivy        ] v2.3.1
[[1;32mINFO[0m   ] [Kivy        ] Installed at "/home/lucas/anaconda3/lib/python3.13/site-packages/kivy/__init__.py"
[[1;32mINFO[0m   ] [Python      ] v3.13.9 | packaged by Anaconda, Inc. | (main, Oct 21 2025, 19:16:10) [GCC 11.2.0]
[[1;32mINFO[0m   ] [Python      ] Interpreter at "/home/lucas/anaconda3/bin/python3"
[[1;32mINFO[0m   ] [Logger      ] Purge log fired. Processing...
[[1;32mINFO[0m   ] [Logger      ] Purge finished!
[[1;32mINFO[0m   ] [Factory     ] 195 symbols loaded
[[1;32mINFO[0m   ] [Image       ] Providers: img_tex, img_dds, img_sdl2, img_pil (img_ffpyplayer ignored)
[[1;32mINFO[0m   ] [Text        ] Provider: sdl2
[[1;32mINFO[0m   ] [Window      ] Provider: sdl2
[[1;32mINFO[0m   ] [GL          ] Using the "OpenGL" graphics system
[[1;32mINFO[0m   ] [GL          ] Backend used <sdl2>
[[1;32mINFO[0m   ] [GL          ] OpenGL version <b'4.5 (Compatibility Profile) Mesa 26.0.3-1ubuntu1'>
[[1;32mINFO[0m   ] [GL          ] OpenGL vendor <b'Mesa'>
[[1;32mINFO[0m   ] [GL          ] OpenGL renderer <b'llvmpipe (LLVM 21.1.8, 256 bits)'>
[[1;32mINFO[0m   ] [GL          ] OpenGL parsed version: 4, 5
[[1;32mINFO[0m   ] [GL          ] Shading version <b'4.50'>
[[1;32mINFO[0m   ] [GL          ] Texture max size <16384>
[[1;32mINFO[0m   ] [GL          ] Texture max units <32>
[[1;32mINFO[0m   ] [Window      ] auto add sdl2 input provider
[[1;32mINFO[0m   ] [Window      ] virtual keyboard not allowed, single mode, not docked
# py_walk summary
states: 33
edges:  142
crashed edges: 27
nav-bar destinations reached: ['my_program', 'paths', 'progress', 'settings', 'today'] (5/5)
distinct routes/screens reached: ['my_program', 'paths', 'programs', 'progress', 'settings', 'today'] (6/27 known Screen.kt routes)
frontier remaining: 22
done: False

## crashes (findings, not fixed here)
  - {'handler_kind': 'onDismissRequest', 'kind': 'ModalBottomSheet', 'label': "Notifications / Settings / You're all c…", 'ordinal': 0}: {'message': 'widget for node not found in mounted tree (recompose moved/removed it)', 'type': 'LookupError'}
  - {'handler_kind': 'onClick', 'kind': 'TextButton', 'label': 'Settings', 'ordinal': 1}: {'message': 'widget for node not found in mounted tree (recompose moved/removed it)', 'type': 'LookupError'}
  - {'handler_kind': 'onDismissRequest', 'kind': 'DropdownMenu', 'label': 'No lingo / RPE / RIR', 'ordinal': 9}: {'message': 'widget for node not found in mounted tree (recompose moved/removed it)', 'type': 'LookupError'}
  - {'handler_kind': 'onClick', 'kind': 'DropdownMenuItem', 'label': 'No lingo', 'ordinal': 10}: {'message': 'widget for node not found in mounted tree (recompose moved/removed it)', 'type': 'LookupError'}
  - {'handler_kind': 'onClick', 'kind': 'DropdownMenuItem', 'label': 'RPE', 'ordinal': 11}: {'message': 'widget for node not found in mounted tree (recompose moved/removed it)', 'type': 'LookupError'}
  - {'handler_kind': 'onClick', 'kind': 'DropdownMenuItem', 'label': 'RIR', 'ordinal': 12}: {'message': 'widget for node not found in mounted tree (recompose moved/removed it)', 'type': 'LookupError'}
  - {'handler_kind': 'onDismissRequest', 'kind': 'DropdownMenu', 'label': 'KG / LB', 'ordinal': 14}: {'message': 'widget for node not found in mounted tree (recompose moved/removed it)', 'type': 'LookupError'}
  - {'handler_kind': 'onClick', 'kind': 'DropdownMenuItem', 'label': 'KG', 'ordinal': 15}: {'message': 'widget for node not found in mounted tree (recompose moved/removed it)', 'type': 'LookupError'}
  - {'handler_kind': 'onClick', 'kind': 'DropdownMenuItem', 'label': 'LB', 'ordinal': 16}: {'message': 'widget for node not found in mounted tree (recompose moved/removed it)', 'type': 'LookupError'}
  - {'handler_kind': 'onDismissRequest', 'kind': 'DropdownMenu', 'label': 'No lingo / RPE / RIR', 'ordinal': 10}: {'message': 'widget for node not found in mounted tree (recompose moved/removed it)', 'type': 'LookupError'}
  - {'handler_kind': 'onDismissRequest', 'kind': 'ModalBottomSheet', 'label': "Notifications / Settings / You're all c…", 'ordinal': 0}: {'message': 'widget for node not found in mounted tree (recompose moved/removed it)', 'type': 'LookupError'}
  - {'handler_kind': 'onClick', 'kind': 'TextButton', 'label': 'Settings', 'ordinal': 1}: {'message': 'widget for node not found in mounted tree (recompose moved/removed it)', 'type': 'LookupError'}
  - {'handler_kind': 'onClick', 'kind': 'OutlinedButton', 'label': 'Resume', 'ordinal': 3}: {'message': "viewmodel_of: construction of WorkoutExecutionViewModel raised TypeError: unsupported operand type(s) for *: 'float' and 'NoneType' -- this is a real bug (in the ViewModel or a dependency it eagerly e", 'type': 'RuntimeError'}
  - {'handler_kind': 'onDismissRequest', 'kind': 'ModalBottomSheet', 'label': "Notifications / Settings / You're all c…", 'ordinal': 0}: {'message': 'widget for node not found in mounted tree (recompose moved/removed it)', 'type': 'LookupError'}
  - {'handler_kind': 'onClick', 'kind': 'TextButton', 'label': 'Settings', 'ordinal': 1}: {'message': 'widget for node not found in mounted tree (recompose moved/removed it)', 'type': 'LookupError'}
  - {'handler_kind': 'onClick', 'kind': 'OutlinedButton', 'label': 'Resume', 'ordinal': 3}: {'message': "viewmodel_of: construction of WorkoutExecutionViewModel raised TypeError: unsupported operand type(s) for *: 'float' and 'NoneType' -- this is a real bug (in the ViewModel or a dependency it eagerly e", 'type': 'RuntimeError'}
  - None: {'message': 'step timeout', 'phase': 'replay/session', 'type': 'TimeoutError'}
  - {'handler_kind': 'onDismissRequest', 'kind': 'ModalBottomSheet', 'label': "Notifications / Settings / You're all c…", 'ordinal': 0}: {'message': 'widget for node not found in mounted tree (recompose moved/removed it)', 'type': 'LookupError'}
  - {'handler_kind': 'onClick', 'kind': 'TextButton', 'label': 'Settings', 'ordinal': 1}: {'message': 'widget for node not found in mounted tree (recompose moved/removed it)', 'type': 'LookupError'}
  - {'handler_kind': 'onClick', 'kind': 'OutlinedButton', 'label': 'Resume', 'ordinal': 3}: {'message': "viewmodel_of: construction of WorkoutExecutionViewModel raised TypeError: unsupported operand type(s) for *: 'float' and 'NoneType' -- this is a real bug (in the ViewModel or a dependency it eagerly e", 'type': 'RuntimeError'}
  - {'handler_kind': 'onDismissRequest', 'kind': 'ModalBottomSheet', 'label': "Notifications / Settings / You're all c…", 'ordinal': 0}: {'message': 'widget for node not found in mounted tree (recompose moved/removed it)', 'type': 'LookupError'}
  - {'handler_kind': 'onClick', 'kind': 'TextButton', 'label': 'Settings', 'ordinal': 1}: {'message': 'widget for node not found in mounted tree (recompose moved/removed it)', 'type': 'LookupError'}
  - {'handler_kind': 'onClick', 'kind': 'OutlinedButton', 'label': 'Resume', 'ordinal': 3}: {'message': "viewmodel_of: construction of WorkoutExecutionViewModel raised TypeError: unsupported operand type(s) for *: 'float' and 'NoneType' -- this is a real bug (in the ViewModel or a dependency it eagerly e", 'type': 'RuntimeError'}
  - {'handler_kind': 'onClick', 'kind': 'Tab', 'label': 'History', 'ordinal': 11}: {'message': "viewmodel_of: construction of WorkoutExecutionViewModel raised TypeError: unsupported operand type(s) for *: 'float' and 'NoneType' -- this is a real bug (in the ViewModel or a dependency it eagerly e", 'type': 'RuntimeError'}
  - {'handler_kind': 'onDismissRequest', 'kind': 'ModalBottomSheet', 'label': "Notifications / Settings / You're all c…", 'ordinal': 0}: {'message': 'widget for node not found in mounted tree (recompose moved/removed it)', 'type': 'LookupError'}
  - {'handler_kind': 'onClick', 'kind': 'TextButton', 'label': 'Settings', 'ordinal': 1}: {'message': 'widget for node not found in mounted tree (recompose moved/removed it)', 'type': 'LookupError'}
  - {'handler_kind': 'onClick', 'kind': 'OutlinedButton', 'label': 'Resume', 'ordinal': 3}: {'message': "viewmodel_of: construction of WorkoutExecutionViewModel raised TypeError: unsupported operand type(s) for *: 'float' and 'NoneType' -- this is a real bug (in the ViewModel or a dependency it eagerly e", 'type': 'RuntimeError'}
