[[1;32mINFO[0m   ] [Logger      ] Record log in /home/lucas/.kivy/logs/kivy_26-07-07_77.txt
[[1;32mINFO[0m   ] [Kivy        ] v2.3.1
[[1;32mINFO[0m   ] [Kivy        ] Installed at "/home/lucas/anaconda3/lib/python3.13/site-packages/kivy/__init__.py"
[[1;32mINFO[0m   ] [Python      ] v3.13.9 | packaged by Anaconda, Inc. | (main, Oct 21 2025, 19:16:10) [GCC 11.2.0]
[[1;32mINFO[0m   ] [Python      ] Interpreter at "/home/lucas/anaconda3/bin/python3"
[[1;32mINFO[0m   ] [Logger      ] Purge log fired. Processing...
[[1;32mINFO[0m   ] [Logger      ] Purge finished!
[[1;32mINFO[0m   ] [Factory     ] 195 symbols loaded
[[1;32mINFO[0m   ] [Image       ] Providers: img_tex, img_dds, img_sdl2, img_pil (img_ffpyplayer ignored)
[[1;32mINFO[0m   ] [Text        ] Provider: sdl2
[[1;32mINFO[0m   ] [Window      ] Provider: sdl2
[[1;32mINFO[0m   ] [GL          ] Using the "OpenGL" graphics system
[[1;32mINFO[0m   ] [GL          ] Backend used <sdl2>
[[1;32mINFO[0m   ] [GL          ] OpenGL version <b'4.5 (Compatibility Profile) Mesa 26.0.3-1ubuntu1'>
[[1;32mINFO[0m   ] [GL          ] OpenGL vendor <b'Mesa'>
[[1;32mINFO[0m   ] [GL          ] OpenGL renderer <b'llvmpipe (LLVM 21.1.8, 256 bits)'>
[[1;32mINFO[0m   ] [GL          ] OpenGL parsed version: 4, 5
[[1;32mINFO[0m   ] [GL          ] Shading version <b'4.50'>
[[1;32mINFO[0m   ] [GL          ] Texture max size <16384>
[[1;32mINFO[0m   ] [GL          ] Texture max units <32>
[[1;32mINFO[0m   ] [Window      ] auto add sdl2 input provider
[[1;32mINFO[0m   ] [Window      ] virtual keyboard not allowed, single mode, not docked
[[1;32mINFO[0m   ] [GL          ] NPOT texture support is available
[[1;32mINFO[0m   ] [ProbeSysfs  ] device match: /dev/input/event7
[[1;32mINFO[0m   ] [MTD         ] Read event from </dev/input/event7>
[[1;32mINFO[0m   ] [Base        ] Start application main loop
[[1;33mWARNING[0m] [MTD         ] Unable to open device "/dev/input/event7". Please ensure you have the appropriate permissions.
DEBUG _fire begin <function GlitterBurstStar.<locals>._lam5.<locals>._lam10 at 0x724aed73d580>
DEBUG _fire handler done in 0.000s, flushing
DEBUG _fire flush done in 0.144s
DEBUG _fire begin <function AppNavigation.<locals>._lam28.<locals>._lam29.<locals>._lam30.<locals>._lam31.<locals>._lam34 at 0x724aedaf4040>
DEBUG _fire handler done in 0.000s, flushing
DEBUG _fire flush done in 0.028s
DEBUG _fire begin <function AppNavigation.<locals>._lam28.<locals>._lam29.<locals>._lam30.<locals>._lam31.<locals>._lam34 at 0x724aec93b380>
DEBUG _fire handler done in 0.000s, flushing
DEBUG _fire flush done in 0.035s
[[1;32mINFO[0m   ] [Base        ] Leaving application in progress...
STEP path=[0, 4] ordinal=3 action={'kind': 'NavigationBarItem', 'label': 'Home', 'handler_kind': 'onClick', 'ordinal': 3} dest=['f3d8f87967'] error=None unsettled=False 6.54s
[[1;32mINFO[0m   ] [ProbeSysfs  ] device match: /dev/input/event7
[[1;32mINFO[0m   ] [MTD         ] Read event from </dev/input/event7>
[[1;32mINFO[0m   ] [Base        ] Start application main loop
[[1;33mWARNING[0m] [MTD         ] Unable to open device "/dev/input/event7". Please ensure you have the appropriate permissions.
DEBUG _fire begin <function GlitterBurstStar.<locals>._lam5.<locals>._lam10 at 0x724ae5fdd4e0>
DEBUG _fire handler done in 0.000s, flushing
DEBUG _fire flush done in 0.029s
DEBUG _fire begin <function AppNavigation.<locals>._lam28.<locals>._lam29.<locals>._lam30.<locals>._lam31.<locals>._lam34 at 0x724ae5c162a0>
DEBUG _fire handler done in 0.000s, flushing
DEBUG _fire flush done in 0.038s
DEBUG _fire begin <function AppNavigation.<locals>._lam28.<locals>._lam29.<locals>._lam30.<locals>._lam31.<locals>._lam34 at 0x724ae560aca0>
DEBUG _fire handler done in 0.000s, flushing
DEBUG _fire flush done in 0.035s
[[1;32mINFO[0m   ] [Base        ] Leaving application in progress...
STEP path=[0, 5] ordinal=3 action={'kind': 'NavigationBarItem', 'label': 'Home', 'handler_kind': 'onClick', 'ordinal': 3} dest=['f3d8f87967'] error=None unsettled=False 5.46s
