[[1;32mINFO[0m   ] [Logger      ] Record log in /home/lucas/.kivy/logs/kivy_26-07-08_1.txt
[[1;32mINFO[0m   ] [Kivy        ] v2.3.1
[[1;32mINFO[0m   ] [Kivy        ] Installed at "/home/lucas/anaconda3/lib/python3.13/site-packages/kivy/__init__.py"
[[1;32mINFO[0m   ] [Python      ] v3.13.9 | packaged by Anaconda, Inc. | (main, Oct 21 2025, 19:16:10) [GCC 11.2.0]
[[1;32mINFO[0m   ] [Python      ] Interpreter at "/home/lucas/anaconda3/bin/python3"
[[1;32mINFO[0m   ] [Logger      ] Purge log fired. Processing...
[[1;32mINFO[0m   ] [Logger      ] Purge finished!
[[1;32mINFO[0m   ] [Factory     ] 195 symbols loaded
[[1;32mINFO[0m   ] [Image       ] Providers: img_tex, img_dds, img_sdl2, img_pil (img_ffpyplayer ignored)
[[1;32mINFO[0m   ] [Text        ] Provider: sdl2
[[1;32mINFO[0m   ] [Window      ] Provider: sdl2
[[1;32mINFO[0m   ] [GL          ] Using the "OpenGL" graphics system
[[1;32mINFO[0m   ] [GL          ] Backend used <sdl2>
[[1;32mINFO[0m   ] [GL          ] OpenGL version <b'4.5 (Compatibility Profile) Mesa 26.0.3-1ubuntu1'>
[[1;32mINFO[0m   ] [GL          ] OpenGL vendor <b'Mesa'>
[[1;32mINFO[0m   ] [GL          ] OpenGL renderer <b'llvmpipe (LLVM 21.1.8, 256 bits)'>
[[1;32mINFO[0m   ] [GL          ] OpenGL parsed version: 4, 5
[[1;32mINFO[0m   ] [GL          ] Shading version <b'4.50'>
[[1;32mINFO[0m   ] [GL          ] Texture max size <16384>
[[1;32mINFO[0m   ] [GL          ] Texture max units <32>
[[1;32mINFO[0m   ] [Window      ] auto add sdl2 input provider
[[1;32mINFO[0m   ] [Window      ] virtual keyboard not allowed, single mode, not docked
[[1;32mINFO[0m   ] [GL          ] NPOT texture support is available
[[1;32mINFO[0m   ] [ProbeSysfs  ] device match: /dev/input/event7
[[1;32mINFO[0m   ] [MTD         ] Read event from </dev/input/event7>
[[1;32mINFO[0m   ] [Base        ] Start application main loop
[[1;33mWARNING[0m] [MTD         ] Unable to open device "/dev/input/event7". Please ensure you have the appropriate permissions.
DEBUG _fire begin <function GlitterBurstStar.<locals>._lam5.<locals>._lam10 at 0x7b744d6b9760>
DEBUG _fire handler done in 0.000s, flushing
DEBUG _fire flush done in 0.126s
DEBUG _fire begin <function AppNavigation.<locals>._lam28.<locals>._lam29.<locals>._lam30.<locals>._lam31.<locals>._lam34 at 0x7b744d4b6200>
DEBUG _fire handler done in 0.000s, flushing
DEBUG _fire flush done in 0.032s
DEBUG _fire begin <function AppNavigation.<locals>._lam28.<locals>._lam29.<locals>._lam30.<locals>._lam31.<locals>._lam34 at 0x7b744d1c31a0>
DEBUG _fire handler done in 0.000s, flushing
DEBUG _fire flush done in 0.040s
[[1;32mINFO[0m   ] [Base        ] Leaving application in progress...
STEP path=[0, 4] ordinal=6 action={'kind': 'NavigationBarItem', 'label': 'Progress', 'handler_kind': 'onClick', 'ordinal': 6} dest=['5039024228'] error=None unsettled=False 5.91s
[[1;32mINFO[0m   ] [ProbeSysfs  ] device match: /dev/input/event7
[[1;32mINFO[0m   ] [MTD         ] Read event from </dev/input/event7>
[[1;32mINFO[0m   ] [Base        ] Start application main loop
[[1;33mWARNING[0m] [MTD         ] Unable to open device "/dev/input/event7". Please ensure you have the appropriate permissions.
DEBUG _fire begin <function GlitterBurstStar.<locals>._lam5.<locals>._lam10 at 0x7b74460963e0>
DEBUG _fire handler done in 0.000s, flushing
DEBUG _fire flush done in 0.032s
DEBUG _fire begin <function AppNavigation.<locals>._lam28.<locals>._lam29.<locals>._lam30.<locals>._lam31.<locals>._lam34 at 0x7b7446208d60>
DEBUG _fire handler done in 0.000s, flushing
DEBUG _fire flush done in 0.031s
DEBUG _fire begin <function AppNavigation.<locals>._lam28.<locals>._lam29.<locals>._lam30.<locals>._lam31.<locals>._lam34 at 0x7b7446208180>
DEBUG _fire handler done in 0.000s, flushing
DEBUG _fire flush done in 0.057s
[[1;32mINFO[0m   ] [Base        ] Leaving application in progress...
STEP path=[0, 4] ordinal=7 action={'kind': 'NavigationBarItem', 'label': 'You', 'handler_kind': 'onClick', 'ordinal': 7} dest=['9c4ce5f2ed'] error=None unsettled=False 5.94s
[[1;32mINFO[0m   ] [ProbeSysfs  ] device match: /dev/input/event7
[[1;32mINFO[0m   ] [MTD         ] Read event from </dev/input/event7>
[[1;32mINFO[0m   ] [Base        ] Start application main loop
[[1;33mWARNING[0m] [MTD         ] Unable to open device "/dev/input/event7". Please ensure you have the appropriate permissions.
DEBUG _fire begin <function GlitterBurstStar.<locals>._lam5.<locals>._lam10 at 0x7b74436e94e0>
DEBUG _fire handler done in 0.000s, flushing
DEBUG _fire flush done in 0.035s
DEBUG _fire begin <function AppNavigation.<locals>._lam28.<locals>._lam29.<locals>._lam30.<locals>._lam31.<locals>._lam34 at 0x7b7443347420>
DEBUG _fire handler done in 0.000s, flushing
DEBUG _fire flush done in 0.031s
DEBUG _fire begin <function AppNavigation.<locals>._lam122.<locals>._lam123.<locals>.<lambda>.<locals>.<lambda> at 0x7b74432c3380>
DEBUG _fire handler done in 0.000s, flushing
[[1;31mCRITICAL[0m] [Clock       ] Warning, too much iteration done before the next frame. Check your code, or increase the Clock.max_iteration attribute. Remaining events:
<ClockEvent (-1.0) callback=<bound method BoxLayout.do_layout of <kivy.uix.boxlayout.BoxLayout object at 0x7b74433d2ac0>>>
<ClockEvent (-1.0) callback=<bound method BoxLayout.do_layout of <kivy.uix.boxlayout.BoxLayout object at 0x7b744311f460>>>
<ClockEvent (-1.0) callback=<bound method BoxLayout.do_layout of <kivy.uix.boxlayout.BoxLayout object at 0x7b74431d8d70>>>
<ClockEvent (-1.0) callback=<bound method BoxLayout.do_layout of <kivy.uix.boxlayout.BoxLayout object at 0x7b74431a1780>>>
<ClockEvent (-1.0) callback=<bound method BoxLayout.do_layout of <kivy.uix.boxlayout.BoxLayout object at 0x7b7442b7faf0>>>
<ClockEvent (-1.0) callback=<bound method BoxLayout.do_layout of <kivy.uix.boxlayout.BoxLayout object at 0x7b7442ba0ad0>>>
<ClockEvent (-1.0) callback=<bound method BoxLayout.do_layout of <kivy.uix.boxlayout.BoxLayout object at 0x7b7442b24d00>>>
<ClockEvent (-1.0) callback=<bound method BoxLayout.do_layout of <kivy.uix.boxlayout.BoxLayout object at 0x7b7442c7bf50>>>
<ClockEvent (-1.0) callback=<bound method BoxLayout.do_layout of <kivy.uix.boxlayout.BoxLayout object at 0x7b7442ca0f30>>>
<ClockEvent (-1.0) callback=<bound method BoxLayout.do_layout of <kivy.uix.boxlayout.BoxLayout object at 0x7b7442cb5e80>>>
<ClockEvent (-1.0) callback=<bound method BoxLayout.do_layout of <kivy.uix.boxlayout.BoxLayout object at 0x7b7442c10210>>>
<ClockEvent (-1.0) callback=<bound method BoxLayout.do_layout of <kivy.uix.boxlayout.BoxLayout object at 0x7b7442c21160>>>
<ClockEvent (-1.0) callback=<bound method BoxLayout.do_layout of <kivy.uix.boxlayout.BoxLayout object at 0x7b7442d56510>>>
<ClockEvent (-1.0) callback=<bound method BoxLayout.do_layout of <kivy.uix.boxlayout.BoxLayout object at 0x7b7442d6b460>>>
<ClockEvent (-1.0) callback=<bound method BoxLayout.do_layout of <kivy.uix.boxlayout.BoxLayout object at 0x7b7442d84440>>>
<ClockEvent (-1.0) callback=<bound method BoxLayout.do_layout of <kivy.uix.boxlayout.BoxLayout object at 0x7b7442d95390>>>
<ClockEvent (-1.0) callback=<bound method BoxLayout.do_layout of <kivy.uix.boxlayout.BoxLayout object at 0x7b7442ec17f0>>>
<ClockEvent (-1.0) callback=<bound method BoxLayout.do_layout of <kivy.uix.boxlayout.BoxLayout object at 0x7b7442eda740>>>
<ClockEvent (-1.0) callback=<bound method BoxLayout.do_layout of <kivy.uix.boxlayout.BoxLayout object at 0x7b7442ee7690>>>
<ClockEvent (-1.0) callback=<bound method BoxLayout.do_layout of <kivy.uix.boxlayout.BoxLayout object at 0x7b7442e49a20>>>
<ClockEvent (-1.0) callback=<bound method BoxLayout.do_layout of <kivy.uix.boxlayout.BoxLayout object at 0x7b7442e56970>>>
<ClockEvent (-1.0) callback=<bound method BoxLayout.do_layout of <kivy.uix.boxlayout.BoxLayout object at 0x7b7442fe2ba0>>>
DEBUG _fire flush done in 1.157s
[[1;31mCRITICAL[0m] [Clock       ] Warning, too much iteration done before the next frame. Check your code, or increase the Clock.max_iteration attribute. Remaining events:
<ClockEvent (-1.0) callback=<bound method BoxLayout.do_layout of <kivy.uix.boxlayout.BoxLayout object at 0x7b74457b2ba0>>>
<ClockEvent (-1.0) callback=<bound method BoxLayout.do_layout of <kivy.uix.boxlayout.BoxLayout object at 0x7b744560f0e0>>>
<ClockEvent (-1.0) callback=<bound method BoxLayout.do_layout of <kivy.uix.boxlayout.BoxLayout object at 0x7b744cce47c0>>>
<ClockEvent (-1.0) callback=<bound method BoxLayout.do_layout of <kivy.uix.boxlayout.BoxLayout object at 0x7b744594e900>>>
<ClockEvent (-1.0) callback=<bound method BoxLayout.do_layout of <kivy.uix.boxlayout.BoxLayout object at 0x7b744574eac0>>>
<ClockEvent (-1.0) callback=<bound method BoxLayout.do_layout of <kivy.uix.boxlayout.BoxLayout object at 0x7b744576af90>>>
<ClockEvent (-1.0) callback=<bound method BoxLayout.do_layout of <kivy.uix.boxlayout.BoxLayout object at 0x7b74458aba10>>>
<ClockEvent (-1.0) callback=<bound method BoxLayout.do_layout of <kivy.uix.boxlayout.BoxLayout object at 0x7b7446067d20>>>
<ClockEvent (-1.0) callback=<bound method BoxLayout.do_layout of <kivy.uix.boxlayout.BoxLayout object at 0x7b7445ae2e40>>>
<ClockEvent (-1.0) callback=<bound method BoxLayout.do_layout of <kivy.uix.boxlayout.BoxLayout object at 0x7b744591b2a0>>>
<ClockEvent (-1.0) callback=<bound method BoxLayout.do_layout of <kivy.uix.boxlayout.BoxLayout object at 0x7b744593d8d0>>>
<ClockEvent (-1.0) callback=<bound method BoxLayout.do_layout of <kivy.uix.boxlayout.BoxLayout object at 0x7b7445980830>>>
<ClockEvent (-1.0) callback=<bound method BoxLayout.do_layout of <kivy.uix.boxlayout.BoxLayout object at 0x7b7445932270>>>
<ClockEvent (-1.0) callback=<bound method BoxLayout.do_layout of <kivy.uix.boxlayout.BoxLayout object at 0x7b744dff6040>>>
<ClockEvent (-1.0) callback=<bound method BoxLayout.do_layout of <kivy.uix.boxlayout.BoxLayout object at 0x7b744caab000>>>
<ClockEvent (-1.0) callback=<bound method BoxLayout.do_layout of <kivy.uix.boxlayout.BoxLayout object at 0x7b744caea900>>>
<ClockEvent (-1.0) callback=<bound method BoxLayout.do_layout of <kivy.uix.boxlayout.BoxLayout object at 0x7b7445cc88a0>>>
<ClockEvent (-1.0) callback=<bound method BoxLayout.do_layout of <kivy.uix.boxlayout.BoxLayout object at 0x7b744d3df310>>>
<ClockEvent (-1.0) callback=<bound method BoxLayout.do_layout of <kivy.uix.boxlayout.BoxLayout object at 0x7b7445d21b00>>>
<ClockEvent (-1.0) callback=<bound method BoxLayout.do_layout of <kivy.uix.boxlayout.BoxLayout object at 0x7b74461c9080>>>
<ClockEvent (-1.0) callback=<bound method BoxLayout.do_layout of <kivy.uix.boxlayout.BoxLayout object at 0x7b7445d9c130>>>
<ClockEvent (-1.0) callback=<bound method BoxLayout.do_layout of <kivy.uix.boxlayout.BoxLayout object at 0x7b7443546660>>>
[[1;31mCRITICAL[0m] [Clock       ] Warning, too much iteration done before the next frame. Check your code, or increase the Clock.max_iteration attribute. Remaining events:
<ClockEvent (-1.0) callback=<bound method BoxLayout.do_layout of <kivy.uix.boxlayout.BoxLayout object at 0x7b7442aac4b0>>>
<ClockEvent (-1.0) callback=<bound method BoxLayout.do_layout of <kivy.uix.boxlayout.BoxLayout object at 0x7b7442a5d630>>>
<ClockEvent (-1.0) callback=<bound method BoxLayout.do_layout of <kivy.uix.boxlayout.BoxLayout object at 0x7b7442a14050>>>
<ClockEvent (-1.0) callback=<bound method BoxLayout.do_layout of <kivy.uix.boxlayout.BoxLayout object at 0x7b7442a20fa0>>>
<ClockEvent (-1.0) callback=<bound method BoxLayout.do_layout of <kivy.uix.boxlayout.BoxLayout object at 0x7b74462e74d0>>>
<ClockEvent (-1.0) callback=<bound method BoxLayout.do_layout of <kivy.uix.boxlayout.BoxLayout object at 0x7b7446121400>>>
<ClockEvent (-1.0) callback=<bound method BoxLayout.do_layout of <kivy.uix.boxlayout.BoxLayout object at 0x7b744df624a0>>>
<ClockEvent (-1.0) callback=<bound method BoxLayout.do_layout of <kivy.uix.boxlayout.BoxLayout object at 0x7b744c96ba80>>>
<ClockEvent (-1.0) callback=<bound method BoxLayout.do_layout of <kivy.uix.boxlayout.BoxLayout object at 0x7b7446169b70>>>
<ClockEvent (-1.0) callback=<bound method BoxLayout.do_layout of <kivy.uix.boxlayout.BoxLayout object at 0x7b744ca3c980>>>
<ClockEvent (-1.0) callback=<bound method BoxLayout.do_layout of <kivy.uix.boxlayout.BoxLayout object at 0x7b744dfd8360>>>
<ClockEvent (-1.0) callback=<bound method BoxLayout.do_layout of <kivy.uix.boxlayout.BoxLayout object at 0x7b74540b9ef0>>>
<ClockEvent (-1.0) callback=<bound method BoxLayout.do_layout of <kivy.uix.boxlayout.BoxLayout object at 0x7b7446146660>>>
<ClockEvent (-1.0) callback=<bound method BoxLayout.do_layout of <kivy.uix.boxlayout.BoxLayout object at 0x7b74462faeb0>>>
<ClockEvent (-1.0) callback=<bound method BoxLayout.do_layout of <kivy.uix.boxlayout.BoxLayout object at 0x7b744ccb1400>>>
<ClockEvent (-1.0) callback=<bound method BoxLayout.do_layout of <kivy.uix.boxlayout.BoxLayout object at 0x7b744c9a47c0>>>
<ClockEvent (-1.0) callback=<bound method BoxLayout.do_layout of <kivy.uix.boxlayout.BoxLayout object at 0x7b7446041c50>>>
<ClockEvent (-1.0) callback=<bound method BoxLayout.do_layout of <kivy.uix.boxlayout.BoxLayout object at 0x7b7446175390>>>
<ClockEvent (-1.0) callback=<bound method BoxLayout.do_layout of <kivy.uix.boxlayout.BoxLayout object at 0x7b744d4e5a20>>>
<ClockEvent (-1.0) callback=<bound method BoxLayout.do_layout of <kivy.uix.boxlayout.BoxLayout object at 0x7b744cb070e0>>>
<ClockEvent (-1.0) callback=<bound method BoxLayout.do_layout of <kivy.uix.boxlayout.BoxLayout object at 0x7b744c941160>>>
<ClockEvent (-1.0) callback=<bound method BoxLayout.do_layout of <kivy.uix.boxlayout.BoxLayout object at 0x7b7445679080>>>
[[1;32mINFO[0m   ] [Base        ] Leaving application in progress...
STEP path=[0, 4] ordinal=8 action={'kind': 'Button', 'label': 'Browse programs', 'handler_kind': 'onClick', 'ordinal': 8} dest=['e34beb8b1b'] error=None unsettled=False 7.12s
[[1;32mINFO[0m   ] [ProbeSysfs  ] device match: /dev/input/event7
[[1;32mINFO[0m   ] [MTD         ] Read event from </dev/input/event7>
[[1;32mINFO[0m   ] [Base        ] Start application main loop
[[1;33mWARNING[0m] [MTD         ] Unable to open device "/dev/input/event7". Please ensure you have the appropriate permissions.
DEBUG _fire begin <function GlitterBurstStar.<locals>._lam5.<locals>._lam10 at 0x7b74402411c0>
DEBUG _fire handler done in 0.000s, flushing
DEBUG _fire flush done in 0.032s
DEBUG _fire begin <function AppNavigation.<locals>._lam28.<locals>._lam29.<locals>._lam30.<locals>._lam31.<locals>._lam34 at 0x7b743ff11f80>
DEBUG _fire handler done in 0.000s, flushing
DEBUG _fire flush done in 0.028s
[[1;32mINFO[0m   ] [Base        ] Leaving application in progress...
STEP path=[0, 5] action=<count-actions-for-new-frontier-frame> result=n_actions=9 5.64s
[[1;32mINFO[0m   ] [ProbeSysfs  ] device match: /dev/input/event7
[[1;32mINFO[0m   ] [MTD         ] Read event from </dev/input/event7>
[[1;32mINFO[0m   ] [Base        ] Start application main loop
[[1;33mWARNING[0m] [MTD         ] Unable to open device "/dev/input/event7". Please ensure you have the appropriate permissions.
DEBUG _fire begin <function GlitterBurstStar.<locals>._lam5.<locals>._lam10 at 0x7b744017a700>
DEBUG _fire handler done in 0.000s, flushing
DEBUG _fire flush done in 0.032s
DEBUG _fire begin <function AppNavigation.<locals>._lam28.<locals>._lam29.<locals>._lam30.<locals>._lam31.<locals>._lam34 at 0x7b74402d3740>
DEBUG _fire handler done in 0.000s, flushing
DEBUG _fire flush done in 0.033s
STEP HANDLER TRACEBACK path=[0, 5] ordinal=0:
 Traceback (most recent call last):
   File "/home/lucas/Programming/WFL_MixingCenter/render/walker.py", line 578, in body
     app.real_tap(node)
     ~~~~~~~~~~~~^^^^^^
   File "/home/lucas/Programming/WFL_MixingCenter/render/walker.py", line 462, in real_tap
     raise LookupError("widget for node not found in mounted tree (recompose moved/removed it)")
 LookupError: widget for node not found in mounted tree (recompose moved/removed it)
[[1;32mINFO[0m   ] [Base        ] Leaving application in progress...
STEP path=[0, 5] ordinal=0 action={'kind': 'ModalBottomSheet', 'label': "Notifications / Settings / You're all c…", 'handler_kind': 'onDismissRequest', 'ordinal': 0} dest=None error={'type': 'LookupError', 'message': 'widget for node not found in mounted tree (recompose moved/removed it)'} unsettled=False 6.46s
[[1;32mINFO[0m   ] [ProbeSysfs  ] device match: /dev/input/event7
[[1;32mINFO[0m   ] [MTD         ] Read event from </dev/input/event7>
[[1;32mINFO[0m   ] [Base        ] Start application main loop
[[1;33mWARNING[0m] [MTD         ] Unable to open device "/dev/input/event7". Please ensure you have the appropriate permissions.
DEBUG _fire begin <function GlitterBurstStar.<locals>._lam5.<locals>._lam10 at 0x7b743d8b1e40>
DEBUG _fire handler done in 0.000s, flushing
DEBUG _fire flush done in 0.028s
DEBUG _fire begin <function AppNavigation.<locals>._lam28.<locals>._lam29.<locals>._lam30.<locals>._lam31.<locals>._lam34 at 0x7b743bace980>
DEBUG _fire handler done in 0.000s, flushing
DEBUG _fire flush done in 0.026s
STEP HANDLER TRACEBACK path=[0, 5] ordinal=1:
 Traceback (most recent call last):
   File "/home/lucas/Programming/WFL_MixingCenter/render/walker.py", line 578, in body
     app.real_tap(node)
     ~~~~~~~~~~~~^^^^^^
   File "/home/lucas/Programming/WFL_MixingCenter/render/walker.py", line 462, in real_tap
     raise LookupError("widget for node not found in mounted tree (recompose moved/removed it)")
 LookupError: widget for node not found in mounted tree (recompose moved/removed it)
[[1;32mINFO[0m   ] [Base        ] Leaving application in progress...
STEP path=[0, 5] ordinal=1 action={'kind': 'TextButton', 'label': 'Settings', 'handler_kind': 'onClick', 'ordinal': 1} dest=None error={'type': 'LookupError', 'message': 'widget for node not found in mounted tree (recompose moved/removed it)'} unsettled=False 5.81s
[[1;32mINFO[0m   ] [ProbeSysfs  ] device match: /dev/input/event7
[[1;32mINFO[0m   ] [MTD         ] Read event from </dev/input/event7>
[[1;32mINFO[0m   ] [Base        ] Start application main loop
[[1;33mWARNING[0m] [MTD         ] Unable to open device "/dev/input/event7". Please ensure you have the appropriate permissions.
DEBUG _fire begin <function GlitterBurstStar.<locals>._lam5.<locals>._lam10 at 0x7b7438cfb6a0>
DEBUG _fire handler done in 0.000s, flushing
DEBUG _fire flush done in 1.079s
DEBUG _fire begin <function AppNavigation.<locals>._lam28.<locals>._lam29.<locals>._lam30.<locals>._lam31.<locals>._lam34 at 0x7b74389e7240>
DEBUG _fire handler done in 0.000s, flushing
DEBUG _fire flush done in 0.030s
DEBUG _fire begin <function GlitterBurstStar.<locals>._lam5.<locals>._lam10 at 0x7b743d8b1080>
DEBUG _fire handler done in 0.000s, flushing
DEBUG _fire flush done in 0.000s
[[1;32mINFO[0m   ] [Base        ] Leaving application in progress...
STEP path=[0, 5] ordinal=2 action={'kind': 'Surface', 'label': 'Surface', 'handler_kind': 'onClick', 'ordinal': 2} dest=['017754e170'] error=None unsettled=False 6.19s
[[1;32mINFO[0m   ] [ProbeSysfs  ] device match: /dev/input/event7
[[1;32mINFO[0m   ] [MTD         ] Read event from </dev/input/event7>
[[1;32mINFO[0m   ] [Base        ] Start application main loop
[[1;33mWARNING[0m] [MTD         ] Unable to open device "/dev/input/event7". Please ensure you have the appropriate permissions.
DEBUG _fire begin <function GlitterBurstStar.<locals>._lam5.<locals>._lam10 at 0x7b74364031a0>
DEBUG _fire handler done in 0.000s, flushing
DEBUG _fire flush done in 0.028s
DEBUG _fire begin <function AppNavigation.<locals>._lam28.<locals>._lam29.<locals>._lam30.<locals>._lam31.<locals>._lam34 at 0x7b74361053a0>
DEBUG _fire handler done in 0.000s, flushing
DEBUG _fire flush done in 0.031s
DEBUG _fire begin <function AppNavigation.<locals>._lam28.<locals>._lam29.<locals>._lam30.<locals>._lam31.<locals>._lam34 at 0x7b7436224ae0>
DEBUG _fire handler done in 0.000s, flushing
DEBUG _fire flush done in 0.026s
[[1;32mINFO[0m   ] [Base        ] Leaving application in progress...
STEP path=[0, 5] ordinal=3 action={'kind': 'NavigationBarItem', 'label': 'Home', 'handler_kind': 'onClick', 'ordinal': 3} dest=['98fa86b2f0'] error=None unsettled=False 5.33s
[[1;32mINFO[0m   ] [ProbeSysfs  ] device match: /dev/input/event7
[[1;32mINFO[0m   ] [MTD         ] Read event from </dev/input/event7>
[[1;32mINFO[0m   ] [Base        ] Start application main loop
[[1;33mWARNING[0m] [MTD         ] Unable to open device "/dev/input/event7". Please ensure you have the appropriate permissions.
DEBUG _fire begin <function GlitterBurstStar.<locals>._lam5.<locals>._lam10 at 0x7b7433997ba0>
DEBUG _fire handler done in 0.000s, flushing
DEBUG _fire flush done in 0.027s
DEBUG _fire begin <function AppNavigation.<locals>._lam28.<locals>._lam29.<locals>._lam30.<locals>._lam31.<locals>._lam34 at 0x7b7433798040>
DEBUG _fire handler done in 0.000s, flushing
DEBUG _fire flush done in 0.033s
DEBUG _fire begin <function AppNavigation.<locals>._lam28.<locals>._lam29.<locals>._lam30.<locals>._lam31.<locals>._lam34 at 0x7b74335cd3a0>
DEBUG _fire handler done in 0.000s, flushing
DEBUG _fire flush done in 0.031s
[[1;32mINFO[0m   ] [Base        ] Leaving application in progress...
STEP path=[0, 5] ordinal=4 action={'kind': 'NavigationBarItem', 'label': 'Program', 'handler_kind': 'onClick', 'ordinal': 4} dest=['e60ee2c6c9'] error=None unsettled=False 6.32s
[[1;32mINFO[0m   ] [ProbeSysfs  ] device match: /dev/input/event7
[[1;32mINFO[0m   ] [MTD         ] Read event from </dev/input/event7>
[[1;32mINFO[0m   ] [Base        ] Start application main loop
[[1;33mWARNING[0m] [MTD         ] Unable to open device "/dev/input/event7". Please ensure you have the appropriate permissions.
DEBUG _fire begin <function GlitterBurstStar.<locals>._lam5.<locals>._lam10 at 0x7b7430ef4680>
DEBUG _fire handler done in 0.000s, flushing
DEBUG _fire flush done in 0.028s
DEBUG _fire begin <function AppNavigation.<locals>._lam28.<locals>._lam29.<locals>._lam30.<locals>._lam31.<locals>._lam34 at 0x7b743dff4720>
DEBUG _fire handler done in 0.000s, flushing
DEBUG _fire flush done in 0.034s
DEBUG _fire begin <function AppNavigation.<locals>._lam28.<locals>._lam29.<locals>._lam30.<locals>._lam31.<locals>._lam34 at 0x7b74309154e0>
DEBUG _fire handler done in 0.000s, flushing
DEBUG _fire flush done in 0.000s
[[1;32mINFO[0m   ] [Base        ] Leaving application in progress...
STEP path=[0, 5] ordinal=5 action={'kind': 'NavigationBarItem', 'label': 'Paths', 'handler_kind': 'onClick', 'ordinal': 5} dest=['017754e170'] error=None unsettled=False 6.42s
[[1;32mINFO[0m   ] [ProbeSysfs  ] device match: /dev/input/event7
[[1;32mINFO[0m   ] [MTD         ] Read event from </dev/input/event7>
[[1;32mINFO[0m   ] [Base        ] Start application main loop
[[1;33mWARNING[0m] [MTD         ] Unable to open device "/dev/input/event7". Please ensure you have the appropriate permissions.
DEBUG _fire begin <function GlitterBurstStar.<locals>._lam5.<locals>._lam10 at 0x7b742dbee200>
DEBUG _fire handler done in 0.000s, flushing
DEBUG _fire flush done in 0.026s
DEBUG _fire begin <function AppNavigation.<locals>._lam28.<locals>._lam29.<locals>._lam30.<locals>._lam31.<locals>._lam34 at 0x7b742d7b8400>
DEBUG _fire handler done in 0.000s, flushing
DEBUG _fire flush done in 0.036s
DEBUG _fire begin <function AppNavigation.<locals>._lam28.<locals>._lam29.<locals>._lam30.<locals>._lam31.<locals>._lam34 at 0x7b742d6a9260>
DEBUG _fire handler done in 0.000s, flushing
DEBUG _fire flush done in 0.039s
[[1;32mINFO[0m   ] [Base        ] Leaving application in progress...
STEP path=[0, 5] ordinal=6 action={'kind': 'NavigationBarItem', 'label': 'Progress', 'handler_kind': 'onClick', 'ordinal': 6} dest=['5039024228'] error=None unsettled=False 5.21s
[[1;32mINFO[0m   ] [ProbeSysfs  ] device match: /dev/input/event7
[[1;32mINFO[0m   ] [MTD         ] Read event from </dev/input/event7>
[[1;32mINFO[0m   ] [Base        ] Start application main loop
[[1;33mWARNING[0m] [MTD         ] Unable to open device "/dev/input/event7". Please ensure you have the appropriate permissions.
DEBUG _fire begin <function GlitterBurstStar.<locals>._lam5.<locals>._lam10 at 0x7b742af3c9a0>
DEBUG _fire handler done in 0.000s, flushing
DEBUG _fire flush done in 0.030s
DEBUG _fire begin <function AppNavigation.<locals>._lam28.<locals>._lam29.<locals>._lam30.<locals>._lam31.<locals>._lam34 at 0x7b742aea2840>
DEBUG _fire handler done in 0.000s, flushing
DEBUG _fire flush done in 0.033s
DEBUG _fire begin <function AppNavigation.<locals>._lam28.<locals>._lam29.<locals>._lam30.<locals>._lam31.<locals>._lam34 at 0x7b742adc3880>
DEBUG _fire handler done in 0.000s, flushing
DEBUG _fire flush done in 0.048s
[[1;32mINFO[0m   ] [Base        ] Leaving application in progress...
STEP path=[0, 5] ordinal=7 action={'kind': 'NavigationBarItem', 'label': 'You', 'handler_kind': 'onClick', 'ordinal': 7} dest=['9c4ce5f2ed'] error=None unsettled=False 6.85s
[[1;32mINFO[0m   ] [ProbeSysfs  ] device match: /dev/input/event7
[[1;32mINFO[0m   ] [MTD         ] Read event from </dev/input/event7>
[[1;32mINFO[0m   ] [Base        ] Start application main loop
[[1;33mWARNING[0m] [MTD         ] Unable to open device "/dev/input/event7". Please ensure you have the appropriate permissions.
DEBUG _fire begin <function GlitterBurstStar.<locals>._lam5.<locals>._lam10 at 0x7b7427b9a660>
DEBUG _fire handler done in 0.000s, flushing
DEBUG _fire flush done in 0.027s
DEBUG _fire begin <function AppNavigation.<locals>._lam28.<locals>._lam29.<locals>._lam30.<locals>._lam31.<locals>._lam34 at 0x7b7427712340>
DEBUG _fire handler done in 0.000s, flushing
DEBUG _fire flush done in 0.033s
DEBUG _fire begin <bound method PathsViewModel.startPicker of <ui.paths.PathsViewModel.PathsViewModel object at 0x7b7427cbe3c0>>
DEBUG _fire handler done in 0.000s, flushing
DEBUG _fire flush done in 0.056s
[[1;32mINFO[0m   ] [Base        ] Leaving application in progress...
STEP path=[0, 5] ordinal=8 action={'kind': 'Button', 'label': 'Find your path', 'handler_kind': 'onClick', 'ordinal': 8} dest=['bedefa7b1d'] error=None unsettled=False 7.30s
[[1;32mINFO[0m   ] [ProbeSysfs  ] device match: /dev/input/event7
[[1;32mINFO[0m   ] [MTD         ] Read event from </dev/input/event7>
[[1;32mINFO[0m   ] [Base        ] Start application main loop
[[1;33mWARNING[0m] [MTD         ] Unable to open device "/dev/input/event7". Please ensure you have the appropriate permissions.
DEBUG _fire begin <function GlitterBurstStar.<locals>._lam5.<locals>._lam10 at 0x7b742558fe20>
DEBUG _fire handler done in 0.000s, flushing
DEBUG _fire flush done in 0.027s
DEBUG _fire begin <function AppNavigation.<locals>._lam28.<locals>._lam29.<locals>._lam30.<locals>._lam31.<locals>._lam34 at 0x7b7425354cc0>
DEBUG _fire handler done in 0.000s, flushing
DEBUG _fire flush done in 0.041s
[[1;32mINFO[0m   ] [Base        ] Leaving application in progress...
STEP path=[0, 6] action=<count-actions-for-new-frontier-frame> result=n_actions=13 5.19s
[[1;32mINFO[0m   ] [ProbeSysfs  ] device match: /dev/input/event7
[[1;32mINFO[0m   ] [MTD         ] Read event from </dev/input/event7>
[[1;32mINFO[0m   ] [Base        ] Start application main loop
[[1;33mWARNING[0m] [MTD         ] Unable to open device "/dev/input/event7". Please ensure you have the appropriate permissions.
DEBUG _fire begin <function GlitterBurstStar.<locals>._lam5.<locals>._lam10 at 0x7b7430cc8400>
DEBUG _fire handler done in 0.000s, flushing
DEBUG _fire flush done in 0.027s
DEBUG _fire begin <function AppNavigation.<locals>._lam28.<locals>._lam29.<locals>._lam30.<locals>._lam31.<locals>._lam34 at 0x7b7422215120>
DEBUG _fire handler done in 0.000s, flushing
DEBUG _fire flush done in 0.039s
STEP HANDLER TRACEBACK path=[0, 6] ordinal=0:
 Traceback (most recent call last):
   File "/home/lucas/Programming/WFL_MixingCenter/render/walker.py", line 578, in body
     app.real_tap(node)
     ~~~~~~~~~~~~^^^^^^
   File "/home/lucas/Programming/WFL_MixingCenter/render/walker.py", line 462, in real_tap
     raise LookupError("widget for node not found in mounted tree (recompose moved/removed it)")
 LookupError: widget for node not found in mounted tree (recompose moved/removed it)
[[1;32mINFO[0m   ] [Base        ] Leaving application in progress...
STEP path=[0, 6] ordinal=0 action={'kind': 'ModalBottomSheet', 'label': "Notifications / Settings / You're all c…", 'handler_kind': 'onDismissRequest', 'ordinal': 0} dest=None error={'type': 'LookupError', 'message': 'widget for node not found in mounted tree (recompose moved/removed it)'} unsettled=False 5.14s
[[1;32mINFO[0m   ] [ProbeSysfs  ] device match: /dev/input/event7
[[1;32mINFO[0m   ] [MTD         ] Read event from </dev/input/event7>
[[1;32mINFO[0m   ] [Base        ] Start application main loop
[[1;33mWARNING[0m] [MTD         ] Unable to open device "/dev/input/event7". Please ensure you have the appropriate permissions.
DEBUG _fire begin <function GlitterBurstStar.<locals>._lam5.<locals>._lam10 at 0x7b74203316c0>
DEBUG _fire handler done in 0.000s, flushing
DEBUG _fire flush done in 0.027s
DEBUG _fire begin <function AppNavigation.<locals>._lam28.<locals>._lam29.<locals>._lam30.<locals>._lam31.<locals>._lam34 at 0x7b74201ff920>
DEBUG _fire handler done in 0.000s, flushing
DEBUG _fire flush done in 0.039s
STEP HANDLER TRACEBACK path=[0, 6] ordinal=1:
 Traceback (most recent call last):
   File "/home/lucas/Programming/WFL_MixingCenter/render/walker.py", line 578, in body
     app.real_tap(node)
     ~~~~~~~~~~~~^^^^^^
   File "/home/lucas/Programming/WFL_MixingCenter/render/walker.py", line 462, in real_tap
     raise LookupError("widget for node not found in mounted tree (recompose moved/removed it)")
 LookupError: widget for node not found in mounted tree (recompose moved/removed it)
[[1;32mINFO[0m   ] [Base        ] Leaving application in progress...
STEP path=[0, 6] ordinal=1 action={'kind': 'TextButton', 'label': 'Settings', 'handler_kind': 'onClick', 'ordinal': 1} dest=None error={'type': 'LookupError', 'message': 'widget for node not found in mounted tree (recompose moved/removed it)'} unsettled=False 7.35s
[[1;32mINFO[0m   ] [ProbeSysfs  ] device match: /dev/input/event7
[[1;32mINFO[0m   ] [MTD         ] Read event from </dev/input/event7>
[[1;32mINFO[0m   ] [Base        ] Start application main loop
[[1;33mWARNING[0m] [MTD         ] Unable to open device "/dev/input/event7". Please ensure you have the appropriate permissions.
DEBUG _fire begin <function GlitterBurstStar.<locals>._lam5.<locals>._lam10 at 0x7b741d85b100>
DEBUG _fire handler done in 0.000s, flushing
DEBUG _fire flush done in 0.033s
DEBUG _fire begin <function AppNavigation.<locals>._lam28.<locals>._lam29.<locals>._lam30.<locals>._lam31.<locals>._lam34 at 0x7b741d7a82c0>
DEBUG _fire handler done in 0.000s, flushing
DEBUG _fire flush done in 0.038s
DEBUG _fire begin <function GlitterBurstStar.<locals>._lam5.<locals>._lam10 at 0x7b741d281300>
DEBUG _fire handler done in 0.000s, flushing
DEBUG _fire flush done in 0.000s
[[1;32mINFO[0m   ] [Base        ] Leaving application in progress...
STEP path=[0, 6] ordinal=2 action={'kind': 'Surface', 'label': 'Surface', 'handler_kind': 'onClick', 'ordinal': 2} dest=['5039024228'] error=None unsettled=False 5.18s
[[1;32mINFO[0m   ] [ProbeSysfs  ] device match: /dev/input/event7
[[1;32mINFO[0m   ] [MTD         ] Read event from </dev/input/event7>
[[1;32mINFO[0m   ] [Base        ] Start application main loop
[[1;33mWARNING[0m] [MTD         ] Unable to open device "/dev/input/event7". Please ensure you have the appropriate permissions.
DEBUG _fire begin <function GlitterBurstStar.<locals>._lam5.<locals>._lam10 at 0x7b7421c6aa20>
DEBUG _fire handler done in 0.000s, flushing
DEBUG _fire flush done in 0.029s
DEBUG _fire begin <function AppNavigation.<locals>._lam28.<locals>._lam29.<locals>._lam30.<locals>._lam31.<locals>._lam34 at 0x7b74224b63e0>
DEBUG _fire handler done in 0.000s, flushing
DEBUG _fire flush done in 0.049s
DEBUG _fire begin <function AppNavigation.<locals>._lam28.<locals>._lam29.<locals>._lam30.<locals>._lam31.<locals>._lam34 at 0x7b7420190540>
DEBUG _fire handler done in 0.000s, flushing
DEBUG _fire flush done in 0.029s
[[1;32mINFO[0m   ] [Base        ] Leaving application in progress...
STEP path=[0, 6] ordinal=3 action={'kind': 'NavigationBarItem', 'label': 'Home', 'handler_kind': 'onClick', 'ordinal': 3} dest=['98fa86b2f0'] error=None unsettled=False 7.72s
[[1;32mINFO[0m   ] [ProbeSysfs  ] device match: /dev/input/event7
[[1;32mINFO[0m   ] [MTD         ] Read event from </dev/input/event7>
[[1;32mINFO[0m   ] [Base        ] Start application main loop
[[1;33mWARNING[0m] [MTD         ] Unable to open device "/dev/input/event7". Please ensure you have the appropriate permissions.
DEBUG _fire begin <function GlitterBurstStar.<locals>._lam5.<locals>._lam10 at 0x7b7418509120>
DEBUG _fire handler done in 0.000s, flushing
DEBUG _fire flush done in 0.027s
DEBUG _fire begin <function AppNavigation.<locals>._lam28.<locals>._lam29.<locals>._lam30.<locals>._lam31.<locals>._lam34 at 0x7b74181fe020>
DEBUG _fire handler done in 0.000s, flushing
DEBUG _fire flush done in 0.040s
DEBUG _fire begin <function AppNavigation.<locals>._lam28.<locals>._lam29.<locals>._lam30.<locals>._lam31.<locals>._lam34 at 0x7b7417e036a0>
DEBUG _fire handler done in 0.000s, flushing
DEBUG _fire flush done in 0.032s
[[1;32mINFO[0m   ] [Base        ] Leaving application in progress...
STEP path=[0, 6] ordinal=4 action={'kind': 'NavigationBarItem', 'label': 'Program', 'handler_kind': 'onClick', 'ordinal': 4} dest=['e60ee2c6c9'] error=None unsettled=False 5.25s
[[1;32mINFO[0m   ] [ProbeSysfs  ] device match: /dev/input/event7
[[1;32mINFO[0m   ] [MTD         ] Read event from </dev/input/event7>
[[1;32mINFO[0m   ] [Base        ] Start application main loop
[[1;33mWARNING[0m] [MTD         ] Unable to open device "/dev/input/event7". Please ensure you have the appropriate permissions.
DEBUG _fire begin <function GlitterBurstStar.<locals>._lam5.<locals>._lam10 at 0x7b7414e11760>
DEBUG _fire handler done in 0.000s, flushing
DEBUG _fire flush done in 0.032s
DEBUG _fire begin <function AppNavigation.<locals>._lam28.<locals>._lam29.<locals>._lam30.<locals>._lam31.<locals>._lam34 at 0x7b7414b59300>
DEBUG _fire handler done in 0.000s, flushing
DEBUG _fire flush done in 0.041s
DEBUG _fire begin <function AppNavigation.<locals>._lam28.<locals>._lam29.<locals>._lam30.<locals>._lam31.<locals>._lam34 at 0x7b74144dd940>
DEBUG _fire handler done in 0.000s, flushing
DEBUG _fire flush done in 0.032s
[[1;32mINFO[0m   ] [Base        ] Leaving application in progress...
STEP path=[0, 6] ordinal=5 action={'kind': 'NavigationBarItem', 'label': 'Paths', 'handler_kind': 'onClick', 'ordinal': 5} dest=['017754e170'] error=None unsettled=False 5.21s
[[1;32mINFO[0m   ] [ProbeSysfs  ] device match: /dev/input/event7
[[1;32mINFO[0m   ] [MTD         ] Read event from </dev/input/event7>
[[1;32mINFO[0m   ] [Base        ] Start application main loop
[[1;33mWARNING[0m] [MTD         ] Unable to open device "/dev/input/event7". Please ensure you have the appropriate permissions.
DEBUG _fire begin <function GlitterBurstStar.<locals>._lam5.<locals>._lam10 at 0x7b7417c8b740>
DEBUG _fire handler done in 0.000s, flushing
DEBUG _fire flush done in 0.032s
DEBUG _fire begin <function AppNavigation.<locals>._lam28.<locals>._lam29.<locals>._lam30.<locals>._lam31.<locals>._lam34 at 0x7b74139dd9e0>
DEBUG _fire handler done in 0.000s, flushing
DEBUG _fire flush done in 0.041s
DEBUG _fire begin <function AppNavigation.<locals>._lam28.<locals>._lam29.<locals>._lam30.<locals>._lam31.<locals>._lam34 at 0x7b741d0a3560>
DEBUG _fire handler done in 0.000s, flushing
DEBUG _fire flush done in 0.000s
[[1;32mINFO[0m   ] [Base        ] Leaving application in progress...
STEP path=[0, 6] ordinal=6 action={'kind': 'NavigationBarItem', 'label': 'Progress', 'handler_kind': 'onClick', 'ordinal': 6} dest=['5039024228'] error=None unsettled=False 8.10s
[[1;32mINFO[0m   ] [ProbeSysfs  ] device match: /dev/input/event7
[[1;32mINFO[0m   ] [MTD         ] Read event from </dev/input/event7>
[[1;32mINFO[0m   ] [Base        ] Start application main loop
[[1;33mWARNING[0m] [MTD         ] Unable to open device "/dev/input/event7". Please ensure you have the appropriate permissions.
DEBUG _fire begin <function GlitterBurstStar.<locals>._lam5.<locals>._lam10 at 0x7b740ff86840>
DEBUG _fire handler done in 0.000s, flushing
DEBUG _fire flush done in 0.028s
DEBUG _fire begin <function AppNavigation.<locals>._lam28.<locals>._lam29.<locals>._lam30.<locals>._lam31.<locals>._lam34 at 0x7b740fef65c0>
DEBUG _fire handler done in 0.000s, flushing
DEBUG _fire flush done in 0.040s
DEBUG _fire begin <function AppNavigation.<locals>._lam28.<locals>._lam29.<locals>._lam30.<locals>._lam31.<locals>._lam34 at 0x7b740f9211c0>
DEBUG _fire handler done in 0.000s, flushing
DEBUG _fire flush done in 0.054s
[[1;32mINFO[0m   ] [Base        ] Leaving application in progress...
STEP path=[0, 6] ordinal=7 action={'kind': 'NavigationBarItem', 'label': 'You', 'handler_kind': 'onClick', 'ordinal': 7} dest=['9c4ce5f2ed'] error=None unsettled=False 5.29s
[[1;32mINFO[0m   ] [ProbeSysfs  ] device match: /dev/input/event7
[[1;32mINFO[0m   ] [MTD         ] Read event from </dev/input/event7>
[[1;32mINFO[0m   ] [Base        ] Start application main loop
[[1;33mWARNING[0m] [MTD         ] Unable to open device "/dev/input/event7". Please ensure you have the appropriate permissions.
DEBUG _fire begin <function GlitterBurstStar.<locals>._lam5.<locals>._lam10 at 0x7b740c0bd620>
DEBUG _fire handler done in 0.000s, flushing
DEBUG _fire flush done in 0.027s
DEBUG _fire begin <function AppNavigation.<locals>._lam28.<locals>._lam29.<locals>._lam30.<locals>._lam31.<locals>._lam34 at 0x7b740bd93740>
DEBUG _fire handler done in 0.000s, flushing
DEBUG _fire flush done in 0.040s
DEBUG _fire begin <function ProgressScreen.<locals>._lam1.<locals>.<lambda>.<locals>.<lambda>.<locals>.<lambda> at 0x7b740b9b44a0>
DEBUG _fire handler done in 0.000s, flushing
DEBUG _fire flush done in 0.029s
[[1;32mINFO[0m   ] [Base        ] Leaving application in progress...
STEP path=[0, 6] ordinal=8 action={'kind': 'Tab', 'label': 'Analytics', 'handler_kind': 'onClick', 'ordinal': 8} dest=['5039024228'] error=None unsettled=False 5.27s
[[1;32mINFO[0m   ] [ProbeSysfs  ] device match: /dev/input/event7
[[1;32mINFO[0m   ] [MTD         ] Read event from </dev/input/event7>
[[1;32mINFO[0m   ] [Base        ] Start application main loop
[[1;33mWARNING[0m] [MTD         ] Unable to open device "/dev/input/event7". Please ensure you have the appropriate permissions.
DEBUG _fire begin <function GlitterBurstStar.<locals>._lam5.<locals>._lam10 at 0x7b741d035c60>
DEBUG _fire handler done in 0.000s, flushing
DEBUG _fire flush done in 0.028s
DEBUG _fire begin <function AppNavigation.<locals>._lam28.<locals>._lam29.<locals>._lam30.<locals>._lam31.<locals>._lam34 at 0x7b742267c400>
DEBUG _fire handler done in 0.000s, flushing
DEBUG _fire flush done in 0.044s
DEBUG _fire begin <function ProgressScreen.<locals>._lam1.<locals>.<lambda>.<locals>.<lambda>.<locals>.<lambda> at 0x7b74225c04a0>
DEBUG _fire handler done in 0.000s, flushing
DEBUG _fire flush done in 0.032s
[[1;32mINFO[0m   ] [Base        ] Leaving application in progress...
STEP path=[0, 6] ordinal=9 action={'kind': 'Tab', 'label': 'Bests', 'handler_kind': 'onClick', 'ordinal': 9} dest=['a88d213897'] error=None unsettled=False 8.68s
[[1;32mINFO[0m   ] [ProbeSysfs  ] device match: /dev/input/event7
[[1;32mINFO[0m   ] [MTD         ] Read event from </dev/input/event7>
[[1;32mINFO[0m   ] [Base        ] Start application main loop
[[1;33mWARNING[0m] [MTD         ] Unable to open device "/dev/input/event7". Please ensure you have the appropriate permissions.
DEBUG _fire begin <function GlitterBurstStar.<locals>._lam5.<locals>._lam10 at 0x7b740744e700>
DEBUG _fire handler done in 0.000s, flushing
DEBUG _fire flush done in 0.027s
DEBUG _fire begin <function AppNavigation.<locals>._lam28.<locals>._lam29.<locals>._lam30.<locals>._lam31.<locals>._lam34 at 0x7b740711b6a0>
DEBUG _fire handler done in 0.000s, flushing
DEBUG _fire flush done in 0.043s
DEBUG _fire begin <function ProgressScreen.<locals>._lam1.<locals>.<lambda>.<locals>.<lambda>.<locals>.<lambda> at 0x7b7406f95440>
DEBUG _fire handler done in 0.000s, flushing
DEBUG _fire flush done in 0.032s
 UNPINNED TEXT? 'Sat, Jun 15 at 8:00 AM' looks wall-clock-shaped -- substituting '<TIME>' before hashing.
[[1;32mINFO[0m   ] [Base        ] Leaving application in progress...
STEP path=[0, 6] ordinal=10 action={'kind': 'Tab', 'label': 'History', 'handler_kind': 'onClick', 'ordinal': 10} dest=['04f1059500'] error=None unsettled=False 5.29s
[[1;32mINFO[0m   ] [ProbeSysfs  ] device match: /dev/input/event7
[[1;32mINFO[0m   ] [MTD         ] Read event from </dev/input/event7>
[[1;32mINFO[0m   ] [Base        ] Start application main loop
[[1;33mWARNING[0m] [MTD         ] Unable to open device "/dev/input/event7". Please ensure you have the appropriate permissions.
DEBUG _fire begin <function GlitterBurstStar.<locals>._lam5.<locals>._lam10 at 0x7b74043e5440>
DEBUG _fire handler done in 0.000s, flushing
DEBUG _fire flush done in 0.033s
DEBUG _fire begin <function AppNavigation.<locals>._lam28.<locals>._lam29.<locals>._lam30.<locals>._lam31.<locals>._lam34 at 0x7b740405fa60>
DEBUG _fire handler done in 0.000s, flushing
DEBUG _fire flush done in 0.040s
DEBUG _fire begin <function AppNavigation.<locals>._lam122.<locals>._lam123.<locals>._lam155.<locals>._lam157 at 0x7b7403b45300>
DEBUG _fire handler done in 0.000s, flushing
DEBUG _fire flush done in 0.028s
[[1;32mINFO[0m   ] [Base        ] Leaving application in progress...
STEP path=[0, 6] ordinal=11 action={'kind': 'Card', 'label': 'Your wins / 0 / wins / More than the nu…', 'handler_kind': 'onClick', 'ordinal': 11} dest=['5039024228'] error=None unsettled=False 5.23s
[[1;32mINFO[0m   ] [ProbeSysfs  ] device match: /dev/input/event7
[[1;32mINFO[0m   ] [MTD         ] Read event from </dev/input/event7>
[[1;32mINFO[0m   ] [Base        ] Start application main loop
[[1;33mWARNING[0m] [MTD         ] Unable to open device "/dev/input/event7". Please ensure you have the appropriate permissions.
DEBUG _fire begin <function GlitterBurstStar.<locals>._lam5.<locals>._lam10 at 0x7b7400680360>
DEBUG _fire handler done in 0.000s, flushing
DEBUG _fire flush done in 0.034s
DEBUG _fire begin <function AppNavigation.<locals>._lam28.<locals>._lam29.<locals>._lam30.<locals>._lam31.<locals>._lam34 at 0x7b740031e480>
DEBUG _fire handler done in 0.000s, flushing
DEBUG _fire flush done in 0.040s
DEBUG _fire begin <function WinsHomeCard.<locals>._lam6.<locals>._lam7.<locals>._lam8.<locals>._lam9.<locals>._lam10 at 0x7b740006a2a0>
DEBUG _fire handler done in 0.000s, flushing
DEBUG _fire flush done in 0.029s
[[1;32mINFO[0m   ] [Base        ] Leaving application in progress...
STEP path=[0, 6] ordinal=12 action={'kind': 'Button', 'label': 'Log a win', 'handler_kind': 'onClick', 'ordinal': 12} dest=['e5b2207e85'] error=None unsettled=False 5.18s
[[1;32mINFO[0m   ] [ProbeSysfs  ] device match: /dev/input/event7
[[1;32mINFO[0m   ] [MTD         ] Read event from </dev/input/event7>
[[1;32mINFO[0m   ] [Base        ] Start application main loop
[[1;33mWARNING[0m] [MTD         ] Unable to open device "/dev/input/event7". Please ensure you have the appropriate permissions.
DEBUG _fire begin <function GlitterBurstStar.<locals>._lam5.<locals>._lam10 at 0x7b73fef8a020>
DEBUG _fire handler done in 0.000s, flushing
DEBUG _fire flush done in 0.029s
DEBUG _fire begin <function AppNavigation.<locals>._lam28.<locals>._lam29.<locals>._lam30.<locals>._lam31.<locals>._lam34 at 0x7b740b9a7880>
DEBUG _fire handler done in 0.000s, flushing
DEBUG _fire flush done in 0.056s
[[1;32mINFO[0m   ] [Base        ] Leaving application in progress...
STEP path=[0, 7] action=<count-actions-for-new-frontier-frame> result=n_actions=37 9.55s
[[1;32mINFO[0m   ] [ProbeSysfs  ] device match: /dev/input/event7
[[1;32mINFO[0m   ] [MTD         ] Read event from </dev/input/event7>
[[1;32mINFO[0m   ] [Base        ] Start application main loop
[[1;33mWARNING[0m] [MTD         ] Unable to open device "/dev/input/event7". Please ensure you have the appropriate permissions.
DEBUG _fire begin <function GlitterBurstStar.<locals>._lam5.<locals>._lam10 at 0x7b73fc4d80e0>
DEBUG _fire handler done in 0.000s, flushing
DEBUG _fire flush done in 0.041s
DEBUG _fire begin <function AppNavigation.<locals>._lam28.<locals>._lam29.<locals>._lam30.<locals>._lam31.<locals>._lam34 at 0x7b73fc291080>
DEBUG _fire handler done in 0.000s, flushing
DEBUG _fire flush done in 0.046s
STEP HANDLER TRACEBACK path=[0, 7] ordinal=0:
 Traceback (most recent call last):
   File "/home/lucas/Programming/WFL_MixingCenter/render/walker.py", line 578, in body
     app.real_tap(node)
     ~~~~~~~~~~~~^^^^^^
   File "/home/lucas/Programming/WFL_MixingCenter/render/walker.py", line 462, in real_tap
     raise LookupError("widget for node not found in mounted tree (recompose moved/removed it)")
 LookupError: widget for node not found in mounted tree (recompose moved/removed it)
[[1;32mINFO[0m   ] [Base        ] Leaving application in progress...
STEP path=[0, 7] ordinal=0 action={'kind': 'ModalBottomSheet', 'label': "Notifications / Settings / You're all c…", 'handler_kind': 'onDismissRequest', 'ordinal': 0} dest=None error={'type': 'LookupError', 'message': 'widget for node not found in mounted tree (recompose moved/removed it)'} unsettled=False 5.26s
[[1;32mINFO[0m   ] [ProbeSysfs  ] device match: /dev/input/event7
[[1;32mINFO[0m   ] [MTD         ] Read event from </dev/input/event7>
[[1;32mINFO[0m   ] [Base        ] Start application main loop
[[1;33mWARNING[0m] [MTD         ] Unable to open device "/dev/input/event7". Please ensure you have the appropriate permissions.
DEBUG _fire begin <function GlitterBurstStar.<locals>._lam5.<locals>._lam10 at 0x7b73f92aea20>
DEBUG _fire handler done in 0.000s, flushing
DEBUG _fire flush done in 0.027s
DEBUG _fire begin <function AppNavigation.<locals>._lam28.<locals>._lam29.<locals>._lam30.<locals>._lam31.<locals>._lam34 at 0x7b73f8f78f40>
DEBUG _fire handler done in 0.000s, flushing
DEBUG _fire flush done in 0.045s
STEP HANDLER TRACEBACK path=[0, 7] ordinal=1:
 Traceback (most recent call last):
   File "/home/lucas/Programming/WFL_MixingCenter/render/walker.py", line 578, in body
     app.real_tap(node)
     ~~~~~~~~~~~~^^^^^^
   File "/home/lucas/Programming/WFL_MixingCenter/render/walker.py", line 462, in real_tap
     raise LookupError("widget for node not found in mounted tree (recompose moved/removed it)")
 LookupError: widget for node not found in mounted tree (recompose moved/removed it)
[[1;32mINFO[0m   ] [Base        ] Leaving application in progress...
STEP path=[0, 7] ordinal=1 action={'kind': 'TextButton', 'label': 'Settings', 'handler_kind': 'onClick', 'ordinal': 1} dest=None error={'type': 'LookupError', 'message': 'widget for node not found in mounted tree (recompose moved/removed it)'} unsettled=False 5.12s
[[1;32mINFO[0m   ] [ProbeSysfs  ] device match: /dev/input/event7
[[1;32mINFO[0m   ] [MTD         ] Read event from </dev/input/event7>
[[1;32mINFO[0m   ] [Base        ] Start application main loop
[[1;33mWARNING[0m] [MTD         ] Unable to open device "/dev/input/event7". Please ensure you have the appropriate permissions.
DEBUG _fire begin <function GlitterBurstStar.<locals>._lam5.<locals>._lam10 at 0x7b73f580c4a0>
DEBUG _fire handler done in 0.000s, flushing
DEBUG _fire flush done in 0.034s
DEBUG _fire begin <function AppNavigation.<locals>._lam28.<locals>._lam29.<locals>._lam30.<locals>._lam31.<locals>._lam34 at 0x7b73f55cbf60>
DEBUG _fire handler done in 0.000s, flushing
DEBUG _fire flush done in 0.047s
DEBUG _fire begin <function GlitterBurstStar.<locals>._lam5.<locals>._lam10 at 0x7b73f48820c0>
DEBUG _fire handler done in 0.000s, flushing
DEBUG _fire flush done in 0.000s
[[1;32mINFO[0m   ] [Base        ] Leaving application in progress...
STEP path=[0, 7] ordinal=2 action={'kind': 'Surface', 'label': 'Surface', 'handler_kind': 'onClick', 'ordinal': 2} dest=['9c4ce5f2ed'] error=None unsettled=False 5.23s
[[1;32mINFO[0m   ] [ProbeSysfs  ] device match: /dev/input/event7
[[1;32mINFO[0m   ] [MTD         ] Read event from </dev/input/event7>
[[1;32mINFO[0m   ] [Base        ] Start application main loop
[[1;33mWARNING[0m] [MTD         ] Unable to open device "/dev/input/event7". Please ensure you have the appropriate permissions.
DEBUG _fire begin <function GlitterBurstStar.<locals>._lam5.<locals>._lam10 at 0x7b73f3663ce0>
DEBUG _fire handler done in 0.000s, flushing
DEBUG _fire flush done in 0.033s
DEBUG _fire begin <function AppNavigation.<locals>._lam28.<locals>._lam29.<locals>._lam30.<locals>._lam31.<locals>._lam34 at 0x7b73f3635800>
DEBUG _fire handler done in 0.000s, flushing
DEBUG _fire flush done in 0.049s
DEBUG _fire begin <function AppNavigation.<locals>._lam28.<locals>._lam29.<locals>._lam30.<locals>._lam31.<locals>._lam34 at 0x7b73f8f204a0>
DEBUG _fire handler done in 0.000s, flushing
DEBUG _fire flush done in 0.028s
[[1;32mINFO[0m   ] [Base        ] Leaving application in progress...
STEP path=[0, 7] ordinal=3 action={'kind': 'NavigationBarItem', 'label': 'Home', 'handler_kind': 'onClick', 'ordinal': 3} dest=['98fa86b2f0'] error=None unsettled=False 10.00s
[[1;32mINFO[0m   ] [ProbeSysfs  ] device match: /dev/input/event7
[[1;32mINFO[0m   ] [MTD         ] Read event from </dev/input/event7>
[[1;32mINFO[0m   ] [Base        ] Start application main loop
[[1;33mWARNING[0m] [MTD         ] Unable to open device "/dev/input/event7". Please ensure you have the appropriate permissions.
DEBUG _fire begin <function GlitterBurstStar.<locals>._lam5.<locals>._lam10 at 0x7b73f0776520>
DEBUG _fire handler done in 0.000s, flushing
DEBUG _fire flush done in 0.027s
DEBUG _fire begin <function AppNavigation.<locals>._lam28.<locals>._lam29.<locals>._lam30.<locals>._lam31.<locals>._lam34 at 0x7b73f0508900>
DEBUG _fire handler done in 0.000s, flushing
DEBUG _fire flush done in 0.050s
DEBUG _fire begin <function AppNavigation.<locals>._lam28.<locals>._lam29.<locals>._lam30.<locals>._lam31.<locals>._lam34 at 0x7b73f0105e40>
DEBUG _fire handler done in 0.000s, flushing
DEBUG _fire flush done in 0.031s
[[1;32mINFO[0m   ] [Base        ] Leaving application in progress...
STEP path=[0, 7] ordinal=4 action={'kind': 'NavigationBarItem', 'label': 'Program', 'handler_kind': 'onClick', 'ordinal': 4} dest=['e60ee2c6c9'] error=None unsettled=False 5.31s
[[1;32mINFO[0m   ] [ProbeSysfs  ] device match: /dev/input/event7
[[1;32mINFO[0m   ] [MTD         ] Read event from </dev/input/event7>
[[1;32mINFO[0m   ] [Base        ] Start application main loop
[[1;33mWARNING[0m] [MTD         ] Unable to open device "/dev/input/event7". Please ensure you have the appropriate permissions.
DEBUG _fire begin <function GlitterBurstStar.<locals>._lam5.<locals>._lam10 at 0x7b73fbc18f40>
DEBUG _fire handler done in 0.000s, flushing
DEBUG _fire flush done in 0.027s
DEBUG _fire begin <function AppNavigation.<locals>._lam28.<locals>._lam29.<locals>._lam30.<locals>._lam31.<locals>._lam34 at 0x7b73ed2f9ee0>
DEBUG _fire handler done in 0.000s, flushing
DEBUG _fire flush done in 0.046s
DEBUG _fire begin <function AppNavigation.<locals>._lam28.<locals>._lam29.<locals>._lam30.<locals>._lam31.<locals>._lam34 at 0x7b73ecce2480>
DEBUG _fire handler done in 0.000s, flushing
DEBUG _fire flush done in 0.028s
[[1;32mINFO[0m   ] [Base        ] Leaving application in progress...
STEP path=[0, 7] ordinal=5 action={'kind': 'NavigationBarItem', 'label': 'Paths', 'handler_kind': 'onClick', 'ordinal': 5} dest=['017754e170'] error=None unsettled=False 5.28s
[[1;32mINFO[0m   ] [ProbeSysfs  ] device match: /dev/input/event7
[[1;32mINFO[0m   ] [MTD         ] Read event from </dev/input/event7>
[[1;32mINFO[0m   ] [Base        ] Start application main loop
[[1;33mWARNING[0m] [MTD         ] Unable to open device "/dev/input/event7". Please ensure you have the appropriate permissions.
DEBUG _fire begin <function GlitterBurstStar.<locals>._lam5.<locals>._lam10 at 0x7b73e9a0f920>
DEBUG _fire handler done in 0.000s, flushing
DEBUG _fire flush done in 0.032s
DEBUG _fire begin <function AppNavigation.<locals>._lam28.<locals>._lam29.<locals>._lam30.<locals>._lam31.<locals>._lam34 at 0x7b73e98ccf40>
DEBUG _fire handler done in 0.000s, flushing
DEBUG _fire flush done in 0.046s
DEBUG _fire begin <function AppNavigation.<locals>._lam28.<locals>._lam29.<locals>._lam30.<locals>._lam31.<locals>._lam34 at 0x7b73e8ceed40>
DEBUG _fire handler done in 0.000s, flushing
DEBUG _fire flush done in 0.041s
[[1;32mINFO[0m   ] [Base        ] Leaving application in progress...
STEP path=[0, 7] ordinal=6 action={'kind': 'NavigationBarItem', 'label': 'Progress', 'handler_kind': 'onClick', 'ordinal': 6} dest=['5039024228'] error=None unsettled=False 5.25s
[[1;32mINFO[0m   ] [ProbeSysfs  ] device match: /dev/input/event7
[[1;32mINFO[0m   ] [MTD         ] Read event from </dev/input/event7>
[[1;32mINFO[0m   ] [Base        ] Start application main loop
[[1;33mWARNING[0m] [MTD         ] Unable to open device "/dev/input/event7". Please ensure you have the appropriate permissions.
DEBUG _fire begin <function GlitterBurstStar.<locals>._lam5.<locals>._lam10 at 0x7b73e51493a0>
DEBUG _fire handler done in 0.000s, flushing
DEBUG _fire flush done in 0.026s
DEBUG _fire begin <function AppNavigation.<locals>._lam28.<locals>._lam29.<locals>._lam30.<locals>._lam31.<locals>._lam34 at 0x7b73e4d92200>
DEBUG _fire handler done in 0.000s, flushing
DEBUG _fire flush done in 0.050s
DEBUG _fire begin <function AppNavigation.<locals>._lam28.<locals>._lam29.<locals>._lam30.<locals>._lam31.<locals>._lam34 at 0x7b73e9b6e2a0>
DEBUG _fire handler done in 0.000s, flushing
DEBUG _fire flush done in 0.000s
[[1;32mINFO[0m   ] [Base        ] Leaving application in progress...
STEP path=[0, 7] ordinal=7 action={'kind': 'NavigationBarItem', 'label': 'You', 'handler_kind': 'onClick', 'ordinal': 7} dest=['9c4ce5f2ed'] error=None unsettled=False 10.95s
[[1;32mINFO[0m   ] [ProbeSysfs  ] device match: /dev/input/event7
[[1;32mINFO[0m   ] [MTD         ] Read event from </dev/input/event7>
[[1;32mINFO[0m   ] [Base        ] Start application main loop
[[1;33mWARNING[0m] [MTD         ] Unable to open device "/dev/input/event7". Please ensure you have the appropriate permissions.
DEBUG _fire begin <function GlitterBurstStar.<locals>._lam5.<locals>._lam10 at 0x7b73f55bba60>
DEBUG _fire handler done in 0.000s, flushing
DEBUG _fire flush done in 0.029s
DEBUG _fire begin <function AppNavigation.<locals>._lam28.<locals>._lam29.<locals>._lam30.<locals>._lam31.<locals>._lam34 at 0x7b73e8eb0a40>
DEBUG _fire handler done in 0.000s, flushing
DEBUG _fire flush done in 0.044s
[[1;32mINFO[0m   ] [Base        ] Leaving application in progress...
STEP path=[0, 7] ordinal=8 action={'kind': 'BasicTextField', 'label': 'User', 'handler_kind': 'onValueChange', 'ordinal': 8} dest=['dc62318aaf'] error=None unsettled=False 5.42s
[[1;32mINFO[0m   ] [ProbeSysfs  ] device match: /dev/input/event7
[[1;32mINFO[0m   ] [MTD         ] Read event from </dev/input/event7>
[[1;32mINFO[0m   ] [Base        ] Start application main loop
[[1;33mWARNING[0m] [MTD         ] Unable to open device "/dev/input/event7". Please ensure you have the appropriate permissions.
DEBUG _fire begin <function GlitterBurstStar.<locals>._lam5.<locals>._lam10 at 0x7b73e23c0680>
DEBUG _fire handler done in 0.000s, flushing
DEBUG _fire flush done in 0.032s
DEBUG _fire begin <function AppNavigation.<locals>._lam28.<locals>._lam29.<locals>._lam30.<locals>._lam31.<locals>._lam34 at 0x7b73e2355080>
DEBUG _fire handler done in 0.000s, flushing
DEBUG _fire flush done in 0.045s
[[1;32mINFO[0m   ] [Base        ] Leaving application in progress...
STEP path=[0, 7] ordinal=9 action={'kind': 'BasicTextField', 'label': '80.0 / kg', 'handler_kind': 'onValueChange', 'ordinal': 9} dest=['ac50d59452'] error=None unsettled=False 5.32s
[[1;32mINFO[0m   ] [ProbeSysfs  ] device match: /dev/input/event7
[[1;32mINFO[0m   ] [MTD         ] Read event from </dev/input/event7>
[[1;32mINFO[0m   ] [Base        ] Start application main loop
[[1;33mWARNING[0m] [MTD         ] Unable to open device "/dev/input/event7". Please ensure you have the appropriate permissions.
DEBUG _fire begin <function GlitterBurstStar.<locals>._lam5.<locals>._lam10 at 0x7b73de5bafc0>
DEBUG _fire handler done in 0.000s, flushing
DEBUG _fire flush done in 0.027s
DEBUG _fire begin <function AppNavigation.<locals>._lam28.<locals>._lam29.<locals>._lam30.<locals>._lam31.<locals>._lam34 at 0x7b73de2ad4e0>
DEBUG _fire handler done in 0.000s, flushing
DEBUG _fire flush done in 0.045s
DEBUG _fire begin <function CompactDropdown.<locals>._lam7.<locals>._lam9 at 0x7b73ddaa6340>
DEBUG _fire handler done in 0.000s, flushing
DEBUG _fire flush done in 0.047s
[[1;32mINFO[0m   ] [Base        ] Leaving application in progress...
STEP path=[0, 7] ordinal=10 action={'kind': 'Row', 'label': 'RPE', 'handler_kind': 'onClick', 'ordinal': 10} dest=['9c4ce5f2ed'] error=None unsettled=False 5.23s
[[1;32mINFO[0m   ] [ProbeSysfs  ] device match: /dev/input/event7
[[1;32mINFO[0m   ] [MTD         ] Read event from </dev/input/event7>
[[1;32mINFO[0m   ] [Base        ] Start application main loop
[[1;33mWARNING[0m] [MTD         ] Unable to open device "/dev/input/event7". Please ensure you have the appropriate permissions.
DEBUG _fire begin <function GlitterBurstStar.<locals>._lam5.<locals>._lam10 at 0x7b73d998dee0>
DEBUG _fire handler done in 0.000s, flushing
DEBUG _fire flush done in 0.027s
DEBUG _fire begin <function AppNavigation.<locals>._lam28.<locals>._lam29.<locals>._lam30.<locals>._lam31.<locals>._lam34 at 0x7b73d96ecb80>
DEBUG _fire handler done in 0.000s, flushing
DEBUG _fire flush done in 0.045s
STEP HANDLER TRACEBACK path=[0, 7] ordinal=11:
 Traceback (most recent call last):
   File "/home/lucas/Programming/WFL_MixingCenter/render/walker.py", line 578, in body
     app.real_tap(node)
     ~~~~~~~~~~~~^^^^^^
   File "/home/lucas/Programming/WFL_MixingCenter/render/walker.py", line 462, in real_tap
     raise LookupError("widget for node not found in mounted tree (recompose moved/removed it)")
 LookupError: widget for node not found in mounted tree (recompose moved/removed it)
[[1;32mINFO[0m   ] [Base        ] Leaving application in progress...
STEP path=[0, 7] ordinal=11 action={'kind': 'DropdownMenu', 'label': 'No lingo / RPE / RIR', 'handler_kind': 'onDismissRequest', 'ordinal': 11} dest=None error={'type': 'LookupError', 'message': 'widget for node not found in mounted tree (recompose moved/removed it)'} unsettled=False 5.12s
# py_walk summary
states: 30
edges:  130
crashed edges: 18
nav-bar destinations reached: ['my_program', 'paths', 'progress', 'settings', 'today'] (5/5)
distinct routes/screens reached: ['log_cardio', 'my_program', 'paths', 'programs', 'progress', 'settings', 'today'] (7/27 known Screen.kt routes)
frontier remaining: 20
done: False

## crashes (findings, not fixed here)
  - {'handler_kind': 'onDismissRequest', 'kind': 'ModalBottomSheet', 'label': "Notifications / Settings / You're all c…", 'ordinal': 0}: {'message': 'widget for node not found in mounted tree (recompose moved/removed it)', 'type': 'LookupError'}
  - {'handler_kind': 'onClick', 'kind': 'TextButton', 'label': 'Settings', 'ordinal': 1}: {'message': 'widget for node not found in mounted tree (recompose moved/removed it)', 'type': 'LookupError'}
  - {'handler_kind': 'onDismissRequest', 'kind': 'DropdownMenu', 'label': 'No lingo / RPE / RIR', 'ordinal': 9}: {'message': 'widget for node not found in mounted tree (recompose moved/removed it)', 'type': 'LookupError'}
  - {'handler_kind': 'onClick', 'kind': 'DropdownMenuItem', 'label': 'No lingo', 'ordinal': 10}: {'message': 'widget for node not found in mounted tree (recompose moved/removed it)', 'type': 'LookupError'}
  - {'handler_kind': 'onClick', 'kind': 'DropdownMenuItem', 'label': 'RPE', 'ordinal': 11}: {'message': 'widget for node not found in mounted tree (recompose moved/removed it)', 'type': 'LookupError'}
  - {'handler_kind': 'onClick', 'kind': 'DropdownMenuItem', 'label': 'RIR', 'ordinal': 12}: {'message': 'widget for node not found in mounted tree (recompose moved/removed it)', 'type': 'LookupError'}
  - {'handler_kind': 'onDismissRequest', 'kind': 'DropdownMenu', 'label': 'KG / LB', 'ordinal': 14}: {'message': 'widget for node not found in mounted tree (recompose moved/removed it)', 'type': 'LookupError'}
  - {'handler_kind': 'onClick', 'kind': 'DropdownMenuItem', 'label': 'KG', 'ordinal': 15}: {'message': 'widget for node not found in mounted tree (recompose moved/removed it)', 'type': 'LookupError'}
  - {'handler_kind': 'onClick', 'kind': 'DropdownMenuItem', 'label': 'LB', 'ordinal': 16}: {'message': 'widget for node not found in mounted tree (recompose moved/removed it)', 'type': 'LookupError'}
  - {'handler_kind': 'onDismissRequest', 'kind': 'ModalBottomSheet', 'label': "Notifications / Settings / You're all c…", 'ordinal': 0}: {'message': 'widget for node not found in mounted tree (recompose moved/removed it)', 'type': 'LookupError'}
  - {'handler_kind': 'onClick', 'kind': 'TextButton', 'label': 'Settings', 'ordinal': 1}: {'message': 'widget for node not found in mounted tree (recompose moved/removed it)', 'type': 'LookupError'}
  - {'kind': 'ModalBottomSheet', 'label': "Notifications / Settings / You're all c…", 'handler_kind': 'onDismissRequest', 'ordinal': 0}: {'type': 'LookupError', 'message': 'widget for node not found in mounted tree (recompose moved/removed it)'}
  - {'kind': 'TextButton', 'label': 'Settings', 'handler_kind': 'onClick', 'ordinal': 1}: {'type': 'LookupError', 'message': 'widget for node not found in mounted tree (recompose moved/removed it)'}
  - {'kind': 'ModalBottomSheet', 'label': "Notifications / Settings / You're all c…", 'handler_kind': 'onDismissRequest', 'ordinal': 0}: {'type': 'LookupError', 'message': 'widget for node not found in mounted tree (recompose moved/removed it)'}
  - {'kind': 'TextButton', 'label': 'Settings', 'handler_kind': 'onClick', 'ordinal': 1}: {'type': 'LookupError', 'message': 'widget for node not found in mounted tree (recompose moved/removed it)'}
  - {'kind': 'ModalBottomSheet', 'label': "Notifications / Settings / You're all c…", 'handler_kind': 'onDismissRequest', 'ordinal': 0}: {'type': 'LookupError', 'message': 'widget for node not found in mounted tree (recompose moved/removed it)'}
  - {'kind': 'TextButton', 'label': 'Settings', 'handler_kind': 'onClick', 'ordinal': 1}: {'type': 'LookupError', 'message': 'widget for node not found in mounted tree (recompose moved/removed it)'}
  - {'kind': 'DropdownMenu', 'label': 'No lingo / RPE / RIR', 'handler_kind': 'onDismissRequest', 'ordinal': 11}: {'type': 'LookupError', 'message': 'widget for node not found in mounted tree (recompose moved/removed it)'}
