[[1;32mINFO[0m   ] [Logger      ] Record log in /home/lucas/.kivy/logs/kivy_26-07-08_53.txt
[[1;32mINFO[0m   ] [Kivy        ] v2.3.1
[[1;32mINFO[0m   ] [Kivy        ] Installed at "/home/lucas/anaconda3/lib/python3.13/site-packages/kivy/__init__.py"
[[1;32mINFO[0m   ] [Python      ] v3.13.9 | packaged by Anaconda, Inc. | (main, Oct 21 2025, 19:16:10) [GCC 11.2.0]
[[1;32mINFO[0m   ] [Python      ] Interpreter at "/home/lucas/anaconda3/bin/python3"
[[1;32mINFO[0m   ] [Logger      ] Purge log fired. Processing...
[[1;32mINFO[0m   ] [Logger      ] Purge finished!
[[1;32mINFO[0m   ] [Factory     ] 195 symbols loaded
[[1;32mINFO[0m   ] [Image       ] Providers: img_tex, img_dds, img_sdl2, img_pil (img_ffpyplayer ignored)
[[1;32mINFO[0m   ] [Text        ] Provider: sdl2
[[1;32mINFO[0m   ] [Window      ] Provider: sdl2
[[1;32mINFO[0m   ] [GL          ] Using the "OpenGL" graphics system
[[1;32mINFO[0m   ] [GL          ] Backend used <sdl2>
[[1;32mINFO[0m   ] [GL          ] OpenGL version <b'4.5 (Compatibility Profile) Mesa 26.0.3-1ubuntu1'>
[[1;32mINFO[0m   ] [GL          ] OpenGL vendor <b'Mesa'>
[[1;32mINFO[0m   ] [GL          ] OpenGL renderer <b'llvmpipe (LLVM 21.1.8, 256 bits)'>
[[1;32mINFO[0m   ] [GL          ] OpenGL parsed version: 4, 5
[[1;32mINFO[0m   ] [GL          ] Shading version <b'4.50'>
[[1;32mINFO[0m   ] [GL          ] Texture max size <16384>
[[1;32mINFO[0m   ] [GL          ] Texture max units <32>
[[1;32mINFO[0m   ] [Window      ] auto add sdl2 input provider
[[1;32mINFO[0m   ] [Window      ] virtual keyboard not allowed, single mode, not docked
[[1;32mINFO[0m   ] [GL          ] NPOT texture support is available
[[1;32mINFO[0m   ] [ProbeSysfs  ] device match: /dev/input/event7
[[1;32mINFO[0m   ] [MTD         ] Read event from </dev/input/event7>
[[1;32mINFO[0m   ] [Base        ] Start application main loop
[[1;33mWARNING[0m] [MTD         ] Unable to open device "/dev/input/event7". Please ensure you have the appropriate permissions.
DEBUG _fire begin <function AppNavigation.<locals>._lam28.<locals>._lam29.<locals>._lam30.<locals>._lam31.<locals>._lam34 at 0x7be621f5c7c0>
DEBUG _fire handler done in 0.000s, flushing
DEBUG _fire flush done in 0.169s
DEBUG _fire begin <function AppNavigation.<locals>._lam28.<locals>._lam29.<locals>._lam30.<locals>._lam31.<locals>._lam34 at 0x7be620ede980>
DEBUG _fire handler done in 0.000s, flushing
DEBUG _fire flush done in 0.044s
[[1;32mINFO[0m   ] [Base        ] Leaving application in progress...
STEP path=[5] ordinal=4 action={'kind': 'NavigationBarItem', 'label': 'Progress', 'handler_kind': 'onClick', 'ordinal': 4} dest=['113f034fbc'] error=None unsettled=False 5.65s
[[1;32mINFO[0m   ] [ProbeSysfs  ] device match: /dev/input/event7
[[1;32mINFO[0m   ] [MTD         ] Read event from </dev/input/event7>
[[1;32mINFO[0m   ] [Base        ] Start application main loop
[[1;33mWARNING[0m] [MTD         ] Unable to open device "/dev/input/event7". Please ensure you have the appropriate permissions.
DEBUG _fire begin <function AppNavigation.<locals>._lam28.<locals>._lam29.<locals>._lam30.<locals>._lam31.<locals>._lam34 at 0x7be619c03420>
DEBUG _fire handler done in 0.000s, flushing
DEBUG _fire flush done in 0.045s
DEBUG _fire begin <function AppNavigation.<locals>._lam28.<locals>._lam29.<locals>._lam30.<locals>._lam31.<locals>._lam34 at 0x7be619289d00>
DEBUG _fire handler done in 0.000s, flushing
DEBUG _fire flush done in 0.000s
[[1;32mINFO[0m   ] [Base        ] Leaving application in progress...
STEP path=[5] ordinal=5 action={'kind': 'NavigationBarItem', 'label': 'You', 'handler_kind': 'onClick', 'ordinal': 5} dest=['2787925c0e'] error=None unsettled=False 6.50s
[[1;32mINFO[0m   ] [ProbeSysfs  ] device match: /dev/input/event7
[[1;32mINFO[0m   ] [MTD         ] Read event from </dev/input/event7>
[[1;32mINFO[0m   ] [Base        ] Start application main loop
[[1;33mWARNING[0m] [MTD         ] Unable to open device "/dev/input/event7". Please ensure you have the appropriate permissions.
DEBUG _fire begin <function AppNavigation.<locals>._lam28.<locals>._lam29.<locals>._lam30.<locals>._lam31.<locals>._lam34 at 0x7be617938180>
DEBUG _fire handler done in 0.000s, flushing
DEBUG _fire flush done in 0.044s
[[1;32mINFO[0m   ] [Base        ] Leaving application in progress...
STEP path=[5] ordinal=6 action={'kind': 'BasicTextField', 'label': 'User', 'handler_kind': 'onValueChange', 'ordinal': 6} dest=['8c97589420'] error=None unsettled=False 5.95s
[[1;32mINFO[0m   ] [ProbeSysfs  ] device match: /dev/input/event7
[[1;32mINFO[0m   ] [MTD         ] Read event from </dev/input/event7>
[[1;32mINFO[0m   ] [Base        ] Start application main loop
[[1;33mWARNING[0m] [MTD         ] Unable to open device "/dev/input/event7". Please ensure you have the appropriate permissions.
DEBUG _fire begin <function AppNavigation.<locals>._lam28.<locals>._lam29.<locals>._lam30.<locals>._lam31.<locals>._lam34 at 0x7be614454ae0>
DEBUG _fire handler done in 0.000s, flushing
DEBUG _fire flush done in 0.644s
[[1;32mINFO[0m   ] [Base        ] Leaving application in progress...
STEP path=[5] ordinal=7 action={'kind': 'BasicTextField', 'label': '80.0 / kg', 'handler_kind': 'onValueChange', 'ordinal': 7} dest=['41e7eefb88'] error=None unsettled=False 6.25s
[[1;32mINFO[0m   ] [ProbeSysfs  ] device match: /dev/input/event7
[[1;32mINFO[0m   ] [MTD         ] Read event from </dev/input/event7>
[[1;32mINFO[0m   ] [Base        ] Start application main loop
[[1;33mWARNING[0m] [MTD         ] Unable to open device "/dev/input/event7". Please ensure you have the appropriate permissions.
DEBUG _fire begin <function AppNavigation.<locals>._lam28.<locals>._lam29.<locals>._lam30.<locals>._lam31.<locals>._lam34 at 0x7be611686a20>
DEBUG _fire handler done in 0.000s, flushing
DEBUG _fire flush done in 0.045s
DEBUG _fire begin <function CompactDropdown.<locals>._lam7.<locals>._lam9 at 0x7be610eae160>
DEBUG _fire handler done in 0.000s, flushing
DEBUG _fire flush done in 0.046s
[[1;32mINFO[0m   ] [Base        ] Leaving application in progress...
STEP path=[5] ordinal=8 action={'kind': 'Row', 'label': 'RPE', 'handler_kind': 'onClick', 'ordinal': 8} dest=['2787925c0e'] error=None unsettled=False 6.69s
[[1;32mINFO[0m   ] [ProbeSysfs  ] device match: /dev/input/event7
[[1;32mINFO[0m   ] [MTD         ] Read event from </dev/input/event7>
[[1;32mINFO[0m   ] [Base        ] Start application main loop
[[1;33mWARNING[0m] [MTD         ] Unable to open device "/dev/input/event7". Please ensure you have the appropriate permissions.
DEBUG _fire begin <function AppNavigation.<locals>._lam28.<locals>._lam29.<locals>._lam30.<locals>._lam31.<locals>._lam34 at 0x7be60f20e840>
DEBUG _fire handler done in 0.000s, flushing
DEBUG _fire flush done in 0.047s
STEP HANDLER TRACEBACK path=[5] ordinal=9:
 Traceback (most recent call last):
   File "/home/lucas/Programming/WFL_MixingCenter/render/walker.py", line 578, in body
     app.real_tap(node)
     ~~~~~~~~~~~~^^^^^^
   File "/home/lucas/Programming/WFL_MixingCenter/render/walker.py", line 462, in real_tap
     raise LookupError("widget for node not found in mounted tree (recompose moved/removed it)")
 LookupError: widget for node not found in mounted tree (recompose moved/removed it)
[[1;32mINFO[0m   ] [Base        ] Leaving application in progress...
STEP path=[5] ordinal=9 action={'kind': 'DropdownMenu', 'label': 'No lingo / RPE / RIR', 'handler_kind': 'onDismissRequest', 'ordinal': 9} dest=None error={'type': 'LookupError', 'message': 'widget for node not found in mounted tree (recompose moved/removed it)'} unsettled=False 5.98s
[[1;32mINFO[0m   ] [ProbeSysfs  ] device match: /dev/input/event7
[[1;32mINFO[0m   ] [MTD         ] Read event from </dev/input/event7>
[[1;32mINFO[0m   ] [Base        ] Start application main loop
[[1;33mWARNING[0m] [MTD         ] Unable to open device "/dev/input/event7". Please ensure you have the appropriate permissions.
DEBUG _fire begin <function AppNavigation.<locals>._lam28.<locals>._lam29.<locals>._lam30.<locals>._lam31.<locals>._lam34 at 0x7be60c9bbce0>
DEBUG _fire handler done in 0.000s, flushing
DEBUG _fire flush done in 0.045s
STEP HANDLER TRACEBACK path=[5] ordinal=10:
 Traceback (most recent call last):
   File "/home/lucas/Programming/WFL_MixingCenter/render/walker.py", line 578, in body
     app.real_tap(node)
     ~~~~~~~~~~~~^^^^^^
   File "/home/lucas/Programming/WFL_MixingCenter/render/walker.py", line 462, in real_tap
     raise LookupError("widget for node not found in mounted tree (recompose moved/removed it)")
 LookupError: widget for node not found in mounted tree (recompose moved/removed it)
[[1;32mINFO[0m   ] [Base        ] Leaving application in progress...
STEP path=[5] ordinal=10 action={'kind': 'DropdownMenuItem', 'label': 'No lingo', 'handler_kind': 'onClick', 'ordinal': 10} dest=None error={'type': 'LookupError', 'message': 'widget for node not found in mounted tree (recompose moved/removed it)'} unsettled=False 6.02s
[[1;32mINFO[0m   ] [ProbeSysfs  ] device match: /dev/input/event7
[[1;32mINFO[0m   ] [MTD         ] Read event from </dev/input/event7>
[[1;32mINFO[0m   ] [Base        ] Start application main loop
[[1;33mWARNING[0m] [MTD         ] Unable to open device "/dev/input/event7". Please ensure you have the appropriate permissions.
DEBUG _fire begin <function AppNavigation.<locals>._lam28.<locals>._lam29.<locals>._lam30.<locals>._lam31.<locals>._lam34 at 0x7be60bb6ef20>
DEBUG _fire handler done in 0.000s, flushing
DEBUG _fire flush done in 0.048s
STEP HANDLER TRACEBACK path=[5] ordinal=11:
 Traceback (most recent call last):
   File "/home/lucas/Programming/WFL_MixingCenter/render/walker.py", line 578, in body
     app.real_tap(node)
     ~~~~~~~~~~~~^^^^^^
   File "/home/lucas/Programming/WFL_MixingCenter/render/walker.py", line 462, in real_tap
     raise LookupError("widget for node not found in mounted tree (recompose moved/removed it)")
 LookupError: widget for node not found in mounted tree (recompose moved/removed it)
[[1;32mINFO[0m   ] [Base        ] Leaving application in progress...
STEP path=[5] ordinal=11 action={'kind': 'DropdownMenuItem', 'label': 'RPE', 'handler_kind': 'onClick', 'ordinal': 11} dest=None error={'type': 'LookupError', 'message': 'widget for node not found in mounted tree (recompose moved/removed it)'} unsettled=False 6.09s
[[1;32mINFO[0m   ] [ProbeSysfs  ] device match: /dev/input/event7
[[1;32mINFO[0m   ] [MTD         ] Read event from </dev/input/event7>
[[1;32mINFO[0m   ] [Base        ] Start application main loop
[[1;33mWARNING[0m] [MTD         ] Unable to open device "/dev/input/event7". Please ensure you have the appropriate permissions.
DEBUG _fire begin <function AppNavigation.<locals>._lam28.<locals>._lam29.<locals>._lam30.<locals>._lam31.<locals>._lam34 at 0x7be606aefba0>
DEBUG _fire handler done in 0.000s, flushing
DEBUG _fire flush done in 0.044s
STEP HANDLER TRACEBACK path=[5] ordinal=12:
 Traceback (most recent call last):
   File "/home/lucas/Programming/WFL_MixingCenter/render/walker.py", line 578, in body
     app.real_tap(node)
     ~~~~~~~~~~~~^^^^^^
   File "/home/lucas/Programming/WFL_MixingCenter/render/walker.py", line 462, in real_tap
     raise LookupError("widget for node not found in mounted tree (recompose moved/removed it)")
 LookupError: widget for node not found in mounted tree (recompose moved/removed it)
[[1;32mINFO[0m   ] [Base        ] Leaving application in progress...
STEP path=[5] ordinal=12 action={'kind': 'DropdownMenuItem', 'label': 'RIR', 'handler_kind': 'onClick', 'ordinal': 12} dest=None error={'type': 'LookupError', 'message': 'widget for node not found in mounted tree (recompose moved/removed it)'} unsettled=False 6.36s
[[1;32mINFO[0m   ] [ProbeSysfs  ] device match: /dev/input/event7
[[1;32mINFO[0m   ] [MTD         ] Read event from </dev/input/event7>
[[1;32mINFO[0m   ] [Base        ] Start application main loop
[[1;33mWARNING[0m] [MTD         ] Unable to open device "/dev/input/event7". Please ensure you have the appropriate permissions.
DEBUG _fire begin <function AppNavigation.<locals>._lam28.<locals>._lam29.<locals>._lam30.<locals>._lam31.<locals>._lam34 at 0x7be6044cac00>
DEBUG _fire handler done in 0.000s, flushing
DEBUG _fire flush done in 0.049s
DEBUG _fire begin <function CompactDropdown.<locals>._lam7.<locals>._lam9 at 0x7be604279a80>
DEBUG _fire handler done in 0.000s, flushing
DEBUG _fire flush done in 0.043s
[[1;32mINFO[0m   ] [Base        ] Leaving application in progress...
STEP path=[5] ordinal=13 action={'kind': 'Row', 'label': 'KG', 'handler_kind': 'onClick', 'ordinal': 13} dest=['2787925c0e'] error=None unsettled=False 5.17s
[[1;32mINFO[0m   ] [ProbeSysfs  ] device match: /dev/input/event7
[[1;32mINFO[0m   ] [MTD         ] Read event from </dev/input/event7>
[[1;32mINFO[0m   ] [Base        ] Start application main loop
[[1;33mWARNING[0m] [MTD         ] Unable to open device "/dev/input/event7". Please ensure you have the appropriate permissions.
DEBUG _fire begin <function AppNavigation.<locals>._lam28.<locals>._lam29.<locals>._lam30.<locals>._lam31.<locals>._lam34 at 0x7be60115e0c0>
DEBUG _fire handler done in 0.000s, flushing
DEBUG _fire flush done in 0.052s
STEP HANDLER TRACEBACK path=[5] ordinal=14:
 Traceback (most recent call last):
   File "/home/lucas/Programming/WFL_MixingCenter/render/walker.py", line 578, in body
     app.real_tap(node)
     ~~~~~~~~~~~~^^^^^^
   File "/home/lucas/Programming/WFL_MixingCenter/render/walker.py", line 462, in real_tap
     raise LookupError("widget for node not found in mounted tree (recompose moved/removed it)")
 LookupError: widget for node not found in mounted tree (recompose moved/removed it)
[[1;32mINFO[0m   ] [Base        ] Leaving application in progress...
STEP path=[5] ordinal=14 action={'kind': 'DropdownMenu', 'label': 'KG / LB', 'handler_kind': 'onDismissRequest', 'ordinal': 14} dest=None error={'type': 'LookupError', 'message': 'widget for node not found in mounted tree (recompose moved/removed it)'} unsettled=False 6.61s
[[1;32mINFO[0m   ] [ProbeSysfs  ] device match: /dev/input/event7
[[1;32mINFO[0m   ] [MTD         ] Read event from </dev/input/event7>
[[1;32mINFO[0m   ] [Base        ] Start application main loop
[[1;33mWARNING[0m] [MTD         ] Unable to open device "/dev/input/event7". Please ensure you have the appropriate permissions.
DEBUG _fire begin <function AppNavigation.<locals>._lam28.<locals>._lam29.<locals>._lam30.<locals>._lam31.<locals>._lam34 at 0x7be5fdefc360>
DEBUG _fire handler done in 0.000s, flushing
DEBUG _fire flush done in 0.048s
STEP HANDLER TRACEBACK path=[5] ordinal=15:
 Traceback (most recent call last):
   File "/home/lucas/Programming/WFL_MixingCenter/render/walker.py", line 578, in body
     app.real_tap(node)
     ~~~~~~~~~~~~^^^^^^
   File "/home/lucas/Programming/WFL_MixingCenter/render/walker.py", line 462, in real_tap
     raise LookupError("widget for node not found in mounted tree (recompose moved/removed it)")
 LookupError: widget for node not found in mounted tree (recompose moved/removed it)
[[1;32mINFO[0m   ] [Base        ] Leaving application in progress...
STEP path=[5] ordinal=15 action={'kind': 'DropdownMenuItem', 'label': 'KG', 'handler_kind': 'onClick', 'ordinal': 15} dest=None error={'type': 'LookupError', 'message': 'widget for node not found in mounted tree (recompose moved/removed it)'} unsettled=False 6.95s
[[1;32mINFO[0m   ] [ProbeSysfs  ] device match: /dev/input/event7
[[1;32mINFO[0m   ] [MTD         ] Read event from </dev/input/event7>
[[1;32mINFO[0m   ] [Base        ] Start application main loop
[[1;33mWARNING[0m] [MTD         ] Unable to open device "/dev/input/event7". Please ensure you have the appropriate permissions.
DEBUG _fire begin <function AppNavigation.<locals>._lam28.<locals>._lam29.<locals>._lam30.<locals>._lam31.<locals>._lam34 at 0x7be5fc3c6a20>
DEBUG _fire handler done in 0.000s, flushing
DEBUG _fire flush done in 0.047s
STEP HANDLER TRACEBACK path=[5] ordinal=16:
 Traceback (most recent call last):
   File "/home/lucas/Programming/WFL_MixingCenter/render/walker.py", line 578, in body
     app.real_tap(node)
     ~~~~~~~~~~~~^^^^^^
   File "/home/lucas/Programming/WFL_MixingCenter/render/walker.py", line 462, in real_tap
     raise LookupError("widget for node not found in mounted tree (recompose moved/removed it)")
 LookupError: widget for node not found in mounted tree (recompose moved/removed it)
[[1;32mINFO[0m   ] [Base        ] Leaving application in progress...
STEP path=[5] ordinal=16 action={'kind': 'DropdownMenuItem', 'label': 'LB', 'handler_kind': 'onClick', 'ordinal': 16} dest=None error={'type': 'LookupError', 'message': 'widget for node not found in mounted tree (recompose moved/removed it)'} unsettled=False 5.10s
[[1;32mINFO[0m   ] [ProbeSysfs  ] device match: /dev/input/event7
[[1;32mINFO[0m   ] [MTD         ] Read event from </dev/input/event7>
[[1;32mINFO[0m   ] [Base        ] Start application main loop
[[1;33mWARNING[0m] [MTD         ] Unable to open device "/dev/input/event7". Please ensure you have the appropriate permissions.
DEBUG _fire begin <function AppNavigation.<locals>._lam28.<locals>._lam29.<locals>._lam30.<locals>._lam31.<locals>._lam34 at 0x7be5f922bec0>
DEBUG _fire handler done in 0.000s, flushing
DEBUG _fire flush done in 2.296s
DEBUG _fire begin <function AppNavigation.<locals>._lam122.<locals>._lam123.<locals>.<lambda>.<locals>.<lambda> at 0x7be5fc38eca0>
DEBUG _fire handler done in 0.000s, flushing
DEBUG _fire flush done in 0.032s
[[1;32mINFO[0m   ] [Base        ] Leaving application in progress...
STEP path=[5] ordinal=17 action={'kind': 'Row', 'label': 'Gym profiles / Manage gyms and equipment', 'handler_kind': 'onClick', 'ordinal': 17} dest=['2787925c0e'] error=None unsettled=False 7.41s
[[1;32mINFO[0m   ] [ProbeSysfs  ] device match: /dev/input/event7
[[1;32mINFO[0m   ] [MTD         ] Read event from </dev/input/event7>
[[1;32mINFO[0m   ] [Base        ] Start application main loop
[[1;33mWARNING[0m] [MTD         ] Unable to open device "/dev/input/event7". Please ensure you have the appropriate permissions.
DEBUG _fire begin <function AppNavigation.<locals>._lam28.<locals>._lam29.<locals>._lam30.<locals>._lam31.<locals>._lam34 at 0x7be6043044a0>
DEBUG _fire handler done in 0.000s, flushing
DEBUG _fire flush done in 0.045s
DEBUG _fire begin <function AppNavigation.<locals>._lam122.<locals>._lam123.<locals>.<lambda>.<locals>.<lambda> at 0x7be5f6845e40>
DEBUG _fire handler done in 0.000s, flushing
[[1;32mINFO[0m   ] [Base        ] Leaving application in progress...
DEBUG _fire flush done in 1.073s
STEP path=[5] ordinal=18 action={'kind': 'Row', 'label': 'Exercises / Browse, favourite, and crea…', 'handler_kind': 'onClick', 'ordinal': 18} dest=['2787925c0e'] error=None unsettled=False 6.04s
[[1;32mINFO[0m   ] [ProbeSysfs  ] device match: /dev/input/event7
[[1;32mINFO[0m   ] [MTD         ] Read event from </dev/input/event7>
[[1;32mINFO[0m   ] [Base        ] Start application main loop
[[1;33mWARNING[0m] [MTD         ] Unable to open device "/dev/input/event7". Please ensure you have the appropriate permissions.
DEBUG _fire begin <function AppNavigation.<locals>._lam28.<locals>._lam29.<locals>._lam30.<locals>._lam31.<locals>._lam34 at 0x7be613f6a700>
DEBUG _fire handler done in 0.000s, flushing
DEBUG _fire flush done in 0.065s
DEBUG _fire begin <function NotificationRow.<locals>._lam22.<locals>.<lambda>.<locals>.<lambda>.<locals>.<lambda> at 0x7be5f0e21e40>
DEBUG _fire handler done in 0.001s, flushing
DEBUG _fire flush done in 0.046s
[[1;32mINFO[0m   ] [Base        ] Leaving application in progress...
STEP path=[5] ordinal=19 action={'kind': 'SegmentedButton', 'label': 'Push', 'handler_kind': 'onClick', 'ordinal': 19} dest=['3ea99fd861'] error=None unsettled=False 7.77s
[[1;32mINFO[0m   ] [ProbeSysfs  ] device match: /dev/input/event7
[[1;32mINFO[0m   ] [MTD         ] Read event from </dev/input/event7>
[[1;32mINFO[0m   ] [Base        ] Start application main loop
[[1;33mWARNING[0m] [MTD         ] Unable to open device "/dev/input/event7". Please ensure you have the appropriate permissions.
DEBUG _fire begin <function AppNavigation.<locals>._lam28.<locals>._lam29.<locals>._lam30.<locals>._lam31.<locals>._lam34 at 0x7be5ed49e480>
DEBUG _fire handler done in 0.000s, flushing
DEBUG _fire flush done in 0.044s
DEBUG _fire begin <function NotificationRow.<locals>._lam22.<locals>.<lambda>.<locals>.<lambda>.<locals>.<lambda> at 0x7be5ec9c0a40>
DEBUG _fire handler done in 0.001s, flushing
DEBUG _fire flush done in 0.044s
[[1;32mINFO[0m   ] [Base        ] Leaving application in progress...
STEP path=[5] ordinal=20 action={'kind': 'SegmentedButton', 'label': 'In-app', 'handler_kind': 'onClick', 'ordinal': 20} dest=['3ea99fd861'] error=None unsettled=False 5.18s
[[1;32mINFO[0m   ] [ProbeSysfs  ] device match: /dev/input/event7
[[1;32mINFO[0m   ] [MTD         ] Read event from </dev/input/event7>
[[1;32mINFO[0m   ] [Base        ] Start application main loop
[[1;33mWARNING[0m] [MTD         ] Unable to open device "/dev/input/event7". Please ensure you have the appropriate permissions.
DEBUG _fire begin <function AppNavigation.<locals>._lam28.<locals>._lam29.<locals>._lam30.<locals>._lam31.<locals>._lam34 at 0x7be5ebf2b6a0>
DEBUG _fire handler done in 0.000s, flushing
DEBUG _fire flush done in 0.048s
DEBUG _fire begin <function NotificationRow.<locals>._lam22.<locals>.<lambda>.<locals>.<lambda>.<locals>.<lambda> at 0x7be5f4b55ee0>
DEBUG _fire handler done in 0.001s, flushing
DEBUG _fire flush done in 0.047s
[[1;32mINFO[0m   ] [Base        ] Leaving application in progress...
STEP path=[5] ordinal=21 action={'kind': 'SegmentedButton', 'label': 'None', 'handler_kind': 'onClick', 'ordinal': 21} dest=['3ea99fd861'] error=None unsettled=False 8.20s
[[1;32mINFO[0m   ] [ProbeSysfs  ] device match: /dev/input/event7
[[1;32mINFO[0m   ] [MTD         ] Read event from </dev/input/event7>
[[1;32mINFO[0m   ] [Base        ] Start application main loop
[[1;33mWARNING[0m] [MTD         ] Unable to open device "/dev/input/event7". Please ensure you have the appropriate permissions.
DEBUG _fire begin <function AppNavigation.<locals>._lam28.<locals>._lam29.<locals>._lam30.<locals>._lam31.<locals>._lam34 at 0x7be5f6c3e160>
DEBUG _fire handler done in 0.000s, flushing
DEBUG _fire flush done in 0.046s
DEBUG _fire begin <function NotificationRow.<locals>._lam22.<locals>.<lambda>.<locals>.<lambda>.<locals>.<lambda> at 0x7be5e826d080>
DEBUG _fire handler done in 0.001s, flushing
DEBUG _fire flush done in 0.044s
[[1;32mINFO[0m   ] [Base        ] Leaving application in progress...
STEP path=[5] ordinal=22 action={'kind': 'SegmentedButton', 'label': 'Push', 'handler_kind': 'onClick', 'ordinal': 22} dest=['3ea99fd861'] error=None unsettled=False 5.17s
[[1;32mINFO[0m   ] [ProbeSysfs  ] device match: /dev/input/event7
[[1;32mINFO[0m   ] [MTD         ] Read event from </dev/input/event7>
[[1;32mINFO[0m   ] [Base        ] Start application main loop
[[1;33mWARNING[0m] [MTD         ] Unable to open device "/dev/input/event7". Please ensure you have the appropriate permissions.
DEBUG _fire begin <function AppNavigation.<locals>._lam28.<locals>._lam29.<locals>._lam30.<locals>._lam31.<locals>._lam34 at 0x7be5e51ab380>
DEBUG _fire handler done in 0.000s, flushing
DEBUG _fire flush done in 3.441s
DEBUG _fire begin <function NotificationRow.<locals>._lam22.<locals>.<lambda>.<locals>.<lambda>.<locals>.<lambda> at 0x7be5f4f3b6a0>
DEBUG _fire handler done in 0.001s, flushing
DEBUG _fire flush done in 0.056s
[[1;32mINFO[0m   ] [Base        ] Leaving application in progress...
STEP path=[5] ordinal=23 action={'kind': 'SegmentedButton', 'label': 'In-app', 'handler_kind': 'onClick', 'ordinal': 23} dest=['3ea99fd861'] error=None unsettled=False 8.59s
[[1;32mINFO[0m   ] [ProbeSysfs  ] device match: /dev/input/event7
[[1;32mINFO[0m   ] [MTD         ] Read event from </dev/input/event7>
[[1;32mINFO[0m   ] [Base        ] Start application main loop
[[1;33mWARNING[0m] [MTD         ] Unable to open device "/dev/input/event7". Please ensure you have the appropriate permissions.
DEBUG _fire begin <function AppNavigation.<locals>._lam28.<locals>._lam29.<locals>._lam30.<locals>._lam31.<locals>._lam34 at 0x7be5e48c5bc0>
DEBUG _fire handler done in 0.000s, flushing
DEBUG _fire flush done in 0.046s
DEBUG _fire begin <function NotificationRow.<locals>._lam22.<locals>.<lambda>.<locals>.<lambda>.<locals>.<lambda> at 0x7be5e4340cc0>
DEBUG _fire handler done in 0.001s, flushing
DEBUG _fire flush done in 0.045s
[[1;32mINFO[0m   ] [Base        ] Leaving application in progress...
STEP path=[5] ordinal=24 action={'kind': 'SegmentedButton', 'label': 'None', 'handler_kind': 'onClick', 'ordinal': 24} dest=['3ea99fd861'] error=None unsettled=False 5.28s
[[1;32mINFO[0m   ] [ProbeSysfs  ] device match: /dev/input/event7
[[1;32mINFO[0m   ] [MTD         ] Read event from </dev/input/event7>
[[1;32mINFO[0m   ] [Base        ] Start application main loop
[[1;33mWARNING[0m] [MTD         ] Unable to open device "/dev/input/event7". Please ensure you have the appropriate permissions.
DEBUG _fire begin <function AppNavigation.<locals>._lam28.<locals>._lam29.<locals>._lam30.<locals>._lam31.<locals>._lam34 at 0x7be5e14d72e0>
DEBUG _fire handler done in 0.000s, flushing
DEBUG _fire flush done in 0.049s
DEBUG _fire begin <function NotificationRow.<locals>._lam22.<locals>.<lambda>.<locals>.<lambda>.<locals>.<lambda> at 0x7be5e0a8d8a0>
DEBUG _fire handler done in 0.001s, flushing
DEBUG _fire flush done in 0.046s
[[1;32mINFO[0m   ] [Base        ] Leaving application in progress...
STEP path=[5] ordinal=25 action={'kind': 'SegmentedButton', 'label': 'Push', 'handler_kind': 'onClick', 'ordinal': 25} dest=['3ea99fd861'] error=None unsettled=False 5.16s
[[1;32mINFO[0m   ] [ProbeSysfs  ] device match: /dev/input/event7
[[1;32mINFO[0m   ] [MTD         ] Read event from </dev/input/event7>
[[1;32mINFO[0m   ] [Base        ] Start application main loop
[[1;33mWARNING[0m] [MTD         ] Unable to open device "/dev/input/event7". Please ensure you have the appropriate permissions.
DEBUG _fire begin <function AppNavigation.<locals>._lam28.<locals>._lam29.<locals>._lam30.<locals>._lam31.<locals>._lam34 at 0x7be5e0348a40>
DEBUG _fire handler done in 0.000s, flushing
DEBUG _fire flush done in 0.047s
DEBUG _fire begin <function NotificationRow.<locals>._lam22.<locals>.<lambda>.<locals>.<lambda>.<locals>.<lambda> at 0x7be5e46a8ea0>
DEBUG _fire handler done in 0.001s, flushing
DEBUG _fire flush done in 0.048s
[[1;32mINFO[0m   ] [Base        ] Leaving application in progress...
STEP path=[5] ordinal=26 action={'kind': 'SegmentedButton', 'label': 'In-app', 'handler_kind': 'onClick', 'ordinal': 26} dest=['3ea99fd861'] error=None unsettled=False 8.87s
[[1;32mINFO[0m   ] [ProbeSysfs  ] device match: /dev/input/event7
[[1;32mINFO[0m   ] [MTD         ] Read event from </dev/input/event7>
[[1;32mINFO[0m   ] [Base        ] Start application main loop
[[1;33mWARNING[0m] [MTD         ] Unable to open device "/dev/input/event7". Please ensure you have the appropriate permissions.
DEBUG _fire begin <function AppNavigation.<locals>._lam28.<locals>._lam29.<locals>._lam30.<locals>._lam31.<locals>._lam34 at 0x7be5dc2ce020>
DEBUG _fire handler done in 0.000s, flushing
DEBUG _fire flush done in 0.048s
DEBUG _fire begin <function NotificationRow.<locals>._lam22.<locals>.<lambda>.<locals>.<lambda>.<locals>.<lambda> at 0x7be5dbc74ae0>
DEBUG _fire handler done in 0.001s, flushing
DEBUG _fire flush done in 0.045s
[[1;32mINFO[0m   ] [Base        ] Leaving application in progress...
STEP path=[5] ordinal=27 action={'kind': 'SegmentedButton', 'label': 'None', 'handler_kind': 'onClick', 'ordinal': 27} dest=['3ea99fd861'] error=None unsettled=False 5.19s
[[1;32mINFO[0m   ] [ProbeSysfs  ] device match: /dev/input/event7
[[1;32mINFO[0m   ] [MTD         ] Read event from </dev/input/event7>
[[1;32mINFO[0m   ] [Base        ] Start application main loop
[[1;33mWARNING[0m] [MTD         ] Unable to open device "/dev/input/event7". Please ensure you have the appropriate permissions.
DEBUG _fire begin <function AppNavigation.<locals>._lam28.<locals>._lam29.<locals>._lam30.<locals>._lam31.<locals>._lam34 at 0x7be5d84f3ec0>
DEBUG _fire handler done in 0.000s, flushing
DEBUG _fire flush done in 0.045s
DEBUG _fire begin <function AppNavigation.<locals>._lam28.<locals>._lam29.<locals>._lam30.<locals>._lam31.<locals>._lam34 at 0x7be5d7ab89a0>
DEBUG _fire handler done in 0.000s, flushing
DEBUG _fire flush done in 0.032s
[[1;32mINFO[0m   ] [Base        ] Leaving application in progress...
STEP path=[5] ordinal=28 action={'kind': 'SegmentedButton', 'label': 'Push', 'handler_kind': 'onClick', 'ordinal': 28} dest=['4c770e5a9c'] error=None unsettled=False 5.08s
[[1;32mINFO[0m   ] [ProbeSysfs  ] device match: /dev/input/event7
[[1;32mINFO[0m   ] [MTD         ] Read event from </dev/input/event7>
[[1;32mINFO[0m   ] [Base        ] Start application main loop
[[1;33mWARNING[0m] [MTD         ] Unable to open device "/dev/input/event7". Please ensure you have the appropriate permissions.
DEBUG _fire begin <function AppNavigation.<locals>._lam28.<locals>._lam29.<locals>._lam30.<locals>._lam31.<locals>._lam34 at 0x7be5d6705620>
DEBUG _fire handler done in 0.000s, flushing
DEBUG _fire flush done in 0.052s
DEBUG _fire begin <function AppNavigation.<locals>._lam28.<locals>._lam29.<locals>._lam30.<locals>._lam31.<locals>._lam34 at 0x7be5dfe62ca0>
DEBUG _fire handler done in 0.000s, flushing
DEBUG _fire flush done in 0.033s
[[1;32mINFO[0m   ] [Base        ] Leaving application in progress...
STEP path=[5] ordinal=29 action={'kind': 'SegmentedButton', 'label': 'In-app', 'handler_kind': 'onClick', 'ordinal': 29} dest=['aa7d4944b4'] error=None unsettled=False 9.32s
[[1;32mINFO[0m   ] [ProbeSysfs  ] device match: /dev/input/event7
[[1;32mINFO[0m   ] [MTD         ] Read event from </dev/input/event7>
[[1;32mINFO[0m   ] [Base        ] Start application main loop
[[1;33mWARNING[0m] [MTD         ] Unable to open device "/dev/input/event7". Please ensure you have the appropriate permissions.
DEBUG _fire begin <function AppNavigation.<locals>._lam28.<locals>._lam29.<locals>._lam30.<locals>._lam31.<locals>._lam34 at 0x7be5d4510680>
DEBUG _fire handler done in 0.000s, flushing
DEBUG _fire flush done in 0.048s
DEBUG _fire begin <function AppNavigation.<locals>._lam28.<locals>._lam29.<locals>._lam30.<locals>._lam31.<locals>._lam34 at 0x7be5d43ded40>
DEBUG _fire handler done in 0.000s, flushing
DEBUG _fire flush done in 0.000s
[[1;32mINFO[0m   ] [Base        ] Leaving application in progress...
STEP path=[5] ordinal=30 action={'kind': 'SegmentedButton', 'label': 'None', 'handler_kind': 'onClick', 'ordinal': 30} dest=['2787925c0e'] error=None unsettled=False 5.16s
[[1;32mINFO[0m   ] [ProbeSysfs  ] device match: /dev/input/event7
[[1;32mINFO[0m   ] [MTD         ] Read event from </dev/input/event7>
[[1;32mINFO[0m   ] [Base        ] Start application main loop
[[1;33mWARNING[0m] [MTD         ] Unable to open device "/dev/input/event7". Please ensure you have the appropriate permissions.
DEBUG _fire begin <function AppNavigation.<locals>._lam28.<locals>._lam29.<locals>._lam30.<locals>._lam31.<locals>._lam34 at 0x7be5de464540>
DEBUG _fire handler done in 0.000s, flushing
DEBUG _fire flush done in 0.048s
[[1;32mINFO[0m   ] [Base        ] Leaving application in progress...
STEP path=[5] ordinal=31 action={'kind': 'Row', 'label': 'Back up my data / Save workouts, progre…', 'handler_kind': 'onClick', 'ordinal': 31} dest=['2787925c0e'] error=None unsettled=False 5.11s
[[1;32mINFO[0m   ] [ProbeSysfs  ] device match: /dev/input/event7
[[1;32mINFO[0m   ] [MTD         ] Read event from </dev/input/event7>
[[1;32mINFO[0m   ] [Base        ] Start application main loop
[[1;33mWARNING[0m] [MTD         ] Unable to open device "/dev/input/event7". Please ensure you have the appropriate permissions.
DEBUG _fire begin <function AppNavigation.<locals>._lam28.<locals>._lam29.<locals>._lam30.<locals>._lam31.<locals>._lam34 at 0x7be5cdb9e340>
DEBUG _fire handler done in 0.000s, flushing
DEBUG _fire flush done in 0.046s
[[1;32mINFO[0m   ] [Base        ] Leaving application in progress...
STEP path=[5] ordinal=32 action={'kind': 'Row', 'label': 'Restore from backup / Replace current d…', 'handler_kind': 'onClick', 'ordinal': 32} dest=['2787925c0e'] error=None unsettled=False 5.08s
[[1;32mINFO[0m   ] [ProbeSysfs  ] device match: /dev/input/event7
[[1;32mINFO[0m   ] [MTD         ] Read event from </dev/input/event7>
[[1;32mINFO[0m   ] [Base        ] Start application main loop
[[1;33mWARNING[0m] [MTD         ] Unable to open device "/dev/input/event7". Please ensure you have the appropriate permissions.
DEBUG _fire begin <function AppNavigation.<locals>._lam28.<locals>._lam29.<locals>._lam30.<locals>._lam31.<locals>._lam34 at 0x7be5d423ff60>
DEBUG _fire handler done in 0.000s, flushing
DEBUG _fire flush done in 0.047s
[[1;32mINFO[0m   ] [Base        ] Leaving application in progress...
STEP path=[5] ordinal=33 action={'kind': 'Row', 'label': 'Report a bug / Send us a problem with d…', 'handler_kind': 'onClick', 'ordinal': 33} dest=['2787925c0e'] error=None unsettled=False 9.89s
[[1;32mINFO[0m   ] [ProbeSysfs  ] device match: /dev/input/event7
[[1;32mINFO[0m   ] [MTD         ] Read event from </dev/input/event7>
[[1;32mINFO[0m   ] [Base        ] Start application main loop
[[1;33mWARNING[0m] [MTD         ] Unable to open device "/dev/input/event7". Please ensure you have the appropriate permissions.
DEBUG _fire begin <function AppNavigation.<locals>._lam28.<locals>._lam29.<locals>._lam30.<locals>._lam31.<locals>._lam34 at 0x7be5c9830220>
DEBUG _fire handler done in 0.000s, flushing
DEBUG _fire flush done in 0.046s
[[1;32mINFO[0m   ] [Base        ] Leaving application in progress...
STEP path=[5] ordinal=34 action={'kind': 'Row', 'label': 'Debug panel / Time travel + seed test s…', 'handler_kind': 'onClick', 'ordinal': 34} dest=['2787925c0e'] error=None unsettled=False 5.10s
[[1;32mINFO[0m   ] [ProbeSysfs  ] device match: /dev/input/event7
[[1;32mINFO[0m   ] [MTD         ] Read event from </dev/input/event7>
[[1;32mINFO[0m   ] [Base        ] Start application main loop
[[1;33mWARNING[0m] [MTD         ] Unable to open device "/dev/input/event7". Please ensure you have the appropriate permissions.
DEBUG _fire begin <function TodayScreen.<locals>._lam4.<locals>._lam18 at 0x7be5c687c2c0>
DEBUG _fire handler done in 0.000s, flushing
DEBUG _fire flush done in 0.029s
[[1;32mINFO[0m   ] [Base        ] Leaving application in progress...
STEP path=[6] action=<count-actions-for-new-frontier-frame> result=n_actions=11 4.97s
[[1;32mINFO[0m   ] [ProbeSysfs  ] device match: /dev/input/event7
[[1;32mINFO[0m   ] [MTD         ] Read event from </dev/input/event7>
[[1;32mINFO[0m   ] [Base        ] Start application main loop
[[1;33mWARNING[0m] [MTD         ] Unable to open device "/dev/input/event7". Please ensure you have the appropriate permissions.
DEBUG _fire begin <function TodayScreen.<locals>._lam4.<locals>._lam18 at 0x7be5c365eac0>
DEBUG _fire handler done in 0.000s, flushing
DEBUG _fire flush done in 0.030s
DEBUG _fire begin <function GlitterBurstStar.<locals>._lam5.<locals>._lam10 at 0x7be5c32f7240>
DEBUG _fire handler done in 0.000s, flushing
DEBUG _fire flush done in 0.034s
[[1;32mINFO[0m   ] [Base        ] Leaving application in progress...
STEP path=[6] ordinal=0 action={'kind': 'Surface', 'label': 'Surface', 'handler_kind': 'onClick', 'ordinal': 0} dest=['0cd61f0a59'] error=None unsettled=False 5.04s
[[1;32mINFO[0m   ] [ProbeSysfs  ] device match: /dev/input/event7
[[1;32mINFO[0m   ] [MTD         ] Read event from </dev/input/event7>
[[1;32mINFO[0m   ] [Base        ] Start application main loop
[[1;33mWARNING[0m] [MTD         ] Unable to open device "/dev/input/event7". Please ensure you have the appropriate permissions.
DEBUG _fire begin <function TodayScreen.<locals>._lam4.<locals>._lam18 at 0x7be5c978a520>
DEBUG _fire handler done in 0.000s, flushing
DEBUG _fire flush done in 0.028s
DEBUG _fire begin <function AppNavigation.<locals>._lam28.<locals>._lam29.<locals>._lam30.<locals>._lam31.<locals>._lam34 at 0x7be5c9788180>
DEBUG _fire handler done in 0.000s, flushing
DEBUG _fire flush done in 0.000s
[[1;32mINFO[0m   ] [Base        ] Leaving application in progress...
STEP path=[6] ordinal=1 action={'kind': 'NavigationBarItem', 'label': 'Home', 'handler_kind': 'onClick', 'ordinal': 1} dest=['c3ecc4b16f'] error=None unsettled=False 10.18s
[[1;32mINFO[0m   ] [ProbeSysfs  ] device match: /dev/input/event7
[[1;32mINFO[0m   ] [MTD         ] Read event from </dev/input/event7>
[[1;32mINFO[0m   ] [Base        ] Start application main loop
[[1;33mWARNING[0m] [MTD         ] Unable to open device "/dev/input/event7". Please ensure you have the appropriate permissions.
DEBUG _fire begin <function TodayScreen.<locals>._lam4.<locals>._lam18 at 0x7be5c034a5c0>
DEBUG _fire handler done in 0.000s, flushing
DEBUG _fire flush done in 0.031s
DEBUG _fire begin <function AppNavigation.<locals>._lam28.<locals>._lam29.<locals>._lam30.<locals>._lam31.<locals>._lam34 at 0x7be5c02ab240>
DEBUG _fire handler done in 0.000s, flushing
DEBUG _fire flush done in 0.031s
[[1;32mINFO[0m   ] [Base        ] Leaving application in progress...
STEP path=[6] ordinal=2 action={'kind': 'NavigationBarItem', 'label': 'Program', 'handler_kind': 'onClick', 'ordinal': 2} dest=['4c484ffc4f'] error=None unsettled=False 5.15s
[[1;32mINFO[0m   ] [ProbeSysfs  ] device match: /dev/input/event7
[[1;32mINFO[0m   ] [MTD         ] Read event from </dev/input/event7>
[[1;32mINFO[0m   ] [Base        ] Start application main loop
[[1;33mWARNING[0m] [MTD         ] Unable to open device "/dev/input/event7". Please ensure you have the appropriate permissions.
DEBUG _fire begin <function TodayScreen.<locals>._lam4.<locals>._lam18 at 0x7be5bdb094e0>
DEBUG _fire handler done in 0.000s, flushing
DEBUG _fire flush done in 0.031s
DEBUG _fire begin <function AppNavigation.<locals>._lam28.<locals>._lam29.<locals>._lam30.<locals>._lam31.<locals>._lam34 at 0x7be5bda822a0>
DEBUG _fire handler done in 0.000s, flushing
DEBUG _fire flush done in 0.035s
[[1;32mINFO[0m   ] [Base        ] Leaving application in progress...
STEP path=[6] ordinal=3 action={'kind': 'NavigationBarItem', 'label': 'Paths', 'handler_kind': 'onClick', 'ordinal': 3} dest=['aa7d4944b4'] error=None unsettled=False 5.06s
[[1;32mINFO[0m   ] [ProbeSysfs  ] device match: /dev/input/event7
[[1;32mINFO[0m   ] [MTD         ] Read event from </dev/input/event7>
[[1;32mINFO[0m   ] [Base        ] Start application main loop
[[1;33mWARNING[0m] [MTD         ] Unable to open device "/dev/input/event7". Please ensure you have the appropriate permissions.
DEBUG _fire begin <function TodayScreen.<locals>._lam4.<locals>._lam18 at 0x7be5bb47c540>
DEBUG _fire handler done in 0.000s, flushing
DEBUG _fire flush done in 0.031s
DEBUG _fire begin <function AppNavigation.<locals>._lam28.<locals>._lam29.<locals>._lam30.<locals>._lam31.<locals>._lam34 at 0x7be5bb1d8360>
DEBUG _fire handler done in 0.000s, flushing
DEBUG _fire flush done in 0.039s
[[1;32mINFO[0m   ] [Base        ] Leaving application in progress...
STEP path=[6] ordinal=4 action={'kind': 'NavigationBarItem', 'label': 'Progress', 'handler_kind': 'onClick', 'ordinal': 4} dest=['113f034fbc'] error=None unsettled=False 5.06s
[[1;32mINFO[0m   ] [ProbeSysfs  ] device match: /dev/input/event7
[[1;32mINFO[0m   ] [MTD         ] Read event from </dev/input/event7>
[[1;32mINFO[0m   ] [Base        ] Start application main loop
[[1;33mWARNING[0m] [MTD         ] Unable to open device "/dev/input/event7". Please ensure you have the appropriate permissions.
DEBUG _fire begin <function TodayScreen.<locals>._lam4.<locals>._lam18 at 0x7be5b80cb6a0>
DEBUG _fire handler done in 0.000s, flushing
DEBUG _fire flush done in 0.034s
DEBUG _fire begin <function AppNavigation.<locals>._lam28.<locals>._lam29.<locals>._lam30.<locals>._lam31.<locals>._lam34 at 0x7be5c353f2e0>
DEBUG _fire handler done in 0.000s, flushing
DEBUG _fire flush done in 0.045s
[[1;32mINFO[0m   ] [Base        ] Leaving application in progress...
STEP path=[6] ordinal=5 action={'kind': 'NavigationBarItem', 'label': 'You', 'handler_kind': 'onClick', 'ordinal': 5} dest=['2787925c0e'] error=None unsettled=False 5.09s
[[1;32mINFO[0m   ] [ProbeSysfs  ] device match: /dev/input/event7
[[1;32mINFO[0m   ] [MTD         ] Read event from </dev/input/event7>
[[1;32mINFO[0m   ] [Base        ] Start application main loop
[[1;33mWARNING[0m] [MTD         ] Unable to open device "/dev/input/event7". Please ensure you have the appropriate permissions.
DEBUG _fire begin <function TodayScreen.<locals>._lam4.<locals>._lam18 at 0x7be5b45ec5e0>
DEBUG _fire handler done in 0.000s, flushing
DEBUG _fire flush done in 0.031s
DEBUG _fire begin <function TodayScreen.<locals>._lam4.<locals>._lam18 at 0x7be5b41e6f20>
DEBUG _fire handler done in 0.000s, flushing
DEBUG _fire flush done in 0.032s
[[1;32mINFO[0m   ] [Base        ] Leaving application in progress...
STEP path=[6] ordinal=6 action={'kind': 'Box', 'label': 'Box', 'handler_kind': 'onClick', 'ordinal': 6} dest=['4c770e5a9c'] error=None unsettled=False 5.04s
[[1;32mINFO[0m   ] [ProbeSysfs  ] device match: /dev/input/event7
[[1;32mINFO[0m   ] [MTD         ] Read event from </dev/input/event7>
[[1;32mINFO[0m   ] [Base        ] Start application main loop
[[1;33mWARNING[0m] [MTD         ] Unable to open device "/dev/input/event7". Please ensure you have the appropriate permissions.
DEBUG _fire begin <function TodayScreen.<locals>._lam4.<locals>._lam18 at 0x7be5c66c4720>
DEBUG _fire handler done in 0.000s, flushing
DEBUG _fire flush done in 0.031s
DEBUG _fire begin <function TodayScreen.<locals>._lam4.<locals>._lam20 at 0x7be5c37c6f20>
DEBUG _fire handler done in 0.003s, flushing
DEBUG _fire flush done in 0.039s
[[1;32mINFO[0m   ] [Base        ] Leaving application in progress...
STEP path=[6] ordinal=7 action={'kind': 'ExtendedFloatingActionButton', 'label': 'New mobility session', 'handler_kind': 'onClick', 'ordinal': 7} dest=['b13476017c'] error=None unsettled=False 10.87s
[[1;32mINFO[0m   ] [ProbeSysfs  ] device match: /dev/input/event7
[[1;32mINFO[0m   ] [MTD         ] Read event from </dev/input/event7>
[[1;32mINFO[0m   ] [Base        ] Start application main loop
[[1;33mWARNING[0m] [MTD         ] Unable to open device "/dev/input/event7". Please ensure you have the appropriate permissions.
DEBUG _fire begin <function TodayScreen.<locals>._lam4.<locals>._lam18 at 0x7be5b0e74fe0>
DEBUG _fire handler done in 0.000s, flushing
DEBUG _fire flush done in 0.036s
DEBUG _fire begin <function TodayScreen.<locals>._lam4.<locals>._lam19 at 0x7be5b0d3b420>
DEBUG _fire handler done in 0.000s, flushing
DEBUG _fire flush done in 0.028s
[[1;32mINFO[0m   ] [Base        ] Leaving application in progress...
STEP path=[6] ordinal=8 action={'kind': 'ExtendedFloatingActionButton', 'label': 'Log a Win', 'handler_kind': 'onClick', 'ordinal': 8} dest=['30050d2dae'] error=None unsettled=False 5.14s
[[1;32mINFO[0m   ] [ProbeSysfs  ] device match: /dev/input/event7
[[1;32mINFO[0m   ] [MTD         ] Read event from </dev/input/event7>
[[1;32mINFO[0m   ] [Base        ] Start application main loop
[[1;33mWARNING[0m] [MTD         ] Unable to open device "/dev/input/event7". Please ensure you have the appropriate permissions.
DEBUG _fire begin <function TodayScreen.<locals>._lam4.<locals>._lam18 at 0x7be5ae63e7a0>
DEBUG _fire handler done in 0.000s, flushing
DEBUG _fire flush done in 0.030s
DEBUG _fire begin <function TodayScreen.<locals>._lam4.<locals>._lam21 at 0x7be5ae5787c0>
DEBUG _fire handler done in 0.000s, flushing
DEBUG _fire flush done in 0.036s
 UNPINNED TEXT? 'Today' looks wall-clock-shaped -- substituting '<TIME>' before hashing.
[[1;32mINFO[0m   ] [Base        ] Leaving application in progress...
STEP path=[6] ordinal=9 action={'kind': 'ExtendedFloatingActionButton', 'label': 'Log other exercise', 'handler_kind': 'onClick', 'ordinal': 9} dest=['26b945ca16'] error=None unsettled=False 5.06s
[[1;32mINFO[0m   ] [ProbeSysfs  ] device match: /dev/input/event7
[[1;32mINFO[0m   ] [MTD         ] Read event from </dev/input/event7>
[[1;32mINFO[0m   ] [Base        ] Start application main loop
[[1;33mWARNING[0m] [MTD         ] Unable to open device "/dev/input/event7". Please ensure you have the appropriate permissions.
DEBUG _fire begin <function TodayScreen.<locals>._lam4.<locals>._lam18 at 0x7be5abbd6d40>
DEBUG _fire handler done in 0.000s, flushing
DEBUG _fire flush done in 0.030s
DEBUG _fire begin <function TodayScreen.<locals>._lam4.<locals>._lam18 at 0x7be5ab891260>
DEBUG _fire handler done in 0.000s, flushing
DEBUG _fire flush done in 0.033s
[[1;32mINFO[0m   ] [Base        ] Leaving application in progress...
STEP path=[6] ordinal=10 action={'kind': 'FloatingActionButton', 'label': 'FloatingActionButton', 'handler_kind': 'onClick', 'ordinal': 10} dest=['4c770e5a9c'] error=None unsettled=False 5.07s
[[1;32mINFO[0m   ] [ProbeSysfs  ] device match: /dev/input/event7
[[1;32mINFO[0m   ] [MTD         ] Read event from </dev/input/event7>
[[1;32mINFO[0m   ] [Base        ] Start application main loop
[[1;33mWARNING[0m] [MTD         ] Unable to open device "/dev/input/event7". Please ensure you have the appropriate permissions.
DEBUG _fire begin <function GlitterBurstStar.<locals>._lam5.<locals>._lam10 at 0x7be5a88fa480>
DEBUG _fire handler done in 0.000s, flushing
DEBUG _fire flush done in 0.027s
DEBUG _fire begin <function AppNavigation.<locals>._lam28.<locals>._lam29.<locals>._lam30.<locals>._lam31.<locals>._lam34 at 0x7be5a86eade0>
DEBUG _fire handler done in 0.000s, flushing
DEBUG _fire flush done in 0.032s
[[1;32mINFO[0m   ] [Base        ] Leaving application in progress...
STEP path=[0, 4] action=<count-actions-for-new-frontier-frame> result=n_actions=9 5.07s
[[1;32mINFO[0m   ] [ProbeSysfs  ] device match: /dev/input/event7
[[1;32mINFO[0m   ] [MTD         ] Read event from </dev/input/event7>
[[1;32mINFO[0m   ] [Base        ] Start application main loop
[[1;33mWARNING[0m] [MTD         ] Unable to open device "/dev/input/event7". Please ensure you have the appropriate permissions.
DEBUG _fire begin <function GlitterBurstStar.<locals>._lam5.<locals>._lam10 at 0x7be5a56e1a80>
DEBUG _fire handler done in 0.000s, flushing
DEBUG _fire flush done in 0.034s
DEBUG _fire begin <function AppNavigation.<locals>._lam28.<locals>._lam29.<locals>._lam30.<locals>._lam31.<locals>._lam34 at 0x7be5a530f7e0>
DEBUG _fire handler done in 0.000s, flushing
DEBUG _fire flush done in 0.036s
STEP HANDLER TRACEBACK path=[0, 4] ordinal=0:
 Traceback (most recent call last):
   File "/home/lucas/Programming/WFL_MixingCenter/render/walker.py", line 578, in body
     app.real_tap(node)
     ~~~~~~~~~~~~^^^^^^
   File "/home/lucas/Programming/WFL_MixingCenter/render/walker.py", line 462, in real_tap
     raise LookupError("widget for node not found in mounted tree (recompose moved/removed it)")
 LookupError: widget for node not found in mounted tree (recompose moved/removed it)
[[1;32mINFO[0m   ] [Base        ] Leaving application in progress...
STEP path=[0, 4] ordinal=0 action={'kind': 'ModalBottomSheet', 'label': "Notifications / Settings / You're all c…", 'handler_kind': 'onDismissRequest', 'ordinal': 0} dest=None error={'type': 'LookupError', 'message': 'widget for node not found in mounted tree (recompose moved/removed it)'} unsettled=False 5.10s
[[1;32mINFO[0m   ] [ProbeSysfs  ] device match: /dev/input/event7
[[1;32mINFO[0m   ] [MTD         ] Read event from </dev/input/event7>
[[1;32mINFO[0m   ] [Base        ] Start application main loop
[[1;33mWARNING[0m] [MTD         ] Unable to open device "/dev/input/event7". Please ensure you have the appropriate permissions.
DEBUG _fire begin <function GlitterBurstStar.<locals>._lam5.<locals>._lam10 at 0x7be5a25209a0>
DEBUG _fire handler done in 0.000s, flushing
DEBUG _fire flush done in 0.029s
DEBUG _fire begin <function AppNavigation.<locals>._lam28.<locals>._lam29.<locals>._lam30.<locals>._lam31.<locals>._lam34 at 0x7be5a22bff60>
DEBUG _fire handler done in 0.000s, flushing
DEBUG _fire flush done in 0.031s
STEP HANDLER TRACEBACK path=[0, 4] ordinal=1:
 Traceback (most recent call last):
   File "/home/lucas/Programming/WFL_MixingCenter/render/walker.py", line 578, in body
     app.real_tap(node)
     ~~~~~~~~~~~~^^^^^^
   File "/home/lucas/Programming/WFL_MixingCenter/render/walker.py", line 462, in real_tap
     raise LookupError("widget for node not found in mounted tree (recompose moved/removed it)")
 LookupError: widget for node not found in mounted tree (recompose moved/removed it)
[[1;32mINFO[0m   ] [Base        ] Leaving application in progress...
STEP path=[0, 4] ordinal=1 action={'kind': 'TextButton', 'label': 'Settings', 'handler_kind': 'onClick', 'ordinal': 1} dest=None error={'type': 'LookupError', 'message': 'widget for node not found in mounted tree (recompose moved/removed it)'} unsettled=False 5.11s
[[1;32mINFO[0m   ] [ProbeSysfs  ] device match: /dev/input/event7
[[1;32mINFO[0m   ] [MTD         ] Read event from </dev/input/event7>
[[1;32mINFO[0m   ] [Base        ] Start application main loop
[[1;33mWARNING[0m] [MTD         ] Unable to open device "/dev/input/event7". Please ensure you have the appropriate permissions.
DEBUG _fire begin <function GlitterBurstStar.<locals>._lam5.<locals>._lam10 at 0x7be5a527e2a0>
DEBUG _fire handler done in 0.000s, flushing
DEBUG _fire flush done in 0.032s
DEBUG _fire begin <function AppNavigation.<locals>._lam28.<locals>._lam29.<locals>._lam30.<locals>._lam31.<locals>._lam34 at 0x7be5a546eb60>
DEBUG _fire handler done in 0.000s, flushing
DEBUG _fire flush done in 0.031s
DEBUG _fire begin <function GlitterBurstStar.<locals>._lam5.<locals>._lam10 at 0x7be5a865cea0>
DEBUG _fire handler done in 0.000s, flushing
DEBUG _fire flush done in 0.000s
[[1;32mINFO[0m   ] [Base        ] Leaving application in progress...
STEP path=[0, 4] ordinal=2 action={'kind': 'Surface', 'label': 'Surface', 'handler_kind': 'onClick', 'ordinal': 2} dest=['e51732933d'] error=None unsettled=False 11.90s
[[1;32mINFO[0m   ] [ProbeSysfs  ] device match: /dev/input/event7
[[1;32mINFO[0m   ] [MTD         ] Read event from </dev/input/event7>
[[1;32mINFO[0m   ] [Base        ] Start application main loop
[[1;33mWARNING[0m] [MTD         ] Unable to open device "/dev/input/event7". Please ensure you have the appropriate permissions.
DEBUG _fire begin <function GlitterBurstStar.<locals>._lam5.<locals>._lam10 at 0x7be59ed8cae0>
DEBUG _fire handler done in 0.000s, flushing
DEBUG _fire flush done in 0.028s
DEBUG _fire begin <function AppNavigation.<locals>._lam28.<locals>._lam29.<locals>._lam30.<locals>._lam31.<locals>._lam34 at 0x7be5ab9c5620>
DEBUG _fire handler done in 0.000s, flushing
DEBUG _fire flush done in 0.032s
DEBUG _fire begin <function AppNavigation.<locals>._lam28.<locals>._lam29.<locals>._lam30.<locals>._lam31.<locals>._lam34 at 0x7be59ebe98a0>
DEBUG _fire handler done in 0.000s, flushing
DEBUG _fire flush done in 0.027s
[[1;32mINFO[0m   ] [Base        ] Leaving application in progress...
STEP path=[0, 4] ordinal=3 action={'kind': 'NavigationBarItem', 'label': 'Home', 'handler_kind': 'onClick', 'ordinal': 3} dest=['3b5966b709'] error=None unsettled=False 5.31s
[[1;32mINFO[0m   ] [ProbeSysfs  ] device match: /dev/input/event7
[[1;32mINFO[0m   ] [MTD         ] Read event from </dev/input/event7>
[[1;32mINFO[0m   ] [Base        ] Start application main loop
[[1;33mWARNING[0m] [MTD         ] Unable to open device "/dev/input/event7". Please ensure you have the appropriate permissions.
DEBUG _fire begin <function GlitterBurstStar.<locals>._lam5.<locals>._lam10 at 0x7be59c4b7240>
DEBUG _fire handler done in 0.000s, flushing
DEBUG _fire flush done in 0.026s
DEBUG _fire begin <function AppNavigation.<locals>._lam28.<locals>._lam29.<locals>._lam30.<locals>._lam31.<locals>._lam34 at 0x7be59c359bc0>
DEBUG _fire handler done in 0.000s, flushing
DEBUG _fire flush done in 0.031s
DEBUG _fire begin <function AppNavigation.<locals>._lam28.<locals>._lam29.<locals>._lam30.<locals>._lam31.<locals>._lam34 at 0x7be59c226c00>
DEBUG _fire handler done in 0.000s, flushing
DEBUG _fire flush done in 0.000s
[[1;32mINFO[0m   ] [Base        ] Leaving application in progress...
STEP path=[0, 4] ordinal=4 action={'kind': 'NavigationBarItem', 'label': 'Program', 'handler_kind': 'onClick', 'ordinal': 4} dest=['e51732933d'] error=None unsettled=False 5.17s
[[1;32mINFO[0m   ] [ProbeSysfs  ] device match: /dev/input/event7
[[1;32mINFO[0m   ] [MTD         ] Read event from </dev/input/event7>
[[1;32mINFO[0m   ] [Base        ] Start application main loop
[[1;33mWARNING[0m] [MTD         ] Unable to open device "/dev/input/event7". Please ensure you have the appropriate permissions.
DEBUG _fire begin <function GlitterBurstStar.<locals>._lam5.<locals>._lam10 at 0x7be599954680>
DEBUG _fire handler done in 0.000s, flushing
DEBUG _fire flush done in 0.027s
DEBUG _fire begin <function AppNavigation.<locals>._lam28.<locals>._lam29.<locals>._lam30.<locals>._lam31.<locals>._lam34 at 0x7be5996451c0>
DEBUG _fire handler done in 0.000s, flushing
DEBUG _fire flush done in 0.030s
DEBUG _fire begin <function AppNavigation.<locals>._lam28.<locals>._lam29.<locals>._lam30.<locals>._lam31.<locals>._lam34 at 0x7be59931d580>
DEBUG _fire handler done in 0.000s, flushing
DEBUG _fire flush done in 0.031s
[[1;32mINFO[0m   ] [Base        ] Leaving application in progress...
STEP path=[0, 4] ordinal=5 action={'kind': 'NavigationBarItem', 'label': 'Paths', 'handler_kind': 'onClick', 'ordinal': 5} dest=['dcccaa3213'] error=None unsettled=False 5.20s
# py_walk summary
states: 23
edges:  93
crashed edges: 11
nav-bar destinations reached: ['my_program', 'paths', 'progress', 'settings', 'today'] (5/5)
distinct routes/screens reached: ['log_cardio', 'my_program', 'paths', 'programs', 'progress', 'settings', 'today'] (7/27 known Screen.kt routes)
frontier remaining: 16
done: False

## crashes (findings, not fixed here)
  - {'handler_kind': 'onDismissRequest', 'kind': 'ModalBottomSheet', 'label': "Notifications / Settings / You're all c…", 'ordinal': 0}: {'message': 'widget for node not found in mounted tree (recompose moved/removed it)', 'type': 'LookupError'}
  - {'handler_kind': 'onClick', 'kind': 'TextButton', 'label': 'Settings', 'ordinal': 1}: {'message': 'widget for node not found in mounted tree (recompose moved/removed it)', 'type': 'LookupError'}
  - {'kind': 'DropdownMenu', 'label': 'No lingo / RPE / RIR', 'handler_kind': 'onDismissRequest', 'ordinal': 9}: {'type': 'LookupError', 'message': 'widget for node not found in mounted tree (recompose moved/removed it)'}
  - {'kind': 'DropdownMenuItem', 'label': 'No lingo', 'handler_kind': 'onClick', 'ordinal': 10}: {'type': 'LookupError', 'message': 'widget for node not found in mounted tree (recompose moved/removed it)'}
  - {'kind': 'DropdownMenuItem', 'label': 'RPE', 'handler_kind': 'onClick', 'ordinal': 11}: {'type': 'LookupError', 'message': 'widget for node not found in mounted tree (recompose moved/removed it)'}
  - {'kind': 'DropdownMenuItem', 'label': 'RIR', 'handler_kind': 'onClick', 'ordinal': 12}: {'type': 'LookupError', 'message': 'widget for node not found in mounted tree (recompose moved/removed it)'}
  - {'kind': 'DropdownMenu', 'label': 'KG / LB', 'handler_kind': 'onDismissRequest', 'ordinal': 14}: {'type': 'LookupError', 'message': 'widget for node not found in mounted tree (recompose moved/removed it)'}
  - {'kind': 'DropdownMenuItem', 'label': 'KG', 'handler_kind': 'onClick', 'ordinal': 15}: {'type': 'LookupError', 'message': 'widget for node not found in mounted tree (recompose moved/removed it)'}
  - {'kind': 'DropdownMenuItem', 'label': 'LB', 'handler_kind': 'onClick', 'ordinal': 16}: {'type': 'LookupError', 'message': 'widget for node not found in mounted tree (recompose moved/removed it)'}
  - {'kind': 'ModalBottomSheet', 'label': "Notifications / Settings / You're all c…", 'handler_kind': 'onDismissRequest', 'ordinal': 0}: {'type': 'LookupError', 'message': 'widget for node not found in mounted tree (recompose moved/removed it)'}
  - {'kind': 'TextButton', 'label': 'Settings', 'handler_kind': 'onClick', 'ordinal': 1}: {'type': 'LookupError', 'message': 'widget for node not found in mounted tree (recompose moved/removed it)'}
