2026-07-09T22:33:30.658769+00:00  RUN 181_kt_walk_walkid: ./gradlew :app:testDebugUnitTest --max-workers=1 -Dorg.gradle.jvmargs=-Xmx2g --tests com.sara.workoutforlife.walk.WalkRecorderTest --rerun -Dwalk.steps=200 -Dwalk.reset=1
2026-07-09T22:33:54.533871+00:00  DONE 181_kt_walk_walkid: rc=1 (23.9s)
2026-07-09T22:49:22.074635+00:00  RUN 182_kt_walk_walkid_v2: ./gradlew :app:testDebugUnitTest --max-workers=1 -Dorg.gradle.jvmargs=-Xmx2g --tests com.sara.workoutforlife.walk.WalkRecorderTest --rerun -Dwalk.steps=200 -Dwalk.reset=1
2026-07-09T22:50:09.758986+00:00  DONE 182_kt_walk_walkid_v2: rc=0 (47.7s)
2026-07-09T23:09:54.273515+00:00  RUN 183_kt_walk_walkid_v3: ./gradlew :app:testDebugUnitTest --max-workers=1 -Dorg.gradle.jvmargs=-Xmx2g --tests com.sara.workoutforlife.walk.WalkRecorderTest --rerun -Dwalk.steps=200 -Dwalk.reset=1
2026-07-09T23:10:30.152401+00:00  DONE 183_kt_walk_walkid_v3: rc=0 (35.9s)
2026-07-10T00:36:21.896067+00:00  RUN 184_kt_walk_walkid_v4: ./gradlew :app:testDebugUnitTest --max-workers=1 -Dorg.gradle.jvmargs=-Xmx2g --tests com.sara.workoutforlife.walk.WalkRecorderTest --rerun -Dwalk.steps=200 -Dwalk.reset=1
2026-07-10T00:36:51.722126+00:00  DONE 184_kt_walk_walkid_v4: rc=0 (29.9s)
2026-07-10T02:24:39.702934+00:00  REFUSED 185_py_walk_walkid: cmd[0] not on the allowed list: ['bash']
2026-07-10T02:28:31.979534+00:00  RUN 186_py_walk_walkid: xvfb-run -a python3 -u walker.py --steps 200 --reset --out walks/py_walk.json
2026-07-10T03:00:25.796178+00:00  DONE 186_py_walk_walkid: rc=0 (1913.8s)
2026-07-10T03:00:25.869022+00:00  RUN 187_py_walkid_capture: python3 -c import shutil,os; d=os.path.expanduser('~/Programming/PseudoCoup_v0/DevComms/hostruns/results'); shutil.copy('walks/py_walk.json', d+'/186_py_walk.json'); shutil.copy('walks/py_activations.log', d+'/186_py_activations.log'); print('captured')
2026-07-10T03:00:25.948363+00:00  DONE 187_py_walkid_capture: rc=0 (0.1s)
2026-07-10T03:18:57.570461+00:00  RUN 188_walk_diff_walkid: python3 walk_diff.py
2026-07-10T03:18:57.734983+00:00  DONE 188_walk_diff_walkid: rc=0 (0.2s)
2026-07-10T05:32:21.416737+00:00  RUN 189_kt_walk_broadened: ./gradlew :app:testDebugUnitTest --max-workers=1 -Dorg.gradle.jvmargs=-Xmx2g --tests com.sara.workoutforlife.walk.WalkRecorderTest --rerun -Dwalk.steps=200 -Dwalk.reset=1
2026-07-10T05:33:26.102906+00:00  DONE 189_kt_walk_broadened: rc=0 (64.7s)
2026-07-10T05:33:26.110458+00:00  RUN 190_kt_capture: python3 -c import shutil,os; d=os.path.expanduser('~/Programming/PseudoCoup_v0/DevComms/hostruns/results'); shutil.copy(os.path.expanduser('~/Programming/WFL_MixingCenter/WFL/app/build/walks/kt_walk.json'), d+'/189_kt_walk.json'); shutil.copy(os.path.expanduser('~/Programming/WFL_MixingCenter/WFL/app/build/walks/kt_activations.log'), d+'/189_kt_activations.log'); print('captured')
2026-07-10T05:33:26.142732+00:00  DONE 190_kt_capture: rc=0 (0.0s)
2026-07-10T05:33:26.150059+00:00  RUN 191_py_walk_broadened: xvfb-run -a python3 -u walker.py --steps 200 --reset --out walks/py_walk.json
2026-07-10T06:06:18.978323+00:00  DONE 191_py_walk_broadened: rc=0 (1972.8s)
2026-07-10T06:06:19.059852+00:00  RUN 192_py_capture: python3 -c import shutil,os; d=os.path.expanduser('~/Programming/PseudoCoup_v0/DevComms/hostruns/results'); shutil.copy('walks/py_walk.json', d+'/191_py_walk.json'); shutil.copy('walks/py_activations.log', d+'/191_py_activations.log'); print('captured')
2026-07-10T06:06:19.136274+00:00  DONE 192_py_capture: rc=0 (0.1s)
2026-07-10T06:06:19.201186+00:00  RUN 193_walk_diff_broadened: python3 walk_diff.py
2026-07-10T06:06:19.315321+00:00  DONE 193_walk_diff_broadened: rc=0 (0.2s)
2026-07-10T13:42:31.010084+00:00  RUN 194_kt_walk_addmod: ./gradlew :app:testDebugUnitTest --max-workers=1 -Dorg.gradle.jvmargs=-Xmx2g --tests com.sara.workoutforlife.walk.WalkRecorderTest --rerun -Dwalk.steps=200 -Dwalk.reset=1
2026-07-10T13:43:30.894864+00:00  DONE 194_kt_walk_addmod: rc=0 (59.9s)
2026-07-10T13:43:30.934706+00:00  RUN 195_kt_capture_addmod: python3 -c import shutil,os; d=os.path.expanduser('~/Programming/PseudoCoup_v0/DevComms/hostruns/results'); shutil.copy(os.path.expanduser('~/Programming/WFL_MixingCenter/WFL/app/build/walks/kt_walk.json'), d+'/194_kt_walk.json'); shutil.copy(os.path.expanduser('~/Programming/WFL_MixingCenter/WFL/app/build/walks/kt_activations.log'), d+'/194_kt_activations.log'); print('captured')
2026-07-10T13:43:30.950624+00:00  DONE 195_kt_capture_addmod: rc=0 (0.1s)
2026-07-10T13:43:30.959211+00:00  RUN 196_py_walk_addmod: xvfb-run -a python3 -u walker.py --steps 200 --reset --out walks/py_walk.json
2026-07-10T14:14:26.101024+00:00  RUN 196_py_walk_addmod: xvfb-run -a python3 -u walker.py --steps 200 --reset --out walks/py_walk.json
